--- HOST: JOB=48828345  HOST=fc10903
--- CONFIG: /project/6061446/kbas/graphnet/examples/08_pone/configs/inference/160_string_emax1e6__category2_tauCC_others_muonCC.yml
--- OUTPUT_PREPARED: 1
--- LOGFILE: /project/def-nahee/kbas/Graphnet-Applications/Results/340StringMC/160_string_emax1e6/inference/category2_tauCC_others_muonCC/baseline/inference/baseline_infer_340StringMC_160_string_emax1e6_category2_tauCC_others_muonCC_baseline.out
--- INFERENCE_SCRIPT: /project/def-nahee/kbas/graphnet/examples/08_pone/inference_scripts/run_inference.py
INFO:    Using cached SIF image
WARNING: While bind mounting '/project:/project': destination is already in the mount point list
[1;34mgraphnet[0m [MainProcess] [33mWARNING [0m 2026-07-14 14:55:23 - <module> - `icecube` not available. Some functionality may be missing.[0m
[1;34mgraphnet[0m [MainProcess] [33mWARNING [0m 2026-07-14 14:55:26 - <module> - `km3net` not available. Some functionality may be missing.[0m
torchdiffeq not found - no support for continuous flows. Install *torchdiffeq* if support is desired!
Meander not installed... contours can not be calculated.
Healpy not installed... spherical contours can not be calculated.
package *astropy* not found -> if you want to use plotting functionality for adaptive grids, install *astropy*!
package *mhealpy* not found -> if you want to use plotting functionality for adaptive grids, install *mhealpy*!
Cannot use healpy functionality. Install healpy, if you need to do entropy scanning!
[1;34mgraphnet[0m [MainProcess] [33mWARNING [0m 2026-07-14 14:55:36 - <module> - `graphnet.models.graphs` will be depricated soon. All functionality has been moved to `graphnet.models.data_representation`.[0m
[Paths] mixed test inputs:
  Muon: /home/kbas/scratch/String340MC_pone_offline_version3_plus/Parquet/160_string/Muon_Parquet_Emax1e6/merged/test_reindexed
  Electron: /home/kbas/scratch/String340MC_pone_offline_version3_plus/Parquet/160_string/Electron_Parquet_Emax1e6/merged/test_reindexed
  Tau: /home/kbas/scratch/String340MC_pone_offline_version3_plus/Parquet/160_string/Tau_Parquet_Emax1e6/merged/test_reindexed
  NC: /home/kbas/scratch/String340MC_pone_offline_version3_plus/Parquet/160_string/NC_Parquet_Emax1e6/merged/test_reindexed
[Preflight] ready: 4 test paths, 3 route classes, 3 reconstruction targets

========== CONFIG ==========
classification:
  config: /project/def-nahee/kbas/graphnet/examples/08_pone/configs/classification/160_string_emax1e6__category2_tauCC_others_muonCC.yml
  experiment_name: baseline
  positive_label: 2
  threshold: null
data:
  features:
  - pmt_x
  - pmt_y
  - pmt_z
  - dom_time
  - charge
  percentiles_csv: null
  pulsemaps: features
  split: test
  truth_all:
  - event_no
  - RunID
  - SubrunID
  - EventID
  - SubEventID
  - category1_isMuonCC
  - category2_tauCC_others_muonCC
  - category_3_contains_muon
  - position_x
  - position_y
  - position_z
  - pid
  - is_CC
  - totalEnergy
  - zenith
  - azimuth
  - finalStateX
  - finalStateY
  - finalType1
  - finalType2
  - initialType
  - totalColumnDepth
  - impactParameter
  - fully_contained
  - starting_track
  - stopping_track
  - through_going
  - missed_track
  truth_table: truth
experiment_name: baseline
flavors:
- Muon
- Electron
- Tau
- NC
geometry: 160_string_emax1e6
inference:
  batch_size: 256
  multiprocessing_context: spawn
  num_workers: 8
  pin_memory: true
mc: 340StringMC
notebook:
  allow_failure: true
  command: jupyter
  enabled: true
  output_name: inference_report.ipynb
  template: /project/def-nahee/kbas/graphnet/examples/08_pone/inference_scripts/inference_report_template.ipynb
  timeout_seconds: 3600
output:
  dirs:
    inference: inference
  root_dir: /project/def-nahee/kbas/Graphnet-Applications/Results
reconstruction:
  config: /project/def-nahee/kbas/graphnet/examples/08_pone/configs/reconstruction/160_string_emax1e6__category2_tauCC_others_muonCC.yml
  experiment_name: baseline
  targets:
  - energy
  - zenith
  - azimuth
routing:
  category: category2_tauCC_others_muonCC
  classes:
  - 0
  - 1
  - 2
run:
  existing_output: error
slurm:
  account: def-nahee
  cpus_per_task: 8
  exclude: fc10713
  gpus_per_node: nvidia_h100_80gb_hbm3_3g.40gb:1
  mem: 96G
  time: 08:00:00
task:
  mode: routed
  type: inference

============================

[Output] inference dir: /project/def-nahee/kbas/Graphnet-Applications/Results/340StringMC/160_string_emax1e6/inference/category2_tauCC_others_muonCC/baseline/inference
[Paths] mixed test inputs:
  Muon: /home/kbas/scratch/String340MC_pone_offline_version3_plus/Parquet/160_string/Muon_Parquet_Emax1e6/merged/test_reindexed
  Electron: /home/kbas/scratch/String340MC_pone_offline_version3_plus/Parquet/160_string/Electron_Parquet_Emax1e6/merged/test_reindexed
  Tau: /home/kbas/scratch/String340MC_pone_offline_version3_plus/Parquet/160_string/Tau_Parquet_Emax1e6/merged/test_reindexed
  NC: /home/kbas/scratch/String340MC_pone_offline_version3_plus/Parquet/160_string/NC_Parquet_Emax1e6/merged/test_reindexed
[1;34mgraphnet[0m [MainProcess] [32mINFO    [0m 2026-07-14 14:55:37 - PONE.__init__ - Writing log to [1mlogs/graphnet_20260714-145537.log[0m
[Checkpoint] loaded classification: /project/def-nahee/kbas/Graphnet-Applications/Results/340StringMC/160_string_emax1e6/classification/category2_tauCC_others_muonCC/baseline/train_and_val/best_model.pth
[1;34mgraphnet[0m [SpawnProcess-1] [33mWARNING [0m 2026-07-14 14:55:41 - <module> - `icecube` not available. Some functionality may be missing.[0m
[1;34mgraphnet[0m [SpawnProcess-1] [33mWARNING [0m 2026-07-14 14:55:41 - <module> - `km3net` not available. Some functionality may be missing.[0m
torchdiffeq not found - no support for continuous flows. Install *torchdiffeq* if support is desired!
Meander not installed... contours can not be calculated.
Healpy not installed... spherical contours can not be calculated.
package *astropy* not found -> if you want to use plotting functionality for adaptive grids, install *astropy*!
package *mhealpy* not found -> if you want to use plotting functionality for adaptive grids, install *mhealpy*!
Cannot use healpy functionality. Install healpy, if you need to do entropy scanning!
[1;34mgraphnet[0m [SpawnProcess-1] [33mWARNING [0m 2026-07-14 14:55:43 - <module> - `graphnet.models.graphs` will be depricated soon. All functionality has been moved to `graphnet.models.data_representation`.[0m
[1;34mgraphnet[0m [SpawnProcess-2] [33mWARNING [0m 2026-07-14 14:55:45 - <module> - `icecube` not available. Some functionality may be missing.[0m
[1;34mgraphnet[0m [SpawnProcess-2] [33mWARNING [0m 2026-07-14 14:55:45 - <module> - `km3net` not available. Some functionality may be missing.[0m
torchdiffeq not found - no support for continuous flows. Install *torchdiffeq* if support is desired!
Meander not installed... contours can not be calculated.
Healpy not installed... spherical contours can not be calculated.
package *astropy* not found -> if you want to use plotting functionality for adaptive grids, install *astropy*!
package *mhealpy* not found -> if you want to use plotting functionality for adaptive grids, install *mhealpy*!
Cannot use healpy functionality. Install healpy, if you need to do entropy scanning!
[1;34mgraphnet[0m [SpawnProcess-2] [33mWARNING [0m 2026-07-14 14:55:48 - <module> - `graphnet.models.graphs` will be depricated soon. All functionality has been moved to `graphnet.models.data_representation`.[0m
[1;34mgraphnet[0m [SpawnProcess-3] [33mWARNING [0m 2026-07-14 14:55:49 - <module> - `icecube` not available. Some functionality may be missing.[0m
[1;34mgraphnet[0m [SpawnProcess-3] [33mWARNING [0m 2026-07-14 14:55:49 - <module> - `km3net` not available. Some functionality may be missing.[0m
torchdiffeq not found - no support for continuous flows. Install *torchdiffeq* if support is desired!
Meander not installed... contours can not be calculated.
Healpy not installed... spherical contours can not be calculated.
package *astropy* not found -> if you want to use plotting functionality for adaptive grids, install *astropy*!
package *mhealpy* not found -> if you want to use plotting functionality for adaptive grids, install *mhealpy*!
Cannot use healpy functionality. Install healpy, if you need to do entropy scanning!
[1;34mgraphnet[0m [SpawnProcess-3] [33mWARNING [0m 2026-07-14 14:55:52 - <module> - `graphnet.models.graphs` will be depricated soon. All functionality has been moved to `graphnet.models.data_representation`.[0m
[1;34mgraphnet[0m [SpawnProcess-4] [33mWARNING [0m 2026-07-14 14:55:53 - <module> - `icecube` not available. Some functionality may be missing.[0m
[1;34mgraphnet[0m [SpawnProcess-4] [33mWARNING [0m 2026-07-14 14:55:53 - <module> - `km3net` not available. Some functionality may be missing.[0m
torchdiffeq not found - no support for continuous flows. Install *torchdiffeq* if support is desired!
Meander not installed... contours can not be calculated.
Healpy not installed... spherical contours can not be calculated.
package *astropy* not found -> if you want to use plotting functionality for adaptive grids, install *astropy*!
package *mhealpy* not found -> if you want to use plotting functionality for adaptive grids, install *mhealpy*!
Cannot use healpy functionality. Install healpy, if you need to do entropy scanning!
[1;34mgraphnet[0m [SpawnProcess-4] [33mWARNING [0m 2026-07-14 14:55:56 - <module> - `graphnet.models.graphs` will be depricated soon. All functionality has been moved to `graphnet.models.data_representation`.[0m
[1;34mgraphnet[0m [SpawnProcess-5] [33mWARNING [0m 2026-07-14 14:55:57 - <module> - `icecube` not available. Some functionality may be missing.[0m
[1;34mgraphnet[0m [SpawnProcess-5] [33mWARNING [0m 2026-07-14 14:55:57 - <module> - `km3net` not available. Some functionality may be missing.[0m
torchdiffeq not found - no support for continuous flows. Install *torchdiffeq* if support is desired!
Meander not installed... contours can not be calculated.
Healpy not installed... spherical contours can not be calculated.
package *astropy* not found -> if you want to use plotting functionality for adaptive grids, install *astropy*!
package *mhealpy* not found -> if you want to use plotting functionality for adaptive grids, install *mhealpy*!
Cannot use healpy functionality. Install healpy, if you need to do entropy scanning!
[1;34mgraphnet[0m [SpawnProcess-5] [33mWARNING [0m 2026-07-14 14:56:00 - <module> - `graphnet.models.graphs` will be depricated soon. All functionality has been moved to `graphnet.models.data_representation`.[0m
[1;34mgraphnet[0m [SpawnProcess-6] [33mWARNING [0m 2026-07-14 14:56:01 - <module> - `icecube` not available. Some functionality may be missing.[0m
[1;34mgraphnet[0m [SpawnProcess-6] [33mWARNING [0m 2026-07-14 14:56:02 - <module> - `km3net` not available. Some functionality may be missing.[0m
torchdiffeq not found - no support for continuous flows. Install *torchdiffeq* if support is desired!
Meander not installed... contours can not be calculated.
Healpy not installed... spherical contours can not be calculated.
package *astropy* not found -> if you want to use plotting functionality for adaptive grids, install *astropy*!
package *mhealpy* not found -> if you want to use plotting functionality for adaptive grids, install *mhealpy*!
Cannot use healpy functionality. Install healpy, if you need to do entropy scanning!
[1;34mgraphnet[0m [SpawnProcess-6] [33mWARNING [0m 2026-07-14 14:56:04 - <module> - `graphnet.models.graphs` will be depricated soon. All functionality has been moved to `graphnet.models.data_representation`.[0m
[1;34mgraphnet[0m [SpawnProcess-7] [33mWARNING [0m 2026-07-14 14:56:06 - <module> - `icecube` not available. Some functionality may be missing.[0m
[1;34mgraphnet[0m [SpawnProcess-7] [33mWARNING [0m 2026-07-14 14:56:06 - <module> - `km3net` not available. Some functionality may be missing.[0m
torchdiffeq not found - no support for continuous flows. Install *torchdiffeq* if support is desired!
Meander not installed... contours can not be calculated.
Healpy not installed... spherical contours can not be calculated.
package *astropy* not found -> if you want to use plotting functionality for adaptive grids, install *astropy*!
package *mhealpy* not found -> if you want to use plotting functionality for adaptive grids, install *mhealpy*!
Cannot use healpy functionality. Install healpy, if you need to do entropy scanning!
[1;34mgraphnet[0m [SpawnProcess-7] [33mWARNING [0m 2026-07-14 14:56:08 - <module> - `graphnet.models.graphs` will be depricated soon. All functionality has been moved to `graphnet.models.data_representation`.[0m
[1;34mgraphnet[0m [SpawnProcess-8] [33mWARNING [0m 2026-07-14 14:56:10 - <module> - `icecube` not available. Some functionality may be missing.[0m
[1;34mgraphnet[0m [SpawnProcess-8] [33mWARNING [0m 2026-07-14 14:56:10 - <module> - `km3net` not available. Some functionality may be missing.[0m
torchdiffeq not found - no support for continuous flows. Install *torchdiffeq* if support is desired!
Meander not installed... contours can not be calculated.
Healpy not installed... spherical contours can not be calculated.
package *astropy* not found -> if you want to use plotting functionality for adaptive grids, install *astropy*!
package *mhealpy* not found -> if you want to use plotting functionality for adaptive grids, install *mhealpy*!
Cannot use healpy functionality. Install healpy, if you need to do entropy scanning!
[1;34mgraphnet[0m [SpawnProcess-8] [33mWARNING [0m 2026-07-14 14:56:13 - <module> - `graphnet.models.graphs` will be depricated soon. All functionality has been moved to `graphnet.models.data_representation`.[0m
[Classification] rows=53435
[Reconstruction] class0: routed events=605
[Checkpoint] loaded reconstruction class0 energy: /project/def-nahee/kbas/Graphnet-Applications/Results/340StringMC/160_string_emax1e6/reconstruction/category2_tauCC_others_muonCC/class0/baseline/train_and_val/energy/best_model.pth
[1;34mgraphnet[0m [SpawnProcess-9] [33mWARNING [0m 2026-07-14 14:57:34 - <module> - `icecube` not available. Some functionality may be missing.[0m
[1;34mgraphnet[0m [SpawnProcess-9] [33mWARNING [0m 2026-07-14 14:57:34 - <module> - `km3net` not available. Some functionality may be missing.[0m
torchdiffeq not found - no support for continuous flows. Install *torchdiffeq* if support is desired!
Meander not installed... contours can not be calculated.
Healpy not installed... spherical contours can not be calculated.
package *astropy* not found -> if you want to use plotting functionality for adaptive grids, install *astropy*!
package *mhealpy* not found -> if you want to use plotting functionality for adaptive grids, install *mhealpy*!
Cannot use healpy functionality. Install healpy, if you need to do entropy scanning!
[1;34mgraphnet[0m [SpawnProcess-9] [33mWARNING [0m 2026-07-14 14:57:36 - <module> - `graphnet.models.graphs` will be depricated soon. All functionality has been moved to `graphnet.models.data_representation`.[0m
[1;34mgraphnet[0m [SpawnProcess-10] [33mWARNING [0m 2026-07-14 14:57:38 - <module> - `icecube` not available. Some functionality may be missing.[0m
[1;34mgraphnet[0m [SpawnProcess-10] [33mWARNING [0m 2026-07-14 14:57:38 - <module> - `km3net` not available. Some functionality may be missing.[0m
torchdiffeq not found - no support for continuous flows. Install *torchdiffeq* if support is desired!
Meander not installed... contours can not be calculated.
Healpy not installed... spherical contours can not be calculated.
package *astropy* not found -> if you want to use plotting functionality for adaptive grids, install *astropy*!
package *mhealpy* not found -> if you want to use plotting functionality for adaptive grids, install *mhealpy*!
Cannot use healpy functionality. Install healpy, if you need to do entropy scanning!
[1;34mgraphnet[0m [SpawnProcess-10] [33mWARNING [0m 2026-07-14 14:57:40 - <module> - `graphnet.models.graphs` will be depricated soon. All functionality has been moved to `graphnet.models.data_representation`.[0m
[1;34mgraphnet[0m [SpawnProcess-11] [33mWARNING [0m 2026-07-14 14:57:42 - <module> - `icecube` not available. Some functionality may be missing.[0m
[1;34mgraphnet[0m [SpawnProcess-11] [33mWARNING [0m 2026-07-14 14:57:42 - <module> - `km3net` not available. Some functionality may be missing.[0m
torchdiffeq not found - no support for continuous flows. Install *torchdiffeq* if support is desired!
Meander not installed... contours can not be calculated.
Healpy not installed... spherical contours can not be calculated.
package *astropy* not found -> if you want to use plotting functionality for adaptive grids, install *astropy*!
package *mhealpy* not found -> if you want to use plotting functionality for adaptive grids, install *mhealpy*!
Cannot use healpy functionality. Install healpy, if you need to do entropy scanning!
[1;34mgraphnet[0m [SpawnProcess-11] [33mWARNING [0m 2026-07-14 14:57:44 - <module> - `graphnet.models.graphs` will be depricated soon. All functionality has been moved to `graphnet.models.data_representation`.[0m
[1;34mgraphnet[0m [SpawnProcess-12] [33mWARNING [0m 2026-07-14 14:57:46 - <module> - `icecube` not available. Some functionality may be missing.[0m
[1;34mgraphnet[0m [SpawnProcess-12] [33mWARNING [0m 2026-07-14 14:57:46 - <module> - `km3net` not available. Some functionality may be missing.[0m
torchdiffeq not found - no support for continuous flows. Install *torchdiffeq* if support is desired!
Meander not installed... contours can not be calculated.
Healpy not installed... spherical contours can not be calculated.
package *astropy* not found -> if you want to use plotting functionality for adaptive grids, install *astropy*!
package *mhealpy* not found -> if you want to use plotting functionality for adaptive grids, install *mhealpy*!
Cannot use healpy functionality. Install healpy, if you need to do entropy scanning!
[1;34mgraphnet[0m [SpawnProcess-12] [33mWARNING [0m 2026-07-14 14:57:48 - <module> - `graphnet.models.graphs` will be depricated soon. All functionality has been moved to `graphnet.models.data_representation`.[0m
[1;34mgraphnet[0m [SpawnProcess-13] [33mWARNING [0m 2026-07-14 14:57:50 - <module> - `icecube` not available. Some functionality may be missing.[0m
[1;34mgraphnet[0m [SpawnProcess-13] [33mWARNING [0m 2026-07-14 14:57:50 - <module> - `km3net` not available. Some functionality may be missing.[0m
torchdiffeq not found - no support for continuous flows. Install *torchdiffeq* if support is desired!
Meander not installed... contours can not be calculated.
Healpy not installed... spherical contours can not be calculated.
package *astropy* not found -> if you want to use plotting functionality for adaptive grids, install *astropy*!
package *mhealpy* not found -> if you want to use plotting functionality for adaptive grids, install *mhealpy*!
Cannot use healpy functionality. Install healpy, if you need to do entropy scanning!
[1;34mgraphnet[0m [SpawnProcess-13] [33mWARNING [0m 2026-07-14 14:57:52 - <module> - `graphnet.models.graphs` will be depricated soon. All functionality has been moved to `graphnet.models.data_representation`.[0m
[1;34mgraphnet[0m [SpawnProcess-14] [33mWARNING [0m 2026-07-14 14:57:54 - <module> - `icecube` not available. Some functionality may be missing.[0m
[1;34mgraphnet[0m [SpawnProcess-14] [33mWARNING [0m 2026-07-14 14:57:54 - <module> - `km3net` not available. Some functionality may be missing.[0m
torchdiffeq not found - no support for continuous flows. Install *torchdiffeq* if support is desired!
Meander not installed... contours can not be calculated.
Healpy not installed... spherical contours can not be calculated.
package *astropy* not found -> if you want to use plotting functionality for adaptive grids, install *astropy*!
package *mhealpy* not found -> if you want to use plotting functionality for adaptive grids, install *mhealpy*!
Cannot use healpy functionality. Install healpy, if you need to do entropy scanning!
[1;34mgraphnet[0m [SpawnProcess-14] [33mWARNING [0m 2026-07-14 14:57:56 - <module> - `graphnet.models.graphs` will be depricated soon. All functionality has been moved to `graphnet.models.data_representation`.[0m
[1;34mgraphnet[0m [SpawnProcess-15] [33mWARNING [0m 2026-07-14 14:57:58 - <module> - `icecube` not available. Some functionality may be missing.[0m
[1;34mgraphnet[0m [SpawnProcess-15] [33mWARNING [0m 2026-07-14 14:57:58 - <module> - `km3net` not available. Some functionality may be missing.[0m
torchdiffeq not found - no support for continuous flows. Install *torchdiffeq* if support is desired!
Meander not installed... contours can not be calculated.
Healpy not installed... spherical contours can not be calculated.
package *astropy* not found -> if you want to use plotting functionality for adaptive grids, install *astropy*!
package *mhealpy* not found -> if you want to use plotting functionality for adaptive grids, install *mhealpy*!
Cannot use healpy functionality. Install healpy, if you need to do entropy scanning!
[1;34mgraphnet[0m [SpawnProcess-15] [33mWARNING [0m 2026-07-14 14:58:01 - <module> - `graphnet.models.graphs` will be depricated soon. All functionality has been moved to `graphnet.models.data_representation`.[0m
[1;34mgraphnet[0m [SpawnProcess-16] [33mWARNING [0m 2026-07-14 14:58:02 - <module> - `icecube` not available. Some functionality may be missing.[0m
[1;34mgraphnet[0m [SpawnProcess-16] [33mWARNING [0m 2026-07-14 14:58:03 - <module> - `km3net` not available. Some functionality may be missing.[0m
torchdiffeq not found - no support for continuous flows. Install *torchdiffeq* if support is desired!
Meander not installed... contours can not be calculated.
Healpy not installed... spherical contours can not be calculated.
package *astropy* not found -> if you want to use plotting functionality for adaptive grids, install *astropy*!
package *mhealpy* not found -> if you want to use plotting functionality for adaptive grids, install *mhealpy*!
Cannot use healpy functionality. Install healpy, if you need to do entropy scanning!
[1;34mgraphnet[0m [SpawnProcess-16] [33mWARNING [0m 2026-07-14 14:58:05 - <module> - `graphnet.models.graphs` will be depricated soon. All functionality has been moved to `graphnet.models.data_representation`.[0m
[Reconstruction] class0 energy: rows=605
[Checkpoint] loaded reconstruction class0 zenith: /project/def-nahee/kbas/Graphnet-Applications/Results/340StringMC/160_string_emax1e6/reconstruction/category2_tauCC_others_muonCC/class0/baseline/train_and_val/zenith/best_model.pth
[Reconstruction] class0 zenith: rows=605
[Checkpoint] loaded reconstruction class0 azimuth: /project/def-nahee/kbas/Graphnet-Applications/Results/340StringMC/160_string_emax1e6/reconstruction/category2_tauCC_others_muonCC/class0/baseline/train_and_val/azimuth/best_model.pth
[Reconstruction] class0 azimuth: rows=605
[Reconstruction] class1: routed events=29247
[Checkpoint] loaded reconstruction class1 energy: /project/def-nahee/kbas/Graphnet-Applications/Results/340StringMC/160_string_emax1e6/reconstruction/category2_tauCC_others_muonCC/class1/baseline/train_and_val/energy/best_model.pth
[1;34mgraphnet[0m [SpawnProcess-17] [33mWARNING [0m 2026-07-14 15:00:33 - <module> - `icecube` not available. Some functionality may be missing.[0m
[1;34mgraphnet[0m [SpawnProcess-17] [33mWARNING [0m 2026-07-14 15:00:33 - <module> - `km3net` not available. Some functionality may be missing.[0m
torchdiffeq not found - no support for continuous flows. Install *torchdiffeq* if support is desired!
Meander not installed... contours can not be calculated.
Healpy not installed... spherical contours can not be calculated.
package *astropy* not found -> if you want to use plotting functionality for adaptive grids, install *astropy*!
package *mhealpy* not found -> if you want to use plotting functionality for adaptive grids, install *mhealpy*!
Cannot use healpy functionality. Install healpy, if you need to do entropy scanning!
[1;34mgraphnet[0m [SpawnProcess-17] [33mWARNING [0m 2026-07-14 15:00:36 - <module> - `graphnet.models.graphs` will be depricated soon. All functionality has been moved to `graphnet.models.data_representation`.[0m
[1;34mgraphnet[0m [SpawnProcess-18] [33mWARNING [0m 2026-07-14 15:00:37 - <module> - `icecube` not available. Some functionality may be missing.[0m
[1;34mgraphnet[0m [SpawnProcess-18] [33mWARNING [0m 2026-07-14 15:00:38 - <module> - `km3net` not available. Some functionality may be missing.[0m
torchdiffeq not found - no support for continuous flows. Install *torchdiffeq* if support is desired!
Meander not installed... contours can not be calculated.
Healpy not installed... spherical contours can not be calculated.
package *astropy* not found -> if you want to use plotting functionality for adaptive grids, install *astropy*!
package *mhealpy* not found -> if you want to use plotting functionality for adaptive grids, install *mhealpy*!
Cannot use healpy functionality. Install healpy, if you need to do entropy scanning!
[1;34mgraphnet[0m [SpawnProcess-18] [33mWARNING [0m 2026-07-14 15:00:40 - <module> - `graphnet.models.graphs` will be depricated soon. All functionality has been moved to `graphnet.models.data_representation`.[0m
[1;34mgraphnet[0m [SpawnProcess-19] [33mWARNING [0m 2026-07-14 15:00:41 - <module> - `icecube` not available. Some functionality may be missing.[0m
[1;34mgraphnet[0m [SpawnProcess-19] [33mWARNING [0m 2026-07-14 15:00:42 - <module> - `km3net` not available. Some functionality may be missing.[0m
torchdiffeq not found - no support for continuous flows. Install *torchdiffeq* if support is desired!
Meander not installed... contours can not be calculated.
Healpy not installed... spherical contours can not be calculated.
package *astropy* not found -> if you want to use plotting functionality for adaptive grids, install *astropy*!
package *mhealpy* not found -> if you want to use plotting functionality for adaptive grids, install *mhealpy*!
Cannot use healpy functionality. Install healpy, if you need to do entropy scanning!
[1;34mgraphnet[0m [SpawnProcess-19] [33mWARNING [0m 2026-07-14 15:00:44 - <module> - `graphnet.models.graphs` will be depricated soon. All functionality has been moved to `graphnet.models.data_representation`.[0m
[1;34mgraphnet[0m [SpawnProcess-20] [33mWARNING [0m 2026-07-14 15:00:46 - <module> - `icecube` not available. Some functionality may be missing.[0m
[1;34mgraphnet[0m [SpawnProcess-20] [33mWARNING [0m 2026-07-14 15:00:46 - <module> - `km3net` not available. Some functionality may be missing.[0m
torchdiffeq not found - no support for continuous flows. Install *torchdiffeq* if support is desired!
Meander not installed... contours can not be calculated.
Healpy not installed... spherical contours can not be calculated.
package *astropy* not found -> if you want to use plotting functionality for adaptive grids, install *astropy*!
package *mhealpy* not found -> if you want to use plotting functionality for adaptive grids, install *mhealpy*!
Cannot use healpy functionality. Install healpy, if you need to do entropy scanning!
[1;34mgraphnet[0m [SpawnProcess-20] [33mWARNING [0m 2026-07-14 15:00:48 - <module> - `graphnet.models.graphs` will be depricated soon. All functionality has been moved to `graphnet.models.data_representation`.[0m
[1;34mgraphnet[0m [SpawnProcess-21] [33mWARNING [0m 2026-07-14 15:00:50 - <module> - `icecube` not available. Some functionality may be missing.[0m
[1;34mgraphnet[0m [SpawnProcess-21] [33mWARNING [0m 2026-07-14 15:00:50 - <module> - `km3net` not available. Some functionality may be missing.[0m
torchdiffeq not found - no support for continuous flows. Install *torchdiffeq* if support is desired!
Meander not installed... contours can not be calculated.
Healpy not installed... spherical contours can not be calculated.
package *astropy* not found -> if you want to use plotting functionality for adaptive grids, install *astropy*!
package *mhealpy* not found -> if you want to use plotting functionality for adaptive grids, install *mhealpy*!
Cannot use healpy functionality. Install healpy, if you need to do entropy scanning!
[1;34mgraphnet[0m [SpawnProcess-21] [33mWARNING [0m 2026-07-14 15:00:52 - <module> - `graphnet.models.graphs` will be depricated soon. All functionality has been moved to `graphnet.models.data_representation`.[0m
[1;34mgraphnet[0m [SpawnProcess-22] [33mWARNING [0m 2026-07-14 15:00:54 - <module> - `icecube` not available. Some functionality may be missing.[0m
[1;34mgraphnet[0m [SpawnProcess-22] [33mWARNING [0m 2026-07-14 15:00:54 - <module> - `km3net` not available. Some functionality may be missing.[0m
torchdiffeq not found - no support for continuous flows. Install *torchdiffeq* if support is desired!
Meander not installed... contours can not be calculated.
Healpy not installed... spherical contours can not be calculated.
package *astropy* not found -> if you want to use plotting functionality for adaptive grids, install *astropy*!
package *mhealpy* not found -> if you want to use plotting functionality for adaptive grids, install *mhealpy*!
Cannot use healpy functionality. Install healpy, if you need to do entropy scanning!
[1;34mgraphnet[0m [SpawnProcess-22] [33mWARNING [0m 2026-07-14 15:00:56 - <module> - `graphnet.models.graphs` will be depricated soon. All functionality has been moved to `graphnet.models.data_representation`.[0m
[1;34mgraphnet[0m [SpawnProcess-23] [33mWARNING [0m 2026-07-14 15:00:58 - <module> - `icecube` not available. Some functionality may be missing.[0m
[1;34mgraphnet[0m [SpawnProcess-23] [33mWARNING [0m 2026-07-14 15:00:58 - <module> - `km3net` not available. Some functionality may be missing.[0m
torchdiffeq not found - no support for continuous flows. Install *torchdiffeq* if support is desired!
Meander not installed... contours can not be calculated.
Healpy not installed... spherical contours can not be calculated.
package *astropy* not found -> if you want to use plotting functionality for adaptive grids, install *astropy*!
package *mhealpy* not found -> if you want to use plotting functionality for adaptive grids, install *mhealpy*!
Cannot use healpy functionality. Install healpy, if you need to do entropy scanning!
[1;34mgraphnet[0m [SpawnProcess-23] [33mWARNING [0m 2026-07-14 15:01:01 - <module> - `graphnet.models.graphs` will be depricated soon. All functionality has been moved to `graphnet.models.data_representation`.[0m
[1;34mgraphnet[0m [SpawnProcess-24] [33mWARNING [0m 2026-07-14 15:01:02 - <module> - `icecube` not available. Some functionality may be missing.[0m
[1;34mgraphnet[0m [SpawnProcess-24] [33mWARNING [0m 2026-07-14 15:01:02 - <module> - `km3net` not available. Some functionality may be missing.[0m
torchdiffeq not found - no support for continuous flows. Install *torchdiffeq* if support is desired!
Meander not installed... contours can not be calculated.
Healpy not installed... spherical contours can not be calculated.
package *astropy* not found -> if you want to use plotting functionality for adaptive grids, install *astropy*!
package *mhealpy* not found -> if you want to use plotting functionality for adaptive grids, install *mhealpy*!
Cannot use healpy functionality. Install healpy, if you need to do entropy scanning!
[1;34mgraphnet[0m [SpawnProcess-24] [33mWARNING [0m 2026-07-14 15:01:05 - <module> - `graphnet.models.graphs` will be depricated soon. All functionality has been moved to `graphnet.models.data_representation`.[0m
/project/def-nahee/kbas/graphnet/examples/08_pone/inference_scripts/run_inference.py:359: RuntimeWarning: overflow encountered in power
  "pred_energy": np.power(10.0, pred_log10),
/project/def-nahee/kbas/graphnet/examples/08_pone/inference_scripts/run_inference.py:359: RuntimeWarning: overflow encountered in power
  "pred_energy": np.power(10.0, pred_log10),
/project/def-nahee/kbas/graphnet/examples/08_pone/inference_scripts/run_inference.py:359: RuntimeWarning: overflow encountered in power
  "pred_energy": np.power(10.0, pred_log10),
/project/def-nahee/kbas/graphnet/examples/08_pone/inference_scripts/run_inference.py:359: RuntimeWarning: overflow encountered in power
  "pred_energy": np.power(10.0, pred_log10),
/project/def-nahee/kbas/graphnet/examples/08_pone/inference_scripts/run_inference.py:359: RuntimeWarning: overflow encountered in power
  "pred_energy": np.power(10.0, pred_log10),
/project/def-nahee/kbas/graphnet/examples/08_pone/inference_scripts/run_inference.py:359: RuntimeWarning: overflow encountered in power
  "pred_energy": np.power(10.0, pred_log10),
/project/def-nahee/kbas/graphnet/examples/08_pone/inference_scripts/run_inference.py:359: RuntimeWarning: overflow encountered in power
  "pred_energy": np.power(10.0, pred_log10),
/project/def-nahee/kbas/graphnet/examples/08_pone/inference_scripts/run_inference.py:359: RuntimeWarning: overflow encountered in power
  "pred_energy": np.power(10.0, pred_log10),
/project/def-nahee/kbas/graphnet/examples/08_pone/inference_scripts/run_inference.py:359: RuntimeWarning: overflow encountered in power
  "pred_energy": np.power(10.0, pred_log10),
/project/def-nahee/kbas/graphnet/examples/08_pone/inference_scripts/run_inference.py:359: RuntimeWarning: overflow encountered in power
  "pred_energy": np.power(10.0, pred_log10),
/project/def-nahee/kbas/graphnet/examples/08_pone/inference_scripts/run_inference.py:359: RuntimeWarning: overflow encountered in power
  "pred_energy": np.power(10.0, pred_log10),
/project/def-nahee/kbas/graphnet/examples/08_pone/inference_scripts/run_inference.py:359: RuntimeWarning: overflow encountered in power
  "pred_energy": np.power(10.0, pred_log10),
/project/def-nahee/kbas/graphnet/examples/08_pone/inference_scripts/run_inference.py:359: RuntimeWarning: overflow encountered in power
  "pred_energy": np.power(10.0, pred_log10),
/project/def-nahee/kbas/graphnet/examples/08_pone/inference_scripts/run_inference.py:359: RuntimeWarning: overflow encountered in power
  "pred_energy": np.power(10.0, pred_log10),
/project/def-nahee/kbas/graphnet/examples/08_pone/inference_scripts/run_inference.py:359: RuntimeWarning: overflow encountered in power
  "pred_energy": np.power(10.0, pred_log10),
/project/def-nahee/kbas/graphnet/examples/08_pone/inference_scripts/run_inference.py:359: RuntimeWarning: overflow encountered in power
  "pred_energy": np.power(10.0, pred_log10),
/project/def-nahee/kbas/graphnet/examples/08_pone/inference_scripts/run_inference.py:359: RuntimeWarning: overflow encountered in power
  "pred_energy": np.power(10.0, pred_log10),
/project/def-nahee/kbas/graphnet/examples/08_pone/inference_scripts/run_inference.py:359: RuntimeWarning: overflow encountered in power
  "pred_energy": np.power(10.0, pred_log10),
/project/def-nahee/kbas/graphnet/examples/08_pone/inference_scripts/run_inference.py:359: RuntimeWarning: overflow encountered in power
  "pred_energy": np.power(10.0, pred_log10),
/project/def-nahee/kbas/graphnet/examples/08_pone/inference_scripts/run_inference.py:359: RuntimeWarning: overflow encountered in power
  "pred_energy": np.power(10.0, pred_log10),
/project/def-nahee/kbas/graphnet/examples/08_pone/inference_scripts/run_inference.py:359: RuntimeWarning: overflow encountered in power
  "pred_energy": np.power(10.0, pred_log10),
/project/def-nahee/kbas/graphnet/examples/08_pone/inference_scripts/run_inference.py:359: RuntimeWarning: overflow encountered in power
  "pred_energy": np.power(10.0, pred_log10),
/project/def-nahee/kbas/graphnet/examples/08_pone/inference_scripts/run_inference.py:359: RuntimeWarning: overflow encountered in power
  "pred_energy": np.power(10.0, pred_log10),
/project/def-nahee/kbas/graphnet/examples/08_pone/inference_scripts/run_inference.py:359: RuntimeWarning: overflow encountered in power
  "pred_energy": np.power(10.0, pred_log10),
/project/def-nahee/kbas/graphnet/examples/08_pone/inference_scripts/run_inference.py:359: RuntimeWarning: overflow encountered in power
  "pred_energy": np.power(10.0, pred_log10),
/project/def-nahee/kbas/graphnet/examples/08_pone/inference_scripts/run_inference.py:359: RuntimeWarning: overflow encountered in power
  "pred_energy": np.power(10.0, pred_log10),
/project/def-nahee/kbas/graphnet/examples/08_pone/inference_scripts/run_inference.py:359: RuntimeWarning: overflow encountered in power
  "pred_energy": np.power(10.0, pred_log10),
/project/def-nahee/kbas/graphnet/examples/08_pone/inference_scripts/run_inference.py:359: RuntimeWarning: overflow encountered in power
  "pred_energy": np.power(10.0, pred_log10),
/project/def-nahee/kbas/graphnet/examples/08_pone/inference_scripts/run_inference.py:359: RuntimeWarning: overflow encountered in power
  "pred_energy": np.power(10.0, pred_log10),
/project/def-nahee/kbas/graphnet/examples/08_pone/inference_scripts/run_inference.py:359: RuntimeWarning: overflow encountered in power
  "pred_energy": np.power(10.0, pred_log10),
/project/def-nahee/kbas/graphnet/examples/08_pone/inference_scripts/run_inference.py:359: RuntimeWarning: overflow encountered in power
  "pred_energy": np.power(10.0, pred_log10),
/project/def-nahee/kbas/graphnet/examples/08_pone/inference_scripts/run_inference.py:359: RuntimeWarning: overflow encountered in power
  "pred_energy": np.power(10.0, pred_log10),
/project/def-nahee/kbas/graphnet/examples/08_pone/inference_scripts/run_inference.py:359: RuntimeWarning: overflow encountered in power
  "pred_energy": np.power(10.0, pred_log10),
/project/def-nahee/kbas/graphnet/examples/08_pone/inference_scripts/run_inference.py:359: RuntimeWarning: overflow encountered in power
  "pred_energy": np.power(10.0, pred_log10),
/project/def-nahee/kbas/graphnet/examples/08_pone/inference_scripts/run_inference.py:359: RuntimeWarning: overflow encountered in power
  "pred_energy": np.power(10.0, pred_log10),
/project/def-nahee/kbas/graphnet/examples/08_pone/inference_scripts/run_inference.py:359: RuntimeWarning: overflow encountered in power
  "pred_energy": np.power(10.0, pred_log10),
/project/def-nahee/kbas/graphnet/examples/08_pone/inference_scripts/run_inference.py:359: RuntimeWarning: overflow encountered in power
  "pred_energy": np.power(10.0, pred_log10),
/project/def-nahee/kbas/graphnet/examples/08_pone/inference_scripts/run_inference.py:359: RuntimeWarning: overflow encountered in power
  "pred_energy": np.power(10.0, pred_log10),
/project/def-nahee/kbas/graphnet/examples/08_pone/inference_scripts/run_inference.py:359: RuntimeWarning: overflow encountered in power
  "pred_energy": np.power(10.0, pred_log10),
/project/def-nahee/kbas/graphnet/examples/08_pone/inference_scripts/run_inference.py:359: RuntimeWarning: overflow encountered in power
  "pred_energy": np.power(10.0, pred_log10),
/project/def-nahee/kbas/graphnet/examples/08_pone/inference_scripts/run_inference.py:359: RuntimeWarning: overflow encountered in power
  "pred_energy": np.power(10.0, pred_log10),
/project/def-nahee/kbas/graphnet/examples/08_pone/inference_scripts/run_inference.py:359: RuntimeWarning: overflow encountered in power
  "pred_energy": np.power(10.0, pred_log10),
/project/def-nahee/kbas/graphnet/examples/08_pone/inference_scripts/run_inference.py:359: RuntimeWarning: overflow encountered in power
  "pred_energy": np.power(10.0, pred_log10),
/project/def-nahee/kbas/graphnet/examples/08_pone/inference_scripts/run_inference.py:359: RuntimeWarning: overflow encountered in power
  "pred_energy": np.power(10.0, pred_log10),
/project/def-nahee/kbas/graphnet/examples/08_pone/inference_scripts/run_inference.py:359: RuntimeWarning: overflow encountered in power
  "pred_energy": np.power(10.0, pred_log10),
/project/def-nahee/kbas/graphnet/examples/08_pone/inference_scripts/run_inference.py:359: RuntimeWarning: overflow encountered in power
  "pred_energy": np.power(10.0, pred_log10),
/project/def-nahee/kbas/graphnet/examples/08_pone/inference_scripts/run_inference.py:359: RuntimeWarning: overflow encountered in power
  "pred_energy": np.power(10.0, pred_log10),
/project/def-nahee/kbas/graphnet/examples/08_pone/inference_scripts/run_inference.py:359: RuntimeWarning: overflow encountered in power
  "pred_energy": np.power(10.0, pred_log10),
/project/def-nahee/kbas/graphnet/examples/08_pone/inference_scripts/run_inference.py:359: RuntimeWarning: overflow encountered in power
  "pred_energy": np.power(10.0, pred_log10),
/project/def-nahee/kbas/graphnet/examples/08_pone/inference_scripts/run_inference.py:359: RuntimeWarning: overflow encountered in power
  "pred_energy": np.power(10.0, pred_log10),
/project/def-nahee/kbas/graphnet/examples/08_pone/inference_scripts/run_inference.py:359: RuntimeWarning: overflow encountered in power
  "pred_energy": np.power(10.0, pred_log10),
/project/def-nahee/kbas/graphnet/examples/08_pone/inference_scripts/run_inference.py:359: RuntimeWarning: overflow encountered in power
  "pred_energy": np.power(10.0, pred_log10),
/project/def-nahee/kbas/graphnet/examples/08_pone/inference_scripts/run_inference.py:359: RuntimeWarning: overflow encountered in power
  "pred_energy": np.power(10.0, pred_log10),
/project/def-nahee/kbas/graphnet/examples/08_pone/inference_scripts/run_inference.py:359: RuntimeWarning: overflow encountered in power
  "pred_energy": np.power(10.0, pred_log10),
/project/def-nahee/kbas/graphnet/examples/08_pone/inference_scripts/run_inference.py:359: RuntimeWarning: overflow encountered in power
  "pred_energy": np.power(10.0, pred_log10),
/project/def-nahee/kbas/graphnet/examples/08_pone/inference_scripts/run_inference.py:359: RuntimeWarning: overflow encountered in power
  "pred_energy": np.power(10.0, pred_log10),
/project/def-nahee/kbas/graphnet/examples/08_pone/inference_scripts/run_inference.py:359: RuntimeWarning: overflow encountered in power
  "pred_energy": np.power(10.0, pred_log10),
/project/def-nahee/kbas/graphnet/examples/08_pone/inference_scripts/run_inference.py:359: RuntimeWarning: overflow encountered in power
  "pred_energy": np.power(10.0, pred_log10),
/project/def-nahee/kbas/graphnet/examples/08_pone/inference_scripts/run_inference.py:359: RuntimeWarning: overflow encountered in power
  "pred_energy": np.power(10.0, pred_log10),
/project/def-nahee/kbas/graphnet/examples/08_pone/inference_scripts/run_inference.py:359: RuntimeWarning: overflow encountered in power
  "pred_energy": np.power(10.0, pred_log10),
/project/def-nahee/kbas/graphnet/examples/08_pone/inference_scripts/run_inference.py:359: RuntimeWarning: overflow encountered in power
  "pred_energy": np.power(10.0, pred_log10),
/project/def-nahee/kbas/graphnet/examples/08_pone/inference_scripts/run_inference.py:359: RuntimeWarning: overflow encountered in power
  "pred_energy": np.power(10.0, pred_log10),
/project/def-nahee/kbas/graphnet/examples/08_pone/inference_scripts/run_inference.py:359: RuntimeWarning: overflow encountered in power
  "pred_energy": np.power(10.0, pred_log10),
/project/def-nahee/kbas/graphnet/examples/08_pone/inference_scripts/run_inference.py:359: RuntimeWarning: overflow encountered in power
  "pred_energy": np.power(10.0, pred_log10),
/project/def-nahee/kbas/graphnet/examples/08_pone/inference_scripts/run_inference.py:359: RuntimeWarning: overflow encountered in power
  "pred_energy": np.power(10.0, pred_log10),
/project/def-nahee/kbas/graphnet/examples/08_pone/inference_scripts/run_inference.py:359: RuntimeWarning: overflow encountered in power
  "pred_energy": np.power(10.0, pred_log10),
/project/def-nahee/kbas/graphnet/examples/08_pone/inference_scripts/run_inference.py:359: RuntimeWarning: overflow encountered in power
  "pred_energy": np.power(10.0, pred_log10),
/project/def-nahee/kbas/graphnet/examples/08_pone/inference_scripts/run_inference.py:359: RuntimeWarning: overflow encountered in power
  "pred_energy": np.power(10.0, pred_log10),
/project/def-nahee/kbas/graphnet/examples/08_pone/inference_scripts/run_inference.py:359: RuntimeWarning: overflow encountered in power
  "pred_energy": np.power(10.0, pred_log10),
/project/def-nahee/kbas/graphnet/examples/08_pone/inference_scripts/run_inference.py:359: RuntimeWarning: overflow encountered in power
  "pred_energy": np.power(10.0, pred_log10),
/project/def-nahee/kbas/graphnet/examples/08_pone/inference_scripts/run_inference.py:359: RuntimeWarning: overflow encountered in power
  "pred_energy": np.power(10.0, pred_log10),
/project/def-nahee/kbas/graphnet/examples/08_pone/inference_scripts/run_inference.py:359: RuntimeWarning: overflow encountered in power
  "pred_energy": np.power(10.0, pred_log10),
/project/def-nahee/kbas/graphnet/examples/08_pone/inference_scripts/run_inference.py:359: RuntimeWarning: overflow encountered in power
  "pred_energy": np.power(10.0, pred_log10),
/project/def-nahee/kbas/graphnet/examples/08_pone/inference_scripts/run_inference.py:359: RuntimeWarning: overflow encountered in power
  "pred_energy": np.power(10.0, pred_log10),
/project/def-nahee/kbas/graphnet/examples/08_pone/inference_scripts/run_inference.py:359: RuntimeWarning: overflow encountered in power
  "pred_energy": np.power(10.0, pred_log10),
/project/def-nahee/kbas/graphnet/examples/08_pone/inference_scripts/run_inference.py:359: RuntimeWarning: overflow encountered in power
  "pred_energy": np.power(10.0, pred_log10),
/project/def-nahee/kbas/graphnet/examples/08_pone/inference_scripts/run_inference.py:359: RuntimeWarning: overflow encountered in power
  "pred_energy": np.power(10.0, pred_log10),
/project/def-nahee/kbas/graphnet/examples/08_pone/inference_scripts/run_inference.py:359: RuntimeWarning: overflow encountered in power
  "pred_energy": np.power(10.0, pred_log10),
/project/def-nahee/kbas/graphnet/examples/08_pone/inference_scripts/run_inference.py:359: RuntimeWarning: overflow encountered in power
  "pred_energy": np.power(10.0, pred_log10),
/project/def-nahee/kbas/graphnet/examples/08_pone/inference_scripts/run_inference.py:359: RuntimeWarning: overflow encountered in power
  "pred_energy": np.power(10.0, pred_log10),
/project/def-nahee/kbas/graphnet/examples/08_pone/inference_scripts/run_inference.py:359: RuntimeWarning: overflow encountered in power
  "pred_energy": np.power(10.0, pred_log10),
/project/def-nahee/kbas/graphnet/examples/08_pone/inference_scripts/run_inference.py:359: RuntimeWarning: overflow encountered in power
  "pred_energy": np.power(10.0, pred_log10),
/project/def-nahee/kbas/graphnet/examples/08_pone/inference_scripts/run_inference.py:359: RuntimeWarning: overflow encountered in power
  "pred_energy": np.power(10.0, pred_log10),
/project/def-nahee/kbas/graphnet/examples/08_pone/inference_scripts/run_inference.py:359: RuntimeWarning: overflow encountered in power
  "pred_energy": np.power(10.0, pred_log10),
/project/def-nahee/kbas/graphnet/examples/08_pone/inference_scripts/run_inference.py:359: RuntimeWarning: overflow encountered in power
  "pred_energy": np.power(10.0, pred_log10),
/project/def-nahee/kbas/graphnet/examples/08_pone/inference_scripts/run_inference.py:359: RuntimeWarning: overflow encountered in power
  "pred_energy": np.power(10.0, pred_log10),
/project/def-nahee/kbas/graphnet/examples/08_pone/inference_scripts/run_inference.py:359: RuntimeWarning: overflow encountered in power
  "pred_energy": np.power(10.0, pred_log10),
/project/def-nahee/kbas/graphnet/examples/08_pone/inference_scripts/run_inference.py:359: RuntimeWarning: overflow encountered in power
  "pred_energy": np.power(10.0, pred_log10),
/project/def-nahee/kbas/graphnet/examples/08_pone/inference_scripts/run_inference.py:359: RuntimeWarning: overflow encountered in power
  "pred_energy": np.power(10.0, pred_log10),
/project/def-nahee/kbas/graphnet/examples/08_pone/inference_scripts/run_inference.py:359: RuntimeWarning: overflow encountered in power
  "pred_energy": np.power(10.0, pred_log10),
/project/def-nahee/kbas/graphnet/examples/08_pone/inference_scripts/run_inference.py:359: RuntimeWarning: overflow encountered in power
  "pred_energy": np.power(10.0, pred_log10),
/project/def-nahee/kbas/graphnet/examples/08_pone/inference_scripts/run_inference.py:359: RuntimeWarning: overflow encountered in power
  "pred_energy": np.power(10.0, pred_log10),
/project/def-nahee/kbas/graphnet/examples/08_pone/inference_scripts/run_inference.py:359: RuntimeWarning: overflow encountered in power
  "pred_energy": np.power(10.0, pred_log10),
/project/def-nahee/kbas/graphnet/examples/08_pone/inference_scripts/run_inference.py:359: RuntimeWarning: overflow encountered in power
  "pred_energy": np.power(10.0, pred_log10),
/project/def-nahee/kbas/graphnet/examples/08_pone/inference_scripts/run_inference.py:359: RuntimeWarning: overflow encountered in power
  "pred_energy": np.power(10.0, pred_log10),
/project/def-nahee/kbas/graphnet/examples/08_pone/inference_scripts/run_inference.py:359: RuntimeWarning: overflow encountered in power
  "pred_energy": np.power(10.0, pred_log10),
/project/def-nahee/kbas/graphnet/examples/08_pone/inference_scripts/run_inference.py:359: RuntimeWarning: overflow encountered in power
  "pred_energy": np.power(10.0, pred_log10),
/project/def-nahee/kbas/graphnet/examples/08_pone/inference_scripts/run_inference.py:359: RuntimeWarning: overflow encountered in power
  "pred_energy": np.power(10.0, pred_log10),
/project/def-nahee/kbas/graphnet/examples/08_pone/inference_scripts/run_inference.py:359: RuntimeWarning: overflow encountered in power
  "pred_energy": np.power(10.0, pred_log10),
/project/def-nahee/kbas/graphnet/examples/08_pone/inference_scripts/run_inference.py:359: RuntimeWarning: overflow encountered in power
  "pred_energy": np.power(10.0, pred_log10),
/project/def-nahee/kbas/graphnet/examples/08_pone/inference_scripts/run_inference.py:359: RuntimeWarning: overflow encountered in power
  "pred_energy": np.power(10.0, pred_log10),
/project/def-nahee/kbas/graphnet/examples/08_pone/inference_scripts/run_inference.py:359: RuntimeWarning: overflow encountered in power
  "pred_energy": np.power(10.0, pred_log10),
/project/def-nahee/kbas/graphnet/examples/08_pone/inference_scripts/run_inference.py:359: RuntimeWarning: overflow encountered in power
  "pred_energy": np.power(10.0, pred_log10),
/project/def-nahee/kbas/graphnet/examples/08_pone/inference_scripts/run_inference.py:359: RuntimeWarning: overflow encountered in power
  "pred_energy": np.power(10.0, pred_log10),
/project/def-nahee/kbas/graphnet/examples/08_pone/inference_scripts/run_inference.py:359: RuntimeWarning: overflow encountered in power
  "pred_energy": np.power(10.0, pred_log10),
/project/def-nahee/kbas/graphnet/examples/08_pone/inference_scripts/run_inference.py:359: RuntimeWarning: overflow encountered in power
  "pred_energy": np.power(10.0, pred_log10),
/project/def-nahee/kbas/graphnet/examples/08_pone/inference_scripts/run_inference.py:359: RuntimeWarning: overflow encountered in power
  "pred_energy": np.power(10.0, pred_log10),
/project/def-nahee/kbas/graphnet/examples/08_pone/inference_scripts/run_inference.py:359: RuntimeWarning: overflow encountered in power
  "pred_energy": np.power(10.0, pred_log10),
/project/def-nahee/kbas/graphnet/examples/08_pone/inference_scripts/run_inference.py:359: RuntimeWarning: overflow encountered in power
  "pred_energy": np.power(10.0, pred_log10),
/project/def-nahee/kbas/graphnet/examples/08_pone/inference_scripts/run_inference.py:359: RuntimeWarning: overflow encountered in power
  "pred_energy": np.power(10.0, pred_log10),
/project/def-nahee/kbas/graphnet/examples/08_pone/inference_scripts/run_inference.py:359: RuntimeWarning: overflow encountered in power
  "pred_energy": np.power(10.0, pred_log10),
/project/def-nahee/kbas/graphnet/examples/08_pone/inference_scripts/run_inference.py:359: RuntimeWarning: overflow encountered in power
  "pred_energy": np.power(10.0, pred_log10),
/project/def-nahee/kbas/graphnet/examples/08_pone/inference_scripts/run_inference.py:359: RuntimeWarning: overflow encountered in power
  "pred_energy": np.power(10.0, pred_log10),
/project/def-nahee/kbas/graphnet/examples/08_pone/inference_scripts/run_inference.py:359: RuntimeWarning: overflow encountered in power
  "pred_energy": np.power(10.0, pred_log10),
/project/def-nahee/kbas/graphnet/examples/08_pone/inference_scripts/run_inference.py:359: RuntimeWarning: overflow encountered in power
  "pred_energy": np.power(10.0, pred_log10),
/project/def-nahee/kbas/graphnet/examples/08_pone/inference_scripts/run_inference.py:359: RuntimeWarning: overflow encountered in power
  "pred_energy": np.power(10.0, pred_log10),
/project/def-nahee/kbas/graphnet/examples/08_pone/inference_scripts/run_inference.py:359: RuntimeWarning: overflow encountered in power
  "pred_energy": np.power(10.0, pred_log10),
/project/def-nahee/kbas/graphnet/examples/08_pone/inference_scripts/run_inference.py:359: RuntimeWarning: overflow encountered in power
  "pred_energy": np.power(10.0, pred_log10),
/project/def-nahee/kbas/graphnet/examples/08_pone/inference_scripts/run_inference.py:359: RuntimeWarning: overflow encountered in power
  "pred_energy": np.power(10.0, pred_log10),
/project/def-nahee/kbas/graphnet/examples/08_pone/inference_scripts/run_inference.py:359: RuntimeWarning: overflow encountered in power
  "pred_energy": np.power(10.0, pred_log10),
/project/def-nahee/kbas/graphnet/examples/08_pone/inference_scripts/run_inference.py:359: RuntimeWarning: overflow encountered in power
  "pred_energy": np.power(10.0, pred_log10),
/project/def-nahee/kbas/graphnet/examples/08_pone/inference_scripts/run_inference.py:359: RuntimeWarning: overflow encountered in power
  "pred_energy": np.power(10.0, pred_log10),
/project/def-nahee/kbas/graphnet/examples/08_pone/inference_scripts/run_inference.py:359: RuntimeWarning: overflow encountered in power
  "pred_energy": np.power(10.0, pred_log10),
/project/def-nahee/kbas/graphnet/examples/08_pone/inference_scripts/run_inference.py:359: RuntimeWarning: overflow encountered in power
  "pred_energy": np.power(10.0, pred_log10),
/project/def-nahee/kbas/graphnet/examples/08_pone/inference_scripts/run_inference.py:359: RuntimeWarning: overflow encountered in power
  "pred_energy": np.power(10.0, pred_log10),
/project/def-nahee/kbas/graphnet/examples/08_pone/inference_scripts/run_inference.py:359: RuntimeWarning: overflow encountered in power
  "pred_energy": np.power(10.0, pred_log10),
/project/def-nahee/kbas/graphnet/examples/08_pone/inference_scripts/run_inference.py:359: RuntimeWarning: overflow encountered in power
  "pred_energy": np.power(10.0, pred_log10),
/project/def-nahee/kbas/graphnet/examples/08_pone/inference_scripts/run_inference.py:359: RuntimeWarning: overflow encountered in power
  "pred_energy": np.power(10.0, pred_log10),
/project/def-nahee/kbas/graphnet/examples/08_pone/inference_scripts/run_inference.py:359: RuntimeWarning: overflow encountered in power
  "pred_energy": np.power(10.0, pred_log10),
/project/def-nahee/kbas/graphnet/examples/08_pone/inference_scripts/run_inference.py:359: RuntimeWarning: overflow encountered in power
  "pred_energy": np.power(10.0, pred_log10),
/project/def-nahee/kbas/graphnet/examples/08_pone/inference_scripts/run_inference.py:359: RuntimeWarning: overflow encountered in power
  "pred_energy": np.power(10.0, pred_log10),
/project/def-nahee/kbas/graphnet/examples/08_pone/inference_scripts/run_inference.py:359: RuntimeWarning: overflow encountered in power
  "pred_energy": np.power(10.0, pred_log10),
/project/def-nahee/kbas/graphnet/examples/08_pone/inference_scripts/run_inference.py:359: RuntimeWarning: overflow encountered in power
  "pred_energy": np.power(10.0, pred_log10),
/project/def-nahee/kbas/graphnet/examples/08_pone/inference_scripts/run_inference.py:359: RuntimeWarning: overflow encountered in power
  "pred_energy": np.power(10.0, pred_log10),
/project/def-nahee/kbas/graphnet/examples/08_pone/inference_scripts/run_inference.py:359: RuntimeWarning: overflow encountered in power
  "pred_energy": np.power(10.0, pred_log10),
/project/def-nahee/kbas/graphnet/examples/08_pone/inference_scripts/run_inference.py:359: RuntimeWarning: overflow encountered in power
  "pred_energy": np.power(10.0, pred_log10),
[Reconstruction] class1 energy: rows=29247
[Checkpoint] loaded reconstruction class1 zenith: /project/def-nahee/kbas/Graphnet-Applications/Results/340StringMC/160_string_emax1e6/reconstruction/category2_tauCC_others_muonCC/class1/baseline/train_and_val/zenith/best_model.pth
[Reconstruction] class1 zenith: rows=29247
[Checkpoint] loaded reconstruction class1 azimuth: /project/def-nahee/kbas/Graphnet-Applications/Results/340StringMC/160_string_emax1e6/reconstruction/category2_tauCC_others_muonCC/class1/baseline/train_and_val/azimuth/best_model.pth
[Reconstruction] class1 azimuth: rows=29247
[Reconstruction] class2: routed events=23583
[Checkpoint] loaded reconstruction class2 energy: /project/def-nahee/kbas/Graphnet-Applications/Results/340StringMC/160_string_emax1e6/reconstruction/category2_tauCC_others_muonCC/class2/baseline/train_and_val/energy/best_model.pth
[1;34mgraphnet[0m [SpawnProcess-25] [33mWARNING [0m 2026-07-14 15:03:33 - <module> - `icecube` not available. Some functionality may be missing.[0m
[1;34mgraphnet[0m [SpawnProcess-25] [33mWARNING [0m 2026-07-14 15:03:34 - <module> - `km3net` not available. Some functionality may be missing.[0m
torchdiffeq not found - no support for continuous flows. Install *torchdiffeq* if support is desired!
Meander not installed... contours can not be calculated.
Healpy not installed... spherical contours can not be calculated.
package *astropy* not found -> if you want to use plotting functionality for adaptive grids, install *astropy*!
package *mhealpy* not found -> if you want to use plotting functionality for adaptive grids, install *mhealpy*!
Cannot use healpy functionality. Install healpy, if you need to do entropy scanning!
[1;34mgraphnet[0m [SpawnProcess-25] [33mWARNING [0m 2026-07-14 15:03:36 - <module> - `graphnet.models.graphs` will be depricated soon. All functionality has been moved to `graphnet.models.data_representation`.[0m
[1;34mgraphnet[0m [SpawnProcess-26] [33mWARNING [0m 2026-07-14 15:03:37 - <module> - `icecube` not available. Some functionality may be missing.[0m
[1;34mgraphnet[0m [SpawnProcess-26] [33mWARNING [0m 2026-07-14 15:03:38 - <module> - `km3net` not available. Some functionality may be missing.[0m
torchdiffeq not found - no support for continuous flows. Install *torchdiffeq* if support is desired!
Meander not installed... contours can not be calculated.
Healpy not installed... spherical contours can not be calculated.
package *astropy* not found -> if you want to use plotting functionality for adaptive grids, install *astropy*!
package *mhealpy* not found -> if you want to use plotting functionality for adaptive grids, install *mhealpy*!
Cannot use healpy functionality. Install healpy, if you need to do entropy scanning!
[1;34mgraphnet[0m [SpawnProcess-26] [33mWARNING [0m 2026-07-14 15:03:40 - <module> - `graphnet.models.graphs` will be depricated soon. All functionality has been moved to `graphnet.models.data_representation`.[0m
[1;34mgraphnet[0m [SpawnProcess-27] [33mWARNING [0m 2026-07-14 15:03:41 - <module> - `icecube` not available. Some functionality may be missing.[0m
[1;34mgraphnet[0m [SpawnProcess-27] [33mWARNING [0m 2026-07-14 15:03:42 - <module> - `km3net` not available. Some functionality may be missing.[0m
torchdiffeq not found - no support for continuous flows. Install *torchdiffeq* if support is desired!
Meander not installed... contours can not be calculated.
Healpy not installed... spherical contours can not be calculated.
package *astropy* not found -> if you want to use plotting functionality for adaptive grids, install *astropy*!
package *mhealpy* not found -> if you want to use plotting functionality for adaptive grids, install *mhealpy*!
Cannot use healpy functionality. Install healpy, if you need to do entropy scanning!
[1;34mgraphnet[0m [SpawnProcess-27] [33mWARNING [0m 2026-07-14 15:03:44 - <module> - `graphnet.models.graphs` will be depricated soon. All functionality has been moved to `graphnet.models.data_representation`.[0m
[1;34mgraphnet[0m [SpawnProcess-28] [33mWARNING [0m 2026-07-14 15:03:45 - <module> - `icecube` not available. Some functionality may be missing.[0m
[1;34mgraphnet[0m [SpawnProcess-28] [33mWARNING [0m 2026-07-14 15:03:46 - <module> - `km3net` not available. Some functionality may be missing.[0m
torchdiffeq not found - no support for continuous flows. Install *torchdiffeq* if support is desired!
Meander not installed... contours can not be calculated.
Healpy not installed... spherical contours can not be calculated.
package *astropy* not found -> if you want to use plotting functionality for adaptive grids, install *astropy*!
package *mhealpy* not found -> if you want to use plotting functionality for adaptive grids, install *mhealpy*!
Cannot use healpy functionality. Install healpy, if you need to do entropy scanning!
[1;34mgraphnet[0m [SpawnProcess-28] [33mWARNING [0m 2026-07-14 15:03:48 - <module> - `graphnet.models.graphs` will be depricated soon. All functionality has been moved to `graphnet.models.data_representation`.[0m
[1;34mgraphnet[0m [SpawnProcess-29] [33mWARNING [0m 2026-07-14 15:03:49 - <module> - `icecube` not available. Some functionality may be missing.[0m
[1;34mgraphnet[0m [SpawnProcess-29] [33mWARNING [0m 2026-07-14 15:03:50 - <module> - `km3net` not available. Some functionality may be missing.[0m
torchdiffeq not found - no support for continuous flows. Install *torchdiffeq* if support is desired!
Meander not installed... contours can not be calculated.
Healpy not installed... spherical contours can not be calculated.
package *astropy* not found -> if you want to use plotting functionality for adaptive grids, install *astropy*!
package *mhealpy* not found -> if you want to use plotting functionality for adaptive grids, install *mhealpy*!
Cannot use healpy functionality. Install healpy, if you need to do entropy scanning!
[1;34mgraphnet[0m [SpawnProcess-29] [33mWARNING [0m 2026-07-14 15:03:52 - <module> - `graphnet.models.graphs` will be depricated soon. All functionality has been moved to `graphnet.models.data_representation`.[0m
[1;34mgraphnet[0m [SpawnProcess-30] [33mWARNING [0m 2026-07-14 15:03:54 - <module> - `icecube` not available. Some functionality may be missing.[0m
[1;34mgraphnet[0m [SpawnProcess-30] [33mWARNING [0m 2026-07-14 15:03:54 - <module> - `km3net` not available. Some functionality may be missing.[0m
torchdiffeq not found - no support for continuous flows. Install *torchdiffeq* if support is desired!
Meander not installed... contours can not be calculated.
Healpy not installed... spherical contours can not be calculated.
package *astropy* not found -> if you want to use plotting functionality for adaptive grids, install *astropy*!
package *mhealpy* not found -> if you want to use plotting functionality for adaptive grids, install *mhealpy*!
Cannot use healpy functionality. Install healpy, if you need to do entropy scanning!
[1;34mgraphnet[0m [SpawnProcess-30] [33mWARNING [0m 2026-07-14 15:03:56 - <module> - `graphnet.models.graphs` will be depricated soon. All functionality has been moved to `graphnet.models.data_representation`.[0m
[1;34mgraphnet[0m [SpawnProcess-31] [33mWARNING [0m 2026-07-14 15:03:57 - <module> - `icecube` not available. Some functionality may be missing.[0m
[1;34mgraphnet[0m [SpawnProcess-31] [33mWARNING [0m 2026-07-14 15:03:58 - <module> - `km3net` not available. Some functionality may be missing.[0m
torchdiffeq not found - no support for continuous flows. Install *torchdiffeq* if support is desired!
Meander not installed... contours can not be calculated.
Healpy not installed... spherical contours can not be calculated.
package *astropy* not found -> if you want to use plotting functionality for adaptive grids, install *astropy*!
package *mhealpy* not found -> if you want to use plotting functionality for adaptive grids, install *mhealpy*!
Cannot use healpy functionality. Install healpy, if you need to do entropy scanning!
[1;34mgraphnet[0m [SpawnProcess-31] [33mWARNING [0m 2026-07-14 15:04:00 - <module> - `graphnet.models.graphs` will be depricated soon. All functionality has been moved to `graphnet.models.data_representation`.[0m
[1;34mgraphnet[0m [SpawnProcess-32] [33mWARNING [0m 2026-07-14 15:04:02 - <module> - `icecube` not available. Some functionality may be missing.[0m
[1;34mgraphnet[0m [SpawnProcess-32] [33mWARNING [0m 2026-07-14 15:04:02 - <module> - `km3net` not available. Some functionality may be missing.[0m
torchdiffeq not found - no support for continuous flows. Install *torchdiffeq* if support is desired!
Meander not installed... contours can not be calculated.
Healpy not installed... spherical contours can not be calculated.
package *astropy* not found -> if you want to use plotting functionality for adaptive grids, install *astropy*!
package *mhealpy* not found -> if you want to use plotting functionality for adaptive grids, install *mhealpy*!
Cannot use healpy functionality. Install healpy, if you need to do entropy scanning!
[1;34mgraphnet[0m [SpawnProcess-32] [33mWARNING [0m 2026-07-14 15:04:04 - <module> - `graphnet.models.graphs` will be depricated soon. All functionality has been moved to `graphnet.models.data_representation`.[0m
[Reconstruction] class2 energy: rows=23583
[Checkpoint] loaded reconstruction class2 zenith: /project/def-nahee/kbas/Graphnet-Applications/Results/340StringMC/160_string_emax1e6/reconstruction/category2_tauCC_others_muonCC/class2/baseline/train_and_val/zenith/best_model.pth
[Reconstruction] class2 zenith: rows=23583
[Checkpoint] loaded reconstruction class2 azimuth: /project/def-nahee/kbas/Graphnet-Applications/Results/340StringMC/160_string_emax1e6/reconstruction/category2_tauCC_others_muonCC/class2/baseline/train_and_val/azimuth/best_model.pth
[Reconstruction] class2 azimuth: rows=23583
[Output] wrote /project/def-nahee/kbas/Graphnet-Applications/Results/340StringMC/160_string_emax1e6/inference/category2_tauCC_others_muonCC/baseline/inference/inference_predictions.csv
[Notebook] executing report: /project/def-nahee/kbas/Graphnet-Applications/Results/340StringMC/160_string_emax1e6/inference/category2_tauCC_others_muonCC/baseline/inference/inference_report.ipynb
[Notebook] nbconvert failed: [Errno 2] No such file or directory: 'jupyter'
[Notebook] falling back to in-process notebook execution
[Notebook] executed report with fallback: /project/def-nahee/kbas/Graphnet-Applications/Results/340StringMC/160_string_emax1e6/inference/category2_tauCC_others_muonCC/baseline/inference/inference_report.ipynb
--- run_inference finished (rc=0)
