===== SLURM INFO =====
JOBID: 25184117
NODELIST: fc10411
CPUS_PER_TASK: 12
GPUS_ON_NODE: 1
SUBMIT_DIR: /project/6061446/kbas/Graphnet-Applications/Training/EventPulseSeries_nonoise/presentation/160string
======================
===== SCONTROL (Req/Alloc) =====
   ReqNodeList=(null) ExcNodeList=(null)
   NodeList=fc10411
   ReqTRES=cpu=12,mem=48G,node=1,billing=12200,gres/gpu=1,gres/gpu:h100=1
   AllocTRES=cpu=12,mem=48G,node=1,billing=12200,gres/gpu=1,gres/gpu:h100=1
================================
The following modules were not unloaded:
  (Use "module --force purge" to unload all):

  1) CCconfig        6)  ucx/1.14.1         11) flexiblas/3.3.1
  2) gentoo/2023     7)  libfabric/1.18.0   12) aocl-blas/5.1
  3) gcccore/.12.3   8)  pmix/4.2.4         13) aocl-lapack/5.1
  4) gcc/12.3        9)  ucc/1.2.0          14) StdEnv/2023
  5) hwloc/2.9.1     10) openmpi/4.1.5
===== ENV SETUP =====
PWD: /project/def-nahee/kbas/pone_offline
Activating venv: /project/def-nahee/kbas/pone_offline/graphnet_env/bin/activate
Python: /project/6061446/kbas/pone_offline/graphnet_env/bin/python3
sys.executable = /project/6061446/kbas/pone_offline/graphnet_env/bin/python3
torch: 2.6.0
cuda available: True
cuda device: NVIDIA H100 80GB HBM3
===== GPU INFO =====
Sun Mar  1 08:10:44 2026       
+-----------------------------------------------------------------------------------------+
| NVIDIA-SMI 580.65.06              Driver Version: 580.65.06      CUDA Version: 13.0     |
+-----------------------------------------+------------------------+----------------------+
| GPU  Name                 Persistence-M | Bus-Id          Disp.A | Volatile Uncorr. ECC |
| Fan  Temp   Perf          Pwr:Usage/Cap |           Memory-Usage | GPU-Util  Compute M. |
|                                         |                        |               MIG M. |
|=========================================+========================+======================|
|   0  NVIDIA H100 80GB HBM3          On  |   00000000:4C:00.0 Off |                    0 |
| N/A   22C    P0             65W /  700W |       0MiB /  81559MiB |      0%      Default |
|                                         |                        |             Disabled |
+-----------------------------------------+------------------------+----------------------+

+-----------------------------------------------------------------------------------------+
| Processes:                                                                              |
|  GPU   GI   CI              PID   Type   Process name                        GPU Memory |
|        ID   ID                                                               Usage      |
|=========================================================================================|
|  No running processes found                                                             |
+-----------------------------------------------------------------------------------------+
====================
===== RUN =====

========== CONFIG ==========
seed: 20260202
train_path: /scratch/kbas/FinalParquetDatasets/160_string_muon_nonoise/merged/train_reindexed
val_path: /scratch/kbas/FinalParquetDatasets/160_string_muon_nonoise/merged/val_reindexed
test_path: /scratch/kbas/FinalParquetDatasets/160_string_muon_nonoise/merged/test_reindexed
pulsemaps: features
truth_table: truth
features: ('pmt_x', 'pmt_y', 'pmt_z', 'dom_time', 'charge')
truth_all: ('azimuth', 'zenith', 'energy')
batch_size: 256
num_workers: 8
multiprocessing_context: spawn
persistent_workers: True
pin_memory: True
max_epochs: 30
early_stopping_patience: 5
base_lr: 1e-05
peak_lr: 0.001
accumulate_grad_batches: 4
nb_neighbours: 8
global_pooling_schemes: ('min', 'max', 'mean', 'sum')
add_global_variables_after_pooling: True
add_norm_layer: False
skip_readout: False
transform_support: (10.0, 100000000.0)
save_dir: /project/6061446/kbas/Graphnet-Applications/Training/EventPulseSeries_nonoise/presentation/160string
metrics_name: metrics.csv
test_csv_name: test_predictions.csv
resources_and_time_csv_name: resources_and_time.csv
metrics_extra_keys_energy: ('val_residual_log10_p16', 'val_residual_log10_p50', 'val_residual_log10_p84', 'val_W_log10', 'val_bias_log10', 'val_mae_log10', 'val_rmse_log10')
metrics_extra_keys_zenith: ('val_residual_p16_deg', 'val_residual_p50_deg', 'val_residual_p84_deg', 'val_W_deg', 'val_kappa_p16', 'val_kappa_p50', 'val_kappa_p84', 'val_kappa_W')
metrics_extra_keys_azimuth: ('val_residual_p16_deg', 'val_residual_p50_deg', 'val_residual_p84_deg', 'val_W_deg', 'val_kappa_p16', 'val_kappa_p50', 'val_kappa_p84', 'val_kappa_W')
early_stopping_monitor_energy: val_loss
early_stopping_monitor_angle: val_loss
early_stopping_mode: min
val_metrics_max_batches: None
============================

[Data] Building data_representation (KNNGraph + robust scaling)
[1;34mgraphnet[0m [MainProcess] [32mINFO    [0m 2026-03-01 08:12:51 - PONE.__init__ - Writing log to [1mlogs/graphnet_20260301-081251.log[0m
[Data] Creating ParquetDataset(s)
[Data] Creating DataLoader(s)
[Data] len(train_loader) = 704 batches/epoch (drop_last=True)
[Data] len(val_loader)   = 88 batches/epoch
[Data] len(test_loader)  = 94 batches
[Sanity] azimuth range: 0.003..6.246
[Sanity] zenith  range: 0.085..2.991
[Sanity] energy  range: 1.004e+02..2.822e+06
[rank: 0] Seed set to 20260202

[Run=azimuth] torch.cuda.is_available() = True
[Run=azimuth] GPU = NVIDIA H100 80GB HBM3
GPU available: True (cuda), used: True
TPU available: False, using: 0 TPU cores
/project/6061446/kbas/pone_offline/graphnet_env/lib/python3.10/site-packages/pytorch_lightning/trainer/connectors/logger_connector/logger_connector.py:76: Starting from v1.9.0, `tensorboardX` has been removed as a dependency of the `pytorch_lightning` package, due to potential conflicts with other packages in the ML ecosystem. For this reason, `logger=True` will use `CSVLogger` as the default logger, unless the `tensorboard` or `tensorboardX` packages are found. Please `pip install lightning[extra]` or one of them to enable TensorBoard support by default
You are using a CUDA device ('NVIDIA H100 80GB HBM3') that has Tensor Cores. To properly utilize them, you should set `torch.set_float32_matmul_precision('medium' | 'high')` which will trade-off precision for performance. For more details, read https://pytorch.org/docs/stable/generated/torch.set_float32_matmul_precision.html#torch.set_float32_matmul_precision
LOCAL_RANK: 0 - CUDA_VISIBLE_DEVICES: [0]

  | Name                 | Type       | Params | Mode 
------------------------------------------------------------
0 | _tasks               | ModuleList | 258    | train
1 | _data_representation | KNNGraph   | 0      | train
2 | backbone             | DynEdge    | 1.4 M  | train
------------------------------------------------------------
1.4 M     Trainable params
0         Non-trainable params
1.4 M     Total params
5.502     Total estimated model params size (MB)
36        Modules in train mode
0         Modules in eval mode
SLURM auto-requeueing enabled. Setting signal handlers.
Metric val_loss improved. New best score: 0.153 | epoch: 0
[1;34mgraphnet[0m [MainProcess] [32mINFO    [0m 2026-03-01 08:25:41 - StandardModel.save_state_dict - Model state_dict saved to /project/6061446/kbas/Graphnet-Applications/Training/EventPulseSeries_nonoise/presentation/160string/azimuth/best_model.pth[0m
Metric val_loss improved by 0.203 >= min_delta = 0.0. New best score: -0.049 | epoch: 1
[1;34mgraphnet[0m [MainProcess] [32mINFO    [0m 2026-03-01 08:36:00 - StandardModel.save_state_dict - Model state_dict saved to /project/6061446/kbas/Graphnet-Applications/Training/EventPulseSeries_nonoise/presentation/160string/azimuth/best_model.pth[0m
Metric val_loss improved by 0.128 >= min_delta = 0.0. New best score: -0.177 | epoch: 2
[1;34mgraphnet[0m [MainProcess] [32mINFO    [0m 2026-03-01 08:46:21 - StandardModel.save_state_dict - Model state_dict saved to /project/6061446/kbas/Graphnet-Applications/Training/EventPulseSeries_nonoise/presentation/160string/azimuth/best_model.pth[0m
Metric val_loss improved by 0.078 >= min_delta = 0.0. New best score: -0.255 | epoch: 3
[1;34mgraphnet[0m [MainProcess] [32mINFO    [0m 2026-03-01 08:56:39 - StandardModel.save_state_dict - Model state_dict saved to /project/6061446/kbas/Graphnet-Applications/Training/EventPulseSeries_nonoise/presentation/160string/azimuth/best_model.pth[0m
Metric val_loss improved by 0.019 >= min_delta = 0.0. New best score: -0.274 | epoch: 4
[1;34mgraphnet[0m [MainProcess] [32mINFO    [0m 2026-03-01 09:06:53 - StandardModel.save_state_dict - Model state_dict saved to /project/6061446/kbas/Graphnet-Applications/Training/EventPulseSeries_nonoise/presentation/160string/azimuth/best_model.pth[0m
Metric val_loss improved by 0.017 >= min_delta = 0.0. New best score: -0.291 | epoch: 5
[1;34mgraphnet[0m [MainProcess] [32mINFO    [0m 2026-03-01 09:17:06 - StandardModel.save_state_dict - Model state_dict saved to /project/6061446/kbas/Graphnet-Applications/Training/EventPulseSeries_nonoise/presentation/160string/azimuth/best_model.pth[0m
Metric val_loss improved by 0.006 >= min_delta = 0.0. New best score: -0.298 | epoch: 6
[1;34mgraphnet[0m [MainProcess] [32mINFO    [0m 2026-03-01 09:27:21 - StandardModel.save_state_dict - Model state_dict saved to /project/6061446/kbas/Graphnet-Applications/Training/EventPulseSeries_nonoise/presentation/160string/azimuth/best_model.pth[0m
Metric val_loss improved by 0.068 >= min_delta = 0.0. New best score: -0.365 | epoch: 7
[1;34mgraphnet[0m [MainProcess] [32mINFO    [0m 2026-03-01 09:37:36 - StandardModel.save_state_dict - Model state_dict saved to /project/6061446/kbas/Graphnet-Applications/Training/EventPulseSeries_nonoise/presentation/160string/azimuth/best_model.pth[0m
Metric val_loss improved by 0.032 >= min_delta = 0.0. New best score: -0.397 | epoch: 8
[1;34mgraphnet[0m [MainProcess] [32mINFO    [0m 2026-03-01 09:47:51 - StandardModel.save_state_dict - Model state_dict saved to /project/6061446/kbas/Graphnet-Applications/Training/EventPulseSeries_nonoise/presentation/160string/azimuth/best_model.pth[0m
Metric val_loss improved by 0.012 >= min_delta = 0.0. New best score: -0.409 | epoch: 10
[1;34mgraphnet[0m [MainProcess] [32mINFO    [0m 2026-03-01 10:08:22 - StandardModel.save_state_dict - Model state_dict saved to /project/6061446/kbas/Graphnet-Applications/Training/EventPulseSeries_nonoise/presentation/160string/azimuth/best_model.pth[0m
Metric val_loss improved by 0.014 >= min_delta = 0.0. New best score: -0.423 | epoch: 11
[1;34mgraphnet[0m [MainProcess] [32mINFO    [0m 2026-03-01 10:18:39 - StandardModel.save_state_dict - Model state_dict saved to /project/6061446/kbas/Graphnet-Applications/Training/EventPulseSeries_nonoise/presentation/160string/azimuth/best_model.pth[0m
Metric val_loss improved by 0.007 >= min_delta = 0.0. New best score: -0.430 | epoch: 12
[1;34mgraphnet[0m [MainProcess] [32mINFO    [0m 2026-03-01 10:28:55 - StandardModel.save_state_dict - Model state_dict saved to /project/6061446/kbas/Graphnet-Applications/Training/EventPulseSeries_nonoise/presentation/160string/azimuth/best_model.pth[0m
Metric val_loss improved by 0.023 >= min_delta = 0.0. New best score: -0.453 | epoch: 13
[1;34mgraphnet[0m [MainProcess] [32mINFO    [0m 2026-03-01 10:39:10 - StandardModel.save_state_dict - Model state_dict saved to /project/6061446/kbas/Graphnet-Applications/Training/EventPulseSeries_nonoise/presentation/160string/azimuth/best_model.pth[0m
Metric val_loss improved by 0.008 >= min_delta = 0.0. New best score: -0.461 | epoch: 16
[1;34mgraphnet[0m [MainProcess] [32mINFO    [0m 2026-03-01 11:10:06 - StandardModel.save_state_dict - Model state_dict saved to /project/6061446/kbas/Graphnet-Applications/Training/EventPulseSeries_nonoise/presentation/160string/azimuth/best_model.pth[0m
Metric val_loss improved by 0.029 >= min_delta = 0.0. New best score: -0.490 | epoch: 17
[1;34mgraphnet[0m [MainProcess] [32mINFO    [0m 2026-03-01 11:20:23 - StandardModel.save_state_dict - Model state_dict saved to /project/6061446/kbas/Graphnet-Applications/Training/EventPulseSeries_nonoise/presentation/160string/azimuth/best_model.pth[0m
Metric val_loss improved by 0.002 >= min_delta = 0.0. New best score: -0.491 | epoch: 18
[1;34mgraphnet[0m [MainProcess] [32mINFO    [0m 2026-03-01 11:30:32 - StandardModel.save_state_dict - Model state_dict saved to /project/6061446/kbas/Graphnet-Applications/Training/EventPulseSeries_nonoise/presentation/160string/azimuth/best_model.pth[0m
Metric val_loss improved by 0.000 >= min_delta = 0.0. New best score: -0.492 | epoch: 19
[1;34mgraphnet[0m [MainProcess] [32mINFO    [0m 2026-03-01 11:40:44 - StandardModel.save_state_dict - Model state_dict saved to /project/6061446/kbas/Graphnet-Applications/Training/EventPulseSeries_nonoise/presentation/160string/azimuth/best_model.pth[0m
Metric val_loss improved by 0.007 >= min_delta = 0.0. New best score: -0.499 | epoch: 20
[1;34mgraphnet[0m [MainProcess] [32mINFO    [0m 2026-03-01 11:50:52 - StandardModel.save_state_dict - Model state_dict saved to /project/6061446/kbas/Graphnet-Applications/Training/EventPulseSeries_nonoise/presentation/160string/azimuth/best_model.pth[0m
Metric val_loss improved by 0.002 >= min_delta = 0.0. New best score: -0.502 | epoch: 22
[1;34mgraphnet[0m [MainProcess] [32mINFO    [0m 2026-03-01 12:11:05 - StandardModel.save_state_dict - Model state_dict saved to /project/6061446/kbas/Graphnet-Applications/Training/EventPulseSeries_nonoise/presentation/160string/azimuth/best_model.pth[0m
Metric val_loss improved by 0.001 >= min_delta = 0.0. New best score: -0.503 | epoch: 26
[1;34mgraphnet[0m [MainProcess] [32mINFO    [0m 2026-03-01 12:54:31 - StandardModel.save_state_dict - Model state_dict saved to /project/6061446/kbas/Graphnet-Applications/Training/EventPulseSeries_nonoise/presentation/160string/azimuth/best_model.pth[0m
`Trainer.fit` stopped: `max_epochs=30` reached.
[Resources] Wrote /project/6061446/kbas/Graphnet-Applications/Training/EventPulseSeries_nonoise/presentation/160string/azimuth/resources_and_time.csv | last_epoch=29 | total=314.94 min
[Run=azimuth] best_model: /project/6061446/kbas/Graphnet-Applications/Training/EventPulseSeries_nonoise/presentation/160string/azimuth/best_model.pth
[Run=azimuth] config:     /project/6061446/kbas/Graphnet-Applications/Training/EventPulseSeries_nonoise/presentation/160string/azimuth/config.yml
[Run=azimuth] metrics:    /project/6061446/kbas/Graphnet-Applications/Training/EventPulseSeries_nonoise/presentation/160string/azimuth/metrics.csv
[Test=azimuth] Loaded best weights: /project/6061446/kbas/Graphnet-Applications/Training/EventPulseSeries_nonoise/presentation/160string/azimuth/best_model.pth
[Test=azimuth] Wrote: /project/6061446/kbas/Graphnet-Applications/Training/EventPulseSeries_nonoise/presentation/160string/azimuth/test_predictions.csv | rows=23889
[Test=azimuth] residual_deg (signed): p16=-6.660, p50=-0.065, p84=6.441 | W_deg=6.550 | kappa_mean=67.997
[rank: 0] Seed set to 20260202

[Run=zenith] torch.cuda.is_available() = True
[Run=zenith] GPU = NVIDIA H100 80GB HBM3
GPU available: True (cuda), used: True
TPU available: False, using: 0 TPU cores
LOCAL_RANK: 0 - CUDA_VISIBLE_DEVICES: [0]

  | Name                 | Type       | Params | Mode 
------------------------------------------------------------
0 | _tasks               | ModuleList | 258    | train
1 | _data_representation | KNNGraph   | 0      | eval 
2 | backbone             | DynEdge    | 1.4 M  | train
------------------------------------------------------------
1.4 M     Trainable params
0         Non-trainable params
1.4 M     Total params
5.502     Total estimated model params size (MB)
32        Modules in train mode
4         Modules in eval mode
SLURM auto-requeueing enabled. Setting signal handlers.
/project/6061446/kbas/pone_offline/graphnet_env/lib/python3.10/site-packages/pytorch_lightning/loops/fit_loop.py:527: Found 4 module(s) in eval mode at the start of training. This may lead to unexpected behavior during training. If this is intentional, you can ignore this warning.
Metric val_loss improved. New best score: 0.587 | epoch: 0
[1;34mgraphnet[0m [MainProcess] [32mINFO    [0m 2026-03-01 13:56:10 - StandardModel.save_state_dict - Model state_dict saved to /project/6061446/kbas/Graphnet-Applications/Training/EventPulseSeries_nonoise/presentation/160string/zenith/best_model.pth[0m
Metric val_loss improved by 0.457 >= min_delta = 0.0. New best score: 0.130 | epoch: 1
[1;34mgraphnet[0m [MainProcess] [32mINFO    [0m 2026-03-01 14:07:18 - StandardModel.save_state_dict - Model state_dict saved to /project/6061446/kbas/Graphnet-Applications/Training/EventPulseSeries_nonoise/presentation/160string/zenith/best_model.pth[0m
Metric val_loss improved by 0.074 >= min_delta = 0.0. New best score: 0.057 | epoch: 2
[1;34mgraphnet[0m [MainProcess] [32mINFO    [0m 2026-03-01 14:18:27 - StandardModel.save_state_dict - Model state_dict saved to /project/6061446/kbas/Graphnet-Applications/Training/EventPulseSeries_nonoise/presentation/160string/zenith/best_model.pth[0m
Metric val_loss improved by 0.334 >= min_delta = 0.0. New best score: -0.277 | epoch: 3
[1;34mgraphnet[0m [MainProcess] [32mINFO    [0m 2026-03-01 14:29:28 - StandardModel.save_state_dict - Model state_dict saved to /project/6061446/kbas/Graphnet-Applications/Training/EventPulseSeries_nonoise/presentation/160string/zenith/best_model.pth[0m
Metric val_loss improved by 0.152 >= min_delta = 0.0. New best score: -0.429 | epoch: 6
[1;34mgraphnet[0m [MainProcess] [32mINFO    [0m 2026-03-01 15:02:42 - StandardModel.save_state_dict - Model state_dict saved to /project/6061446/kbas/Graphnet-Applications/Training/EventPulseSeries_nonoise/presentation/160string/zenith/best_model.pth[0m
Metric val_loss improved by 0.164 >= min_delta = 0.0. New best score: -0.594 | epoch: 7
[1;34mgraphnet[0m [MainProcess] [32mINFO    [0m 2026-03-01 15:13:43 - StandardModel.save_state_dict - Model state_dict saved to /project/6061446/kbas/Graphnet-Applications/Training/EventPulseSeries_nonoise/presentation/160string/zenith/best_model.pth[0m
Metric val_loss improved by 0.072 >= min_delta = 0.0. New best score: -0.666 | epoch: 8
[1;34mgraphnet[0m [MainProcess] [32mINFO    [0m 2026-03-01 15:24:52 - StandardModel.save_state_dict - Model state_dict saved to /project/6061446/kbas/Graphnet-Applications/Training/EventPulseSeries_nonoise/presentation/160string/zenith/best_model.pth[0m
Metric val_loss improved by 0.046 >= min_delta = 0.0. New best score: -0.712 | epoch: 9
[1;34mgraphnet[0m [MainProcess] [32mINFO    [0m 2026-03-01 15:36:09 - StandardModel.save_state_dict - Model state_dict saved to /project/6061446/kbas/Graphnet-Applications/Training/EventPulseSeries_nonoise/presentation/160string/zenith/best_model.pth[0m
Metric val_loss improved by 0.035 >= min_delta = 0.0. New best score: -0.747 | epoch: 10
[1;34mgraphnet[0m [MainProcess] [32mINFO    [0m 2026-03-01 15:47:18 - StandardModel.save_state_dict - Model state_dict saved to /project/6061446/kbas/Graphnet-Applications/Training/EventPulseSeries_nonoise/presentation/160string/zenith/best_model.pth[0m
Metric val_loss improved by 0.020 >= min_delta = 0.0. New best score: -0.768 | epoch: 11
[1;34mgraphnet[0m [MainProcess] [32mINFO    [0m 2026-03-01 15:58:26 - StandardModel.save_state_dict - Model state_dict saved to /project/6061446/kbas/Graphnet-Applications/Training/EventPulseSeries_nonoise/presentation/160string/zenith/best_model.pth[0m
Metric val_loss improved by 0.001 >= min_delta = 0.0. New best score: -0.769 | epoch: 12
[1;34mgraphnet[0m [MainProcess] [32mINFO    [0m 2026-03-01 16:09:31 - StandardModel.save_state_dict - Model state_dict saved to /project/6061446/kbas/Graphnet-Applications/Training/EventPulseSeries_nonoise/presentation/160string/zenith/best_model.pth[0m
Metric val_loss improved by 0.021 >= min_delta = 0.0. New best score: -0.790 | epoch: 13
[1;34mgraphnet[0m [MainProcess] [32mINFO    [0m 2026-03-01 16:20:38 - StandardModel.save_state_dict - Model state_dict saved to /project/6061446/kbas/Graphnet-Applications/Training/EventPulseSeries_nonoise/presentation/160string/zenith/best_model.pth[0m
Metric val_loss improved by 0.001 >= min_delta = 0.0. New best score: -0.791 | epoch: 14
[1;34mgraphnet[0m [MainProcess] [32mINFO    [0m 2026-03-01 16:31:44 - StandardModel.save_state_dict - Model state_dict saved to /project/6061446/kbas/Graphnet-Applications/Training/EventPulseSeries_nonoise/presentation/160string/zenith/best_model.pth[0m
Metric val_loss improved by 0.034 >= min_delta = 0.0. New best score: -0.825 | epoch: 16
[1;34mgraphnet[0m [MainProcess] [32mINFO    [0m 2026-03-01 16:54:04 - StandardModel.save_state_dict - Model state_dict saved to /project/6061446/kbas/Graphnet-Applications/Training/EventPulseSeries_nonoise/presentation/160string/zenith/best_model.pth[0m
Metric val_loss improved by 0.002 >= min_delta = 0.0. New best score: -0.826 | epoch: 19
[1;34mgraphnet[0m [MainProcess] [32mINFO    [0m 2026-03-01 17:27:10 - StandardModel.save_state_dict - Model state_dict saved to /project/6061446/kbas/Graphnet-Applications/Training/EventPulseSeries_nonoise/presentation/160string/zenith/best_model.pth[0m
Metric val_loss improved by 0.021 >= min_delta = 0.0. New best score: -0.847 | epoch: 20
[1;34mgraphnet[0m [MainProcess] [32mINFO    [0m 2026-03-01 17:38:11 - StandardModel.save_state_dict - Model state_dict saved to /project/6061446/kbas/Graphnet-Applications/Training/EventPulseSeries_nonoise/presentation/160string/zenith/best_model.pth[0m
Monitored metric val_loss did not improve in the last 5 records. Best score: -0.847. Signaling Trainer to stop.
[Resources] Wrote /project/6061446/kbas/Graphnet-Applications/Training/EventPulseSeries_nonoise/presentation/160string/zenith/resources_and_time.csv | last_epoch=25 | total=291.90 min
[Run=zenith] best_model: /project/6061446/kbas/Graphnet-Applications/Training/EventPulseSeries_nonoise/presentation/160string/zenith/best_model.pth
[Run=zenith] config:     /project/6061446/kbas/Graphnet-Applications/Training/EventPulseSeries_nonoise/presentation/160string/zenith/config.yml
[Run=zenith] metrics:    /project/6061446/kbas/Graphnet-Applications/Training/EventPulseSeries_nonoise/presentation/160string/zenith/metrics.csv
[Test=zenith] Loaded best weights: /project/6061446/kbas/Graphnet-Applications/Training/EventPulseSeries_nonoise/presentation/160string/zenith/best_model.pth
[Test=zenith] Wrote: /project/6061446/kbas/Graphnet-Applications/Training/EventPulseSeries_nonoise/presentation/160string/zenith/test_predictions.csv | rows=23889
[Test=zenith] residual_deg (signed): p16=-4.107, p50=0.058, p84=4.569 | W_deg=4.338 | kappa_mean=79.316
[rank: 0] Seed set to 20260202

[Run=energy] torch.cuda.is_available() = True
[Run=energy] GPU = NVIDIA H100 80GB HBM3
GPU available: True (cuda), used: True
TPU available: False, using: 0 TPU cores
LOCAL_RANK: 0 - CUDA_VISIBLE_DEVICES: [0]

  | Name                 | Type       | Params | Mode 
------------------------------------------------------------
0 | _tasks               | ModuleList | 129    | train
1 | _data_representation | KNNGraph   | 0      | eval 
2 | backbone             | DynEdge    | 1.4 M  | train
------------------------------------------------------------
1.4 M     Trainable params
0         Non-trainable params
1.4 M     Total params
5.501     Total estimated model params size (MB)
32        Modules in train mode
4         Modules in eval mode
SLURM auto-requeueing enabled. Setting signal handlers.
/project/6061446/kbas/pone_offline/graphnet_env/lib/python3.10/site-packages/pytorch_lightning/loops/fit_loop.py:527: Found 4 module(s) in eval mode at the start of training. This may lead to unexpected behavior during training. If this is intentional, you can ignore this warning.
Metric val_loss improved. New best score: 0.183 | epoch: 0
[1;34mgraphnet[0m [MainProcess] [32mINFO    [0m 2026-03-01 19:01:05 - StandardModel.save_state_dict - Model state_dict saved to /project/6061446/kbas/Graphnet-Applications/Training/EventPulseSeries_nonoise/presentation/160string/energy/best_model.pth[0m
Metric val_loss improved by 0.037 >= min_delta = 0.0. New best score: 0.146 | epoch: 1
[1;34mgraphnet[0m [MainProcess] [32mINFO    [0m 2026-03-01 19:12:25 - StandardModel.save_state_dict - Model state_dict saved to /project/6061446/kbas/Graphnet-Applications/Training/EventPulseSeries_nonoise/presentation/160string/energy/best_model.pth[0m
Metric val_loss improved by 0.010 >= min_delta = 0.0. New best score: 0.137 | epoch: 2
[1;34mgraphnet[0m [MainProcess] [32mINFO    [0m 2026-03-01 19:23:40 - StandardModel.save_state_dict - Model state_dict saved to /project/6061446/kbas/Graphnet-Applications/Training/EventPulseSeries_nonoise/presentation/160string/energy/best_model.pth[0m
Metric val_loss improved by 0.005 >= min_delta = 0.0. New best score: 0.132 | epoch: 3
[1;34mgraphnet[0m [MainProcess] [32mINFO    [0m 2026-03-01 19:34:24 - StandardModel.save_state_dict - Model state_dict saved to /project/6061446/kbas/Graphnet-Applications/Training/EventPulseSeries_nonoise/presentation/160string/energy/best_model.pth[0m
Metric val_loss improved by 0.005 >= min_delta = 0.0. New best score: 0.127 | epoch: 4
[1;34mgraphnet[0m [MainProcess] [32mINFO    [0m 2026-03-01 19:44:43 - StandardModel.save_state_dict - Model state_dict saved to /project/6061446/kbas/Graphnet-Applications/Training/EventPulseSeries_nonoise/presentation/160string/energy/best_model.pth[0m
Metric val_loss improved by 0.004 >= min_delta = 0.0. New best score: 0.124 | epoch: 5
[1;34mgraphnet[0m [MainProcess] [32mINFO    [0m 2026-03-01 19:55:01 - StandardModel.save_state_dict - Model state_dict saved to /project/6061446/kbas/Graphnet-Applications/Training/EventPulseSeries_nonoise/presentation/160string/energy/best_model.pth[0m
Metric val_loss improved by 0.000 >= min_delta = 0.0. New best score: 0.123 | epoch: 6
[1;34mgraphnet[0m [MainProcess] [32mINFO    [0m 2026-03-01 20:05:14 - StandardModel.save_state_dict - Model state_dict saved to /project/6061446/kbas/Graphnet-Applications/Training/EventPulseSeries_nonoise/presentation/160string/energy/best_model.pth[0m
Metric val_loss improved by 0.004 >= min_delta = 0.0. New best score: 0.119 | epoch: 8
[1;34mgraphnet[0m [MainProcess] [32mINFO    [0m 2026-03-01 20:25:52 - StandardModel.save_state_dict - Model state_dict saved to /project/6061446/kbas/Graphnet-Applications/Training/EventPulseSeries_nonoise/presentation/160string/energy/best_model.pth[0m
Metric val_loss improved by 0.003 >= min_delta = 0.0. New best score: 0.117 | epoch: 9
[1;34mgraphnet[0m [MainProcess] [32mINFO    [0m 2026-03-01 20:36:14 - StandardModel.save_state_dict - Model state_dict saved to /project/6061446/kbas/Graphnet-Applications/Training/EventPulseSeries_nonoise/presentation/160string/energy/best_model.pth[0m
Metric val_loss improved by 0.001 >= min_delta = 0.0. New best score: 0.116 | epoch: 11
[1;34mgraphnet[0m [MainProcess] [32mINFO    [0m 2026-03-01 20:56:54 - StandardModel.save_state_dict - Model state_dict saved to /project/6061446/kbas/Graphnet-Applications/Training/EventPulseSeries_nonoise/presentation/160string/energy/best_model.pth[0m
Metric val_loss improved by 0.001 >= min_delta = 0.0. New best score: 0.115 | epoch: 15
[1;34mgraphnet[0m [MainProcess] [32mINFO    [0m 2026-03-01 21:38:23 - StandardModel.save_state_dict - Model state_dict saved to /project/6061446/kbas/Graphnet-Applications/Training/EventPulseSeries_nonoise/presentation/160string/energy/best_model.pth[0m
Metric val_loss improved by 0.000 >= min_delta = 0.0. New best score: 0.115 | epoch: 17
[1;34mgraphnet[0m [MainProcess] [32mINFO    [0m 2026-03-01 21:59:30 - StandardModel.save_state_dict - Model state_dict saved to /project/6061446/kbas/Graphnet-Applications/Training/EventPulseSeries_nonoise/presentation/160string/energy/best_model.pth[0m
Monitored metric val_loss did not improve in the last 5 records. Best score: 0.115. Signaling Trainer to stop.
[Resources] Wrote /project/6061446/kbas/Graphnet-Applications/Training/EventPulseSeries_nonoise/presentation/160string/energy/resources_and_time.csv | last_epoch=22 | total=249.81 min
[Run=energy] best_model: /project/6061446/kbas/Graphnet-Applications/Training/EventPulseSeries_nonoise/presentation/160string/energy/best_model.pth
[Run=energy] config:     /project/6061446/kbas/Graphnet-Applications/Training/EventPulseSeries_nonoise/presentation/160string/energy/config.yml
[Run=energy] metrics:    /project/6061446/kbas/Graphnet-Applications/Training/EventPulseSeries_nonoise/presentation/160string/energy/metrics.csv
[Test=energy] Loaded best weights: /project/6061446/kbas/Graphnet-Applications/Training/EventPulseSeries_nonoise/presentation/160string/energy/best_model.pth
[Test=energy] Wrote: /project/6061446/kbas/Graphnet-Applications/Training/EventPulseSeries_nonoise/presentation/160string/energy/test_predictions.csv | rows=23889
[Test=energy] residual_log10: p16=-0.4117, p50=0.0659, p84=0.4086, W=0.4101 | mae=0.3677 rmse=0.5258
===== DONE =====
