The following modules were not unloaded:
  (Use "module --force purge" to unload all):

  1) CCconfig        6)  ucx/1.14.1         11) flexiblas/3.3.1
  2) gentoo/2023     7)  libfabric/1.18.0   12) aocl-blas/5.1
  3) gcccore/.12.3   8)  pmix/4.2.4         13) aocl-lapack/5.1
  4) gcc/12.3        9)  ucc/1.2.0          14) StdEnv/2023
  5) hwloc/2.9.1     10) openmpi/4.1.5
[rank: 0] Seed set to 123
GPU available: True (cuda), used: True
TPU available: False, using: 0 TPU cores
/project/6061446/kbas/pone_offline/graphnet_env/lib/python3.10/site-packages/pytorch_lightning/trainer/connectors/logger_connector/logger_connector.py:76: Starting from v1.9.0, `tensorboardX` has been removed as a dependency of the `pytorch_lightning` package, due to potential conflicts with other packages in the ML ecosystem. For this reason, `logger=True` will use `CSVLogger` as the default logger, unless the `tensorboard` or `tensorboardX` packages are found. Please `pip install lightning[extra]` or one of them to enable TensorBoard support by default
You are using a CUDA device ('NVIDIA H100 80GB HBM3 MIG 3g.40gb') that has Tensor Cores. To properly utilize them, you should set `torch.set_float32_matmul_precision('medium' | 'high')` which will trade-off precision for performance. For more details, read https://pytorch.org/docs/stable/generated/torch.set_float32_matmul_precision.html#torch.set_float32_matmul_precision
LOCAL_RANK: 0 - CUDA_VISIBLE_DEVICES: [MIG-e8ca7652-8c11-59b1-8f1a-329939f51bb1]

  | Name                 | Type       | Params | Mode 
------------------------------------------------------------
0 | _tasks               | ModuleList | 129    | train
1 | _data_representation | KNNGraph   | 0      | train
2 | backbone             | DynEdge    | 1.4 M  | train
------------------------------------------------------------
1.4 M     Trainable params
0         Non-trainable params
1.4 M     Total params
5.501     Total estimated model params size (MB)
36        Modules in train mode
0         Modules in eval mode
SLURM auto-requeueing enabled. Setting signal handlers.
Metric val_loss improved. New best score: 0.146
Metric val_loss improved by 0.032 >= min_delta = 0.0. New best score: 0.114
Metric val_loss improved by 0.006 >= min_delta = 0.0. New best score: 0.108
Metric val_loss improved by 0.005 >= min_delta = 0.0. New best score: 0.104
Metric val_loss improved by 0.002 >= min_delta = 0.0. New best score: 0.101
Metric val_loss improved by 0.005 >= min_delta = 0.0. New best score: 0.097
Metric val_loss improved by 0.001 >= min_delta = 0.0. New best score: 0.096
Metric val_loss improved by 0.000 >= min_delta = 0.0. New best score: 0.096
Metric val_loss improved by 0.002 >= min_delta = 0.0. New best score: 0.094
Metric val_loss improved by 0.000 >= min_delta = 0.0. New best score: 0.094
Metric val_loss improved by 0.000 >= min_delta = 0.0. New best score: 0.093
Metric val_loss improved by 0.001 >= min_delta = 0.0. New best score: 0.092
Metric val_loss improved by 0.001 >= min_delta = 0.0. New best score: 0.091
Metric val_loss improved by 0.000 >= min_delta = 0.0. New best score: 0.091
Metric val_loss improved by 0.001 >= min_delta = 0.0. New best score: 0.090
Monitored metric val_loss did not improve in the last 5 records. Best score: 0.090. Signaling Trainer to stop.
