--- HOST: JOB=43509363  HOST=fc11012
--- CONFIG: /project/def-nahee/kbas/graphnet/examples/08_pone/configs/inference/exp003.yml
--- OUTPUT_PREPARED: 1
--- LOGFILE: /project/def-nahee/kbas/Graphnet-Applications/Results/340StringMC/full_geometry_emax1e6/inference/first_category/exp003/inference/exp003_infer_340StringMC_full_geometry_emax1e6_first_category_exp003.out
--- INFERENCE_SCRIPT: /project/def-nahee/kbas/graphnet/examples/08_pone/inference_scripts/run_inference.py
INFO:    Using cached SIF image
WARNING: While bind mounting '/project:/project': destination is already in the mount point list
[1;34mgraphnet[0m [MainProcess] [33mWARNING [0m 2026-06-08 14:04:38 - <module> - `icecube` not available. Some functionality may be missing.[0m
[1;34mgraphnet[0m [MainProcess] [33mWARNING [0m 2026-06-08 14:04:41 - <module> - `km3net` not available. Some functionality may be missing.[0m
torchdiffeq not found - no support for continuous flows. Install *torchdiffeq* if support is desired!
Meander not installed... contours can not be calculated.
Healpy not installed... spherical contours can not be calculated.
package *astropy* not found -> if you want to use plotting functionality for adaptive grids, install *astropy*!
package *mhealpy* not found -> if you want to use plotting functionality for adaptive grids, install *mhealpy*!
Cannot use healpy functionality. Install healpy, if you need to do entropy scanning!
[1;34mgraphnet[0m [MainProcess] [33mWARNING [0m 2026-06-08 14:04:50 - <module> - `graphnet.models.graphs` will be depricated soon. All functionality has been moved to `graphnet.models.data_representation`.[0m

========== CONFIG ==========
classification:
  best_model: /project/def-nahee/kbas/Graphnet-Applications/Results/340StringMC/full_geometry_emax1e6/classification/category1/exp003/train_and_val/best_model.pth
  config: /project/def-nahee/kbas/graphnet/examples/08_pone/configs/classification/exp003.yml
  positive_label: 1
  threshold: 0.5
data:
  features:
  - pmt_x
  - pmt_y
  - pmt_z
  - dom_time
  - charge
  percentiles_csv: null
  pulsemaps: features
  split: test
  truth_all:
  - event_no
  - RunID
  - SubrunID
  - EventID
  - SubEventID
  - position_x
  - position_y
  - position_z
  - pid
  - interaction_type
  - totalEnergy
  - zenith
  - azimuth
  - finalStateX
  - finalStateY
  - finalType1
  - finalType2
  - initialType
  - totalColumnDepth
  - impactParameter
  - fully_contained
  - starting_track
  - stopping_track
  - through_going
  - missed_track
  truth_table: truth
experiment_name: exp003
flavors:
- Muon
- Electron
- Tau
- NC
geometry: full_geometry_emax1e6
inference:
  batch_size: 512
  multiprocessing_context: spawn
  num_workers: 8
  pin_memory: true
mc: 340StringMC
notebook:
  allow_failure: false
  command: jupyter
  enabled: true
  output_name: inference_report.ipynb
  template: /project/def-nahee/kbas/graphnet/examples/08_pone/inference_scripts/inference_report_template.ipynb
  timeout_seconds: 1800
output:
  dirs:
    inference: inference
  root_dir: /project/def-nahee/kbas/Graphnet-Applications/Results
reconstruction:
  config: /project/def-nahee/kbas/graphnet/examples/08_pone/configs/reconstruction/exp003.yml
  models:
    '0':
      azimuth: /project/def-nahee/kbas/Graphnet-Applications/Results/340StringMC/full_geometry_emax1e6/reconstruction/first_category/class0/exp003/train_and_val/azimuth/best_model.pth
      energy: /project/def-nahee/kbas/Graphnet-Applications/Results/340StringMC/full_geometry_emax1e6/reconstruction/first_category/class0/exp003/train_and_val/energy/best_model.pth
      zenith: /project/def-nahee/kbas/Graphnet-Applications/Results/340StringMC/full_geometry_emax1e6/reconstruction/first_category/class0/exp003/train_and_val/zenith/best_model.pth
    '1':
      azimuth: /project/def-nahee/kbas/Graphnet-Applications/Results/340StringMC/full_geometry_emax1e6/reconstruction/first_category/class1/exp003/train_and_val/azimuth/best_model.pth
      energy: /project/def-nahee/kbas/Graphnet-Applications/Results/340StringMC/full_geometry_emax1e6/reconstruction/first_category/class1/exp003/train_and_val/energy/best_model.pth
      zenith: /project/def-nahee/kbas/Graphnet-Applications/Results/340StringMC/full_geometry_emax1e6/reconstruction/first_category/class1/exp003/train_and_val/zenith/best_model.pth
  targets:
  - energy
  - zenith
  - azimuth
routing:
  category: first_category
  classes:
  - 0
  - 1
run:
  existing_output: error
slurm:
  account: def-nahee
  cpus_per_task: 8
  exclude: fc10713
  gpus_per_node: nvidia_h100_80gb_hbm3_3g.40gb:1
  mem: 48G
  time: '3:00:00'
task:
  mode: routed
  type: inference

============================

[Output] inference dir: /project/def-nahee/kbas/Graphnet-Applications/Results/340StringMC/full_geometry_emax1e6/inference/first_category/exp003/inference
[Paths] mixed test inputs:
  Muon: /home/kbas/scratch/String340MC/Full_Geometry/Muon_Parquet_Emax1e6/merged/test_reindexed
  Electron: /home/kbas/scratch/String340MC/Full_Geometry/Electron_Parquet/merged/test_reindexed
  Tau: /home/kbas/scratch/String340MC/Full_Geometry/Tau_Parquet/merged/test_reindexed
  NC: /home/kbas/scratch/String340MC/Full_Geometry/NC_Parquet/merged/test_reindexed
[1;34mgraphnet[0m [MainProcess] [32mINFO    [0m 2026-06-08 14:04:51 - PONE.__init__ - Writing log to [1mlogs/graphnet_20260608-140451.log[0m
[Checkpoint] loaded classification: /project/def-nahee/kbas/Graphnet-Applications/Results/340StringMC/full_geometry_emax1e6/classification/category1/exp003/train_and_val/best_model.pth
[1;34mgraphnet[0m [SpawnProcess-1] [33mWARNING [0m 2026-06-08 14:04:54 - <module> - `icecube` not available. Some functionality may be missing.[0m
[1;34mgraphnet[0m [SpawnProcess-1] [33mWARNING [0m 2026-06-08 14:04:54 - <module> - `km3net` not available. Some functionality may be missing.[0m
torchdiffeq not found - no support for continuous flows. Install *torchdiffeq* if support is desired!
Meander not installed... contours can not be calculated.
Healpy not installed... spherical contours can not be calculated.
package *astropy* not found -> if you want to use plotting functionality for adaptive grids, install *astropy*!
package *mhealpy* not found -> if you want to use plotting functionality for adaptive grids, install *mhealpy*!
Cannot use healpy functionality. Install healpy, if you need to do entropy scanning!
[1;34mgraphnet[0m [SpawnProcess-1] [33mWARNING [0m 2026-06-08 14:04:56 - <module> - `graphnet.models.graphs` will be depricated soon. All functionality has been moved to `graphnet.models.data_representation`.[0m
[1;34mgraphnet[0m [SpawnProcess-2] [33mWARNING [0m 2026-06-08 14:04:58 - <module> - `icecube` not available. Some functionality may be missing.[0m
[1;34mgraphnet[0m [SpawnProcess-2] [33mWARNING [0m 2026-06-08 14:04:58 - <module> - `km3net` not available. Some functionality may be missing.[0m
torchdiffeq not found - no support for continuous flows. Install *torchdiffeq* if support is desired!
Meander not installed... contours can not be calculated.
Healpy not installed... spherical contours can not be calculated.
package *astropy* not found -> if you want to use plotting functionality for adaptive grids, install *astropy*!
package *mhealpy* not found -> if you want to use plotting functionality for adaptive grids, install *mhealpy*!
Cannot use healpy functionality. Install healpy, if you need to do entropy scanning!
[1;34mgraphnet[0m [SpawnProcess-2] [33mWARNING [0m 2026-06-08 14:05:00 - <module> - `graphnet.models.graphs` will be depricated soon. All functionality has been moved to `graphnet.models.data_representation`.[0m
[1;34mgraphnet[0m [SpawnProcess-3] [33mWARNING [0m 2026-06-08 14:05:01 - <module> - `icecube` not available. Some functionality may be missing.[0m
[1;34mgraphnet[0m [SpawnProcess-3] [33mWARNING [0m 2026-06-08 14:05:02 - <module> - `km3net` not available. Some functionality may be missing.[0m
torchdiffeq not found - no support for continuous flows. Install *torchdiffeq* if support is desired!
Meander not installed... contours can not be calculated.
Healpy not installed... spherical contours can not be calculated.
package *astropy* not found -> if you want to use plotting functionality for adaptive grids, install *astropy*!
package *mhealpy* not found -> if you want to use plotting functionality for adaptive grids, install *mhealpy*!
Cannot use healpy functionality. Install healpy, if you need to do entropy scanning!
[1;34mgraphnet[0m [SpawnProcess-3] [33mWARNING [0m 2026-06-08 14:05:04 - <module> - `graphnet.models.graphs` will be depricated soon. All functionality has been moved to `graphnet.models.data_representation`.[0m
[1;34mgraphnet[0m [SpawnProcess-4] [33mWARNING [0m 2026-06-08 14:05:05 - <module> - `icecube` not available. Some functionality may be missing.[0m
[1;34mgraphnet[0m [SpawnProcess-4] [33mWARNING [0m 2026-06-08 14:05:05 - <module> - `km3net` not available. Some functionality may be missing.[0m
torchdiffeq not found - no support for continuous flows. Install *torchdiffeq* if support is desired!
Meander not installed... contours can not be calculated.
Healpy not installed... spherical contours can not be calculated.
package *astropy* not found -> if you want to use plotting functionality for adaptive grids, install *astropy*!
package *mhealpy* not found -> if you want to use plotting functionality for adaptive grids, install *mhealpy*!
Cannot use healpy functionality. Install healpy, if you need to do entropy scanning!
[1;34mgraphnet[0m [SpawnProcess-4] [33mWARNING [0m 2026-06-08 14:05:07 - <module> - `graphnet.models.graphs` will be depricated soon. All functionality has been moved to `graphnet.models.data_representation`.[0m
[1;34mgraphnet[0m [SpawnProcess-5] [33mWARNING [0m 2026-06-08 14:05:09 - <module> - `icecube` not available. Some functionality may be missing.[0m
[1;34mgraphnet[0m [SpawnProcess-5] [33mWARNING [0m 2026-06-08 14:05:09 - <module> - `km3net` not available. Some functionality may be missing.[0m
torchdiffeq not found - no support for continuous flows. Install *torchdiffeq* if support is desired!
Meander not installed... contours can not be calculated.
Healpy not installed... spherical contours can not be calculated.
package *astropy* not found -> if you want to use plotting functionality for adaptive grids, install *astropy*!
package *mhealpy* not found -> if you want to use plotting functionality for adaptive grids, install *mhealpy*!
Cannot use healpy functionality. Install healpy, if you need to do entropy scanning!
[1;34mgraphnet[0m [SpawnProcess-5] [33mWARNING [0m 2026-06-08 14:05:11 - <module> - `graphnet.models.graphs` will be depricated soon. All functionality has been moved to `graphnet.models.data_representation`.[0m
[1;34mgraphnet[0m [SpawnProcess-6] [33mWARNING [0m 2026-06-08 14:05:12 - <module> - `icecube` not available. Some functionality may be missing.[0m
[1;34mgraphnet[0m [SpawnProcess-6] [33mWARNING [0m 2026-06-08 14:05:13 - <module> - `km3net` not available. Some functionality may be missing.[0m
torchdiffeq not found - no support for continuous flows. Install *torchdiffeq* if support is desired!
Meander not installed... contours can not be calculated.
Healpy not installed... spherical contours can not be calculated.
package *astropy* not found -> if you want to use plotting functionality for adaptive grids, install *astropy*!
package *mhealpy* not found -> if you want to use plotting functionality for adaptive grids, install *mhealpy*!
Cannot use healpy functionality. Install healpy, if you need to do entropy scanning!
[1;34mgraphnet[0m [SpawnProcess-6] [33mWARNING [0m 2026-06-08 14:05:15 - <module> - `graphnet.models.graphs` will be depricated soon. All functionality has been moved to `graphnet.models.data_representation`.[0m
[1;34mgraphnet[0m [SpawnProcess-7] [33mWARNING [0m 2026-06-08 14:05:16 - <module> - `icecube` not available. Some functionality may be missing.[0m
[1;34mgraphnet[0m [SpawnProcess-7] [33mWARNING [0m 2026-06-08 14:05:16 - <module> - `km3net` not available. Some functionality may be missing.[0m
torchdiffeq not found - no support for continuous flows. Install *torchdiffeq* if support is desired!
Meander not installed... contours can not be calculated.
Healpy not installed... spherical contours can not be calculated.
package *astropy* not found -> if you want to use plotting functionality for adaptive grids, install *astropy*!
package *mhealpy* not found -> if you want to use plotting functionality for adaptive grids, install *mhealpy*!
Cannot use healpy functionality. Install healpy, if you need to do entropy scanning!
[1;34mgraphnet[0m [SpawnProcess-7] [33mWARNING [0m 2026-06-08 14:05:18 - <module> - `graphnet.models.graphs` will be depricated soon. All functionality has been moved to `graphnet.models.data_representation`.[0m
[1;34mgraphnet[0m [SpawnProcess-8] [33mWARNING [0m 2026-06-08 14:05:20 - <module> - `icecube` not available. Some functionality may be missing.[0m
[1;34mgraphnet[0m [SpawnProcess-8] [33mWARNING [0m 2026-06-08 14:05:20 - <module> - `km3net` not available. Some functionality may be missing.[0m
torchdiffeq not found - no support for continuous flows. Install *torchdiffeq* if support is desired!
Meander not installed... contours can not be calculated.
Healpy not installed... spherical contours can not be calculated.
package *astropy* not found -> if you want to use plotting functionality for adaptive grids, install *astropy*!
package *mhealpy* not found -> if you want to use plotting functionality for adaptive grids, install *mhealpy*!
Cannot use healpy functionality. Install healpy, if you need to do entropy scanning!
[1;34mgraphnet[0m [SpawnProcess-8] [33mWARNING [0m 2026-06-08 14:05:22 - <module> - `graphnet.models.graphs` will be depricated soon. All functionality has been moved to `graphnet.models.data_representation`.[0m
[Classification] rows=104637
[Reconstruction] class0: routed events=65365
[Checkpoint] loaded reconstruction class0 energy: /project/def-nahee/kbas/Graphnet-Applications/Results/340StringMC/full_geometry_emax1e6/reconstruction/first_category/class0/exp003/train_and_val/energy/best_model.pth
[1;34mgraphnet[0m [SpawnProcess-9] [33mWARNING [0m 2026-06-08 14:06:47 - <module> - `icecube` not available. Some functionality may be missing.[0m
[1;34mgraphnet[0m [SpawnProcess-9] [33mWARNING [0m 2026-06-08 14:06:47 - <module> - `km3net` not available. Some functionality may be missing.[0m
torchdiffeq not found - no support for continuous flows. Install *torchdiffeq* if support is desired!
Meander not installed... contours can not be calculated.
Healpy not installed... spherical contours can not be calculated.
package *astropy* not found -> if you want to use plotting functionality for adaptive grids, install *astropy*!
package *mhealpy* not found -> if you want to use plotting functionality for adaptive grids, install *mhealpy*!
Cannot use healpy functionality. Install healpy, if you need to do entropy scanning!
[1;34mgraphnet[0m [SpawnProcess-9] [33mWARNING [0m 2026-06-08 14:06:50 - <module> - `graphnet.models.graphs` will be depricated soon. All functionality has been moved to `graphnet.models.data_representation`.[0m
[1;34mgraphnet[0m [SpawnProcess-10] [33mWARNING [0m 2026-06-08 14:06:51 - <module> - `icecube` not available. Some functionality may be missing.[0m
[1;34mgraphnet[0m [SpawnProcess-10] [33mWARNING [0m 2026-06-08 14:06:51 - <module> - `km3net` not available. Some functionality may be missing.[0m
torchdiffeq not found - no support for continuous flows. Install *torchdiffeq* if support is desired!
Meander not installed... contours can not be calculated.
Healpy not installed... spherical contours can not be calculated.
package *astropy* not found -> if you want to use plotting functionality for adaptive grids, install *astropy*!
package *mhealpy* not found -> if you want to use plotting functionality for adaptive grids, install *mhealpy*!
Cannot use healpy functionality. Install healpy, if you need to do entropy scanning!
[1;34mgraphnet[0m [SpawnProcess-10] [33mWARNING [0m 2026-06-08 14:06:53 - <module> - `graphnet.models.graphs` will be depricated soon. All functionality has been moved to `graphnet.models.data_representation`.[0m
[1;34mgraphnet[0m [SpawnProcess-11] [33mWARNING [0m 2026-06-08 14:06:55 - <module> - `icecube` not available. Some functionality may be missing.[0m
[1;34mgraphnet[0m [SpawnProcess-11] [33mWARNING [0m 2026-06-08 14:06:55 - <module> - `km3net` not available. Some functionality may be missing.[0m
torchdiffeq not found - no support for continuous flows. Install *torchdiffeq* if support is desired!
Meander not installed... contours can not be calculated.
Healpy not installed... spherical contours can not be calculated.
package *astropy* not found -> if you want to use plotting functionality for adaptive grids, install *astropy*!
package *mhealpy* not found -> if you want to use plotting functionality for adaptive grids, install *mhealpy*!
Cannot use healpy functionality. Install healpy, if you need to do entropy scanning!
[1;34mgraphnet[0m [SpawnProcess-11] [33mWARNING [0m 2026-06-08 14:06:57 - <module> - `graphnet.models.graphs` will be depricated soon. All functionality has been moved to `graphnet.models.data_representation`.[0m
[1;34mgraphnet[0m [SpawnProcess-12] [33mWARNING [0m 2026-06-08 14:06:58 - <module> - `icecube` not available. Some functionality may be missing.[0m
[1;34mgraphnet[0m [SpawnProcess-12] [33mWARNING [0m 2026-06-08 14:06:59 - <module> - `km3net` not available. Some functionality may be missing.[0m
torchdiffeq not found - no support for continuous flows. Install *torchdiffeq* if support is desired!
Meander not installed... contours can not be calculated.
Healpy not installed... spherical contours can not be calculated.
package *astropy* not found -> if you want to use plotting functionality for adaptive grids, install *astropy*!
package *mhealpy* not found -> if you want to use plotting functionality for adaptive grids, install *mhealpy*!
Cannot use healpy functionality. Install healpy, if you need to do entropy scanning!
[1;34mgraphnet[0m [SpawnProcess-12] [33mWARNING [0m 2026-06-08 14:07:01 - <module> - `graphnet.models.graphs` will be depricated soon. All functionality has been moved to `graphnet.models.data_representation`.[0m
[1;34mgraphnet[0m [SpawnProcess-13] [33mWARNING [0m 2026-06-08 14:07:02 - <module> - `icecube` not available. Some functionality may be missing.[0m
[1;34mgraphnet[0m [SpawnProcess-13] [33mWARNING [0m 2026-06-08 14:07:03 - <module> - `km3net` not available. Some functionality may be missing.[0m
torchdiffeq not found - no support for continuous flows. Install *torchdiffeq* if support is desired!
Meander not installed... contours can not be calculated.
Healpy not installed... spherical contours can not be calculated.
package *astropy* not found -> if you want to use plotting functionality for adaptive grids, install *astropy*!
package *mhealpy* not found -> if you want to use plotting functionality for adaptive grids, install *mhealpy*!
Cannot use healpy functionality. Install healpy, if you need to do entropy scanning!
[1;34mgraphnet[0m [SpawnProcess-13] [33mWARNING [0m 2026-06-08 14:07:05 - <module> - `graphnet.models.graphs` will be depricated soon. All functionality has been moved to `graphnet.models.data_representation`.[0m
[1;34mgraphnet[0m [SpawnProcess-14] [33mWARNING [0m 2026-06-08 14:07:06 - <module> - `icecube` not available. Some functionality may be missing.[0m
[1;34mgraphnet[0m [SpawnProcess-14] [33mWARNING [0m 2026-06-08 14:07:06 - <module> - `km3net` not available. Some functionality may be missing.[0m
torchdiffeq not found - no support for continuous flows. Install *torchdiffeq* if support is desired!
Meander not installed... contours can not be calculated.
Healpy not installed... spherical contours can not be calculated.
package *astropy* not found -> if you want to use plotting functionality for adaptive grids, install *astropy*!
package *mhealpy* not found -> if you want to use plotting functionality for adaptive grids, install *mhealpy*!
Cannot use healpy functionality. Install healpy, if you need to do entropy scanning!
[1;34mgraphnet[0m [SpawnProcess-14] [33mWARNING [0m 2026-06-08 14:07:08 - <module> - `graphnet.models.graphs` will be depricated soon. All functionality has been moved to `graphnet.models.data_representation`.[0m
[1;34mgraphnet[0m [SpawnProcess-15] [33mWARNING [0m 2026-06-08 14:07:10 - <module> - `icecube` not available. Some functionality may be missing.[0m
[1;34mgraphnet[0m [SpawnProcess-15] [33mWARNING [0m 2026-06-08 14:07:10 - <module> - `km3net` not available. Some functionality may be missing.[0m
torchdiffeq not found - no support for continuous flows. Install *torchdiffeq* if support is desired!
Meander not installed... contours can not be calculated.
Healpy not installed... spherical contours can not be calculated.
package *astropy* not found -> if you want to use plotting functionality for adaptive grids, install *astropy*!
package *mhealpy* not found -> if you want to use plotting functionality for adaptive grids, install *mhealpy*!
Cannot use healpy functionality. Install healpy, if you need to do entropy scanning!
[1;34mgraphnet[0m [SpawnProcess-15] [33mWARNING [0m 2026-06-08 14:07:12 - <module> - `graphnet.models.graphs` will be depricated soon. All functionality has been moved to `graphnet.models.data_representation`.[0m
[1;34mgraphnet[0m [SpawnProcess-16] [33mWARNING [0m 2026-06-08 14:07:13 - <module> - `icecube` not available. Some functionality may be missing.[0m
[1;34mgraphnet[0m [SpawnProcess-16] [33mWARNING [0m 2026-06-08 14:07:14 - <module> - `km3net` not available. Some functionality may be missing.[0m
torchdiffeq not found - no support for continuous flows. Install *torchdiffeq* if support is desired!
Meander not installed... contours can not be calculated.
Healpy not installed... spherical contours can not be calculated.
package *astropy* not found -> if you want to use plotting functionality for adaptive grids, install *astropy*!
package *mhealpy* not found -> if you want to use plotting functionality for adaptive grids, install *mhealpy*!
Cannot use healpy functionality. Install healpy, if you need to do entropy scanning!
[1;34mgraphnet[0m [SpawnProcess-16] [33mWARNING [0m 2026-06-08 14:07:16 - <module> - `graphnet.models.graphs` will be depricated soon. All functionality has been moved to `graphnet.models.data_representation`.[0m
[Reconstruction] class0 energy: rows=65365
[Checkpoint] loaded reconstruction class0 zenith: /project/def-nahee/kbas/Graphnet-Applications/Results/340StringMC/full_geometry_emax1e6/reconstruction/first_category/class0/exp003/train_and_val/zenith/best_model.pth
[Reconstruction] class0 zenith: rows=65365
[Checkpoint] loaded reconstruction class0 azimuth: /project/def-nahee/kbas/Graphnet-Applications/Results/340StringMC/full_geometry_emax1e6/reconstruction/first_category/class0/exp003/train_and_val/azimuth/best_model.pth
[Reconstruction] class0 azimuth: rows=65365
[Reconstruction] class1: routed events=39272
[Checkpoint] loaded reconstruction class1 energy: /project/def-nahee/kbas/Graphnet-Applications/Results/340StringMC/full_geometry_emax1e6/reconstruction/first_category/class1/exp003/train_and_val/energy/best_model.pth
[1;34mgraphnet[0m [SpawnProcess-17] [33mWARNING [0m 2026-06-08 14:10:03 - <module> - `icecube` not available. Some functionality may be missing.[0m
[1;34mgraphnet[0m [SpawnProcess-17] [33mWARNING [0m 2026-06-08 14:10:03 - <module> - `km3net` not available. Some functionality may be missing.[0m
torchdiffeq not found - no support for continuous flows. Install *torchdiffeq* if support is desired!
Meander not installed... contours can not be calculated.
Healpy not installed... spherical contours can not be calculated.
package *astropy* not found -> if you want to use plotting functionality for adaptive grids, install *astropy*!
package *mhealpy* not found -> if you want to use plotting functionality for adaptive grids, install *mhealpy*!
Cannot use healpy functionality. Install healpy, if you need to do entropy scanning!
[1;34mgraphnet[0m [SpawnProcess-17] [33mWARNING [0m 2026-06-08 14:10:05 - <module> - `graphnet.models.graphs` will be depricated soon. All functionality has been moved to `graphnet.models.data_representation`.[0m
[1;34mgraphnet[0m [SpawnProcess-18] [33mWARNING [0m 2026-06-08 14:10:07 - <module> - `icecube` not available. Some functionality may be missing.[0m
[1;34mgraphnet[0m [SpawnProcess-18] [33mWARNING [0m 2026-06-08 14:10:07 - <module> - `km3net` not available. Some functionality may be missing.[0m
torchdiffeq not found - no support for continuous flows. Install *torchdiffeq* if support is desired!
Meander not installed... contours can not be calculated.
Healpy not installed... spherical contours can not be calculated.
package *astropy* not found -> if you want to use plotting functionality for adaptive grids, install *astropy*!
package *mhealpy* not found -> if you want to use plotting functionality for adaptive grids, install *mhealpy*!
Cannot use healpy functionality. Install healpy, if you need to do entropy scanning!
[1;34mgraphnet[0m [SpawnProcess-18] [33mWARNING [0m 2026-06-08 14:10:09 - <module> - `graphnet.models.graphs` will be depricated soon. All functionality has been moved to `graphnet.models.data_representation`.[0m
[1;34mgraphnet[0m [SpawnProcess-19] [33mWARNING [0m 2026-06-08 14:10:10 - <module> - `icecube` not available. Some functionality may be missing.[0m
[1;34mgraphnet[0m [SpawnProcess-19] [33mWARNING [0m 2026-06-08 14:10:11 - <module> - `km3net` not available. Some functionality may be missing.[0m
torchdiffeq not found - no support for continuous flows. Install *torchdiffeq* if support is desired!
Meander not installed... contours can not be calculated.
Healpy not installed... spherical contours can not be calculated.
package *astropy* not found -> if you want to use plotting functionality for adaptive grids, install *astropy*!
package *mhealpy* not found -> if you want to use plotting functionality for adaptive grids, install *mhealpy*!
Cannot use healpy functionality. Install healpy, if you need to do entropy scanning!
[1;34mgraphnet[0m [SpawnProcess-19] [33mWARNING [0m 2026-06-08 14:10:13 - <module> - `graphnet.models.graphs` will be depricated soon. All functionality has been moved to `graphnet.models.data_representation`.[0m
[1;34mgraphnet[0m [SpawnProcess-20] [33mWARNING [0m 2026-06-08 14:10:14 - <module> - `icecube` not available. Some functionality may be missing.[0m
[1;34mgraphnet[0m [SpawnProcess-20] [33mWARNING [0m 2026-06-08 14:10:14 - <module> - `km3net` not available. Some functionality may be missing.[0m
torchdiffeq not found - no support for continuous flows. Install *torchdiffeq* if support is desired!
Meander not installed... contours can not be calculated.
Healpy not installed... spherical contours can not be calculated.
package *astropy* not found -> if you want to use plotting functionality for adaptive grids, install *astropy*!
package *mhealpy* not found -> if you want to use plotting functionality for adaptive grids, install *mhealpy*!
Cannot use healpy functionality. Install healpy, if you need to do entropy scanning!
[1;34mgraphnet[0m [SpawnProcess-20] [33mWARNING [0m 2026-06-08 14:10:17 - <module> - `graphnet.models.graphs` will be depricated soon. All functionality has been moved to `graphnet.models.data_representation`.[0m
[1;34mgraphnet[0m [SpawnProcess-21] [33mWARNING [0m 2026-06-08 14:10:18 - <module> - `icecube` not available. Some functionality may be missing.[0m
[1;34mgraphnet[0m [SpawnProcess-21] [33mWARNING [0m 2026-06-08 14:10:18 - <module> - `km3net` not available. Some functionality may be missing.[0m
torchdiffeq not found - no support for continuous flows. Install *torchdiffeq* if support is desired!
Meander not installed... contours can not be calculated.
Healpy not installed... spherical contours can not be calculated.
package *astropy* not found -> if you want to use plotting functionality for adaptive grids, install *astropy*!
package *mhealpy* not found -> if you want to use plotting functionality for adaptive grids, install *mhealpy*!
Cannot use healpy functionality. Install healpy, if you need to do entropy scanning!
[1;34mgraphnet[0m [SpawnProcess-21] [33mWARNING [0m 2026-06-08 14:10:20 - <module> - `graphnet.models.graphs` will be depricated soon. All functionality has been moved to `graphnet.models.data_representation`.[0m
[1;34mgraphnet[0m [SpawnProcess-22] [33mWARNING [0m 2026-06-08 14:10:22 - <module> - `icecube` not available. Some functionality may be missing.[0m
[1;34mgraphnet[0m [SpawnProcess-22] [33mWARNING [0m 2026-06-08 14:10:22 - <module> - `km3net` not available. Some functionality may be missing.[0m
torchdiffeq not found - no support for continuous flows. Install *torchdiffeq* if support is desired!
Meander not installed... contours can not be calculated.
Healpy not installed... spherical contours can not be calculated.
package *astropy* not found -> if you want to use plotting functionality for adaptive grids, install *astropy*!
package *mhealpy* not found -> if you want to use plotting functionality for adaptive grids, install *mhealpy*!
Cannot use healpy functionality. Install healpy, if you need to do entropy scanning!
[1;34mgraphnet[0m [SpawnProcess-22] [33mWARNING [0m 2026-06-08 14:10:24 - <module> - `graphnet.models.graphs` will be depricated soon. All functionality has been moved to `graphnet.models.data_representation`.[0m
[1;34mgraphnet[0m [SpawnProcess-23] [33mWARNING [0m 2026-06-08 14:10:26 - <module> - `icecube` not available. Some functionality may be missing.[0m
[1;34mgraphnet[0m [SpawnProcess-23] [33mWARNING [0m 2026-06-08 14:10:26 - <module> - `km3net` not available. Some functionality may be missing.[0m
torchdiffeq not found - no support for continuous flows. Install *torchdiffeq* if support is desired!
Meander not installed... contours can not be calculated.
Healpy not installed... spherical contours can not be calculated.
package *astropy* not found -> if you want to use plotting functionality for adaptive grids, install *astropy*!
package *mhealpy* not found -> if you want to use plotting functionality for adaptive grids, install *mhealpy*!
Cannot use healpy functionality. Install healpy, if you need to do entropy scanning!
[1;34mgraphnet[0m [SpawnProcess-23] [33mWARNING [0m 2026-06-08 14:10:28 - <module> - `graphnet.models.graphs` will be depricated soon. All functionality has been moved to `graphnet.models.data_representation`.[0m
[1;34mgraphnet[0m [SpawnProcess-24] [33mWARNING [0m 2026-06-08 14:10:29 - <module> - `icecube` not available. Some functionality may be missing.[0m
[1;34mgraphnet[0m [SpawnProcess-24] [33mWARNING [0m 2026-06-08 14:10:29 - <module> - `km3net` not available. Some functionality may be missing.[0m
torchdiffeq not found - no support for continuous flows. Install *torchdiffeq* if support is desired!
Meander not installed... contours can not be calculated.
Healpy not installed... spherical contours can not be calculated.
package *astropy* not found -> if you want to use plotting functionality for adaptive grids, install *astropy*!
package *mhealpy* not found -> if you want to use plotting functionality for adaptive grids, install *mhealpy*!
Cannot use healpy functionality. Install healpy, if you need to do entropy scanning!
[1;34mgraphnet[0m [SpawnProcess-24] [33mWARNING [0m 2026-06-08 14:10:31 - <module> - `graphnet.models.graphs` will be depricated soon. All functionality has been moved to `graphnet.models.data_representation`.[0m
[Reconstruction] class1 energy: rows=39272
[Checkpoint] loaded reconstruction class1 zenith: /project/def-nahee/kbas/Graphnet-Applications/Results/340StringMC/full_geometry_emax1e6/reconstruction/first_category/class1/exp003/train_and_val/zenith/best_model.pth
[Reconstruction] class1 zenith: rows=39272
[Checkpoint] loaded reconstruction class1 azimuth: /project/def-nahee/kbas/Graphnet-Applications/Results/340StringMC/full_geometry_emax1e6/reconstruction/first_category/class1/exp003/train_and_val/azimuth/best_model.pth
[Reconstruction] class1 azimuth: rows=39272
[Output] wrote /project/def-nahee/kbas/Graphnet-Applications/Results/340StringMC/full_geometry_emax1e6/inference/first_category/exp003/inference/inference_predictions.csv
[Notebook] executing report: /project/def-nahee/kbas/Graphnet-Applications/Results/340StringMC/full_geometry_emax1e6/inference/first_category/exp003/inference/inference_report.ipynb
[Notebook] nbconvert failed: [Errno 2] No such file or directory: 'jupyter'
[Notebook] falling back to in-process notebook execution
[Notebook] executed report with fallback: /project/def-nahee/kbas/Graphnet-Applications/Results/340StringMC/full_geometry_emax1e6/inference/first_category/exp003/inference/inference_report.ipynb
--- run_inference finished (rc=0)
