--- HOST: JOB=48330520  HOST=fc11014
--- CONFIG: /project/6061446/kbas/graphnet/examples/08_pone/configs/inference/102_string_emax1e6__category2_tauCC_others_muonCC.yml
--- OUTPUT_PREPARED: 1
--- LOGFILE: /project/def-nahee/kbas/Graphnet-Applications/Results/340StringMC/102_string_emax1e6/inference/category2_tauCC_others_muonCC/baseline/inference/baseline_infer_340StringMC_102_string_emax1e6_category2_tauCC_others_muonCC_baseline.out
--- INFERENCE_SCRIPT: /project/def-nahee/kbas/graphnet/examples/08_pone/inference_scripts/run_inference.py
INFO:    Using cached SIF image
WARNING: While bind mounting '/project:/project': destination is already in the mount point list
[1;34mgraphnet[0m [MainProcess] [33mWARNING [0m 2026-07-12 03:12:56 - <module> - `icecube` not available. Some functionality may be missing.[0m
[1;34mgraphnet[0m [MainProcess] [33mWARNING [0m 2026-07-12 03:12:58 - <module> - `km3net` not available. Some functionality may be missing.[0m
torchdiffeq not found - no support for continuous flows. Install *torchdiffeq* if support is desired!
Meander not installed... contours can not be calculated.
Healpy not installed... spherical contours can not be calculated.
package *astropy* not found -> if you want to use plotting functionality for adaptive grids, install *astropy*!
package *mhealpy* not found -> if you want to use plotting functionality for adaptive grids, install *mhealpy*!
Cannot use healpy functionality. Install healpy, if you need to do entropy scanning!
[1;34mgraphnet[0m [MainProcess] [33mWARNING [0m 2026-07-12 03:13:06 - <module> - `graphnet.models.graphs` will be depricated soon. All functionality has been moved to `graphnet.models.data_representation`.[0m
[Paths] mixed test inputs:
  Muon: /home/kbas/scratch/String340MC_pone_offline_version3_plus/Parquet/102_string/Muon_Parquet_Emax1e6/merged/test_reindexed
  Electron: /home/kbas/scratch/String340MC_pone_offline_version3_plus/Parquet/102_string/Electron_Parquet_Emax1e6/merged/test_reindexed
  Tau: /home/kbas/scratch/String340MC_pone_offline_version3_plus/Parquet/102_string/Tau_Parquet_Emax1e6/merged/test_reindexed
  NC: /home/kbas/scratch/String340MC_pone_offline_version3_plus/Parquet/102_string/NC_Parquet_Emax1e6/merged/test_reindexed
[Preflight] ready: 4 test paths, 3 route classes, 3 reconstruction targets

========== CONFIG ==========
classification:
  config: /project/def-nahee/kbas/graphnet/examples/08_pone/configs/classification/102_string_emax1e6__category2_tauCC_others_muonCC.yml
  experiment_name: baseline
  positive_label: 2
  threshold: null
data:
  features:
  - pmt_x
  - pmt_y
  - pmt_z
  - dom_time
  - charge
  percentiles_csv: null
  pulsemaps: features
  split: test
  truth_all:
  - event_no
  - RunID
  - SubrunID
  - EventID
  - SubEventID
  - category1_isMuonCC
  - category2_tauCC_others_muonCC
  - category_3_contains_muon
  - position_x
  - position_y
  - position_z
  - pid
  - is_CC
  - totalEnergy
  - zenith
  - azimuth
  - finalStateX
  - finalStateY
  - finalType1
  - finalType2
  - initialType
  - totalColumnDepth
  - impactParameter
  - fully_contained
  - starting_track
  - stopping_track
  - through_going
  - missed_track
  truth_table: truth
experiment_name: baseline
flavors:
- Muon
- Electron
- Tau
- NC
geometry: 102_string_emax1e6
inference:
  batch_size: 256
  multiprocessing_context: spawn
  num_workers: 8
  pin_memory: true
mc: 340StringMC
notebook:
  allow_failure: true
  command: jupyter
  enabled: true
  output_name: inference_report.ipynb
  template: /project/def-nahee/kbas/graphnet/examples/08_pone/inference_scripts/inference_report_template.ipynb
  timeout_seconds: 3600
output:
  dirs:
    inference: inference
  root_dir: /project/def-nahee/kbas/Graphnet-Applications/Results
reconstruction:
  config: /project/def-nahee/kbas/graphnet/examples/08_pone/configs/reconstruction/102_string_emax1e6__category2_tauCC_others_muonCC.yml
  experiment_name: baseline
  targets:
  - energy
  - zenith
  - azimuth
routing:
  category: category2_tauCC_others_muonCC
  classes:
  - 0
  - 1
  - 2
run:
  existing_output: error
slurm:
  account: def-nahee
  cpus_per_task: 8
  exclude: fc10713
  gpus_per_node: nvidia_h100_80gb_hbm3_3g.40gb:1
  mem: 96G
  time: 08:00:00
task:
  mode: routed
  type: inference

============================

[Output] inference dir: /project/def-nahee/kbas/Graphnet-Applications/Results/340StringMC/102_string_emax1e6/inference/category2_tauCC_others_muonCC/baseline/inference
[Paths] mixed test inputs:
  Muon: /home/kbas/scratch/String340MC_pone_offline_version3_plus/Parquet/102_string/Muon_Parquet_Emax1e6/merged/test_reindexed
  Electron: /home/kbas/scratch/String340MC_pone_offline_version3_plus/Parquet/102_string/Electron_Parquet_Emax1e6/merged/test_reindexed
  Tau: /home/kbas/scratch/String340MC_pone_offline_version3_plus/Parquet/102_string/Tau_Parquet_Emax1e6/merged/test_reindexed
  NC: /home/kbas/scratch/String340MC_pone_offline_version3_plus/Parquet/102_string/NC_Parquet_Emax1e6/merged/test_reindexed
[1;34mgraphnet[0m [MainProcess] [32mINFO    [0m 2026-07-12 03:13:07 - PONE.__init__ - Writing log to [1mlogs/graphnet_20260712-031307.log[0m
[Checkpoint] loaded classification: /project/def-nahee/kbas/Graphnet-Applications/Results/340StringMC/102_string_emax1e6/classification/category2_tauCC_others_muonCC/baseline/train_and_val/best_model.pth
[1;34mgraphnet[0m [SpawnProcess-1] [33mWARNING [0m 2026-07-12 03:13:10 - <module> - `icecube` not available. Some functionality may be missing.[0m
[1;34mgraphnet[0m [SpawnProcess-1] [33mWARNING [0m 2026-07-12 03:13:10 - <module> - `km3net` not available. Some functionality may be missing.[0m
torchdiffeq not found - no support for continuous flows. Install *torchdiffeq* if support is desired!
Meander not installed... contours can not be calculated.
Healpy not installed... spherical contours can not be calculated.
package *astropy* not found -> if you want to use plotting functionality for adaptive grids, install *astropy*!
package *mhealpy* not found -> if you want to use plotting functionality for adaptive grids, install *mhealpy*!
Cannot use healpy functionality. Install healpy, if you need to do entropy scanning!
[1;34mgraphnet[0m [SpawnProcess-1] [33mWARNING [0m 2026-07-12 03:13:13 - <module> - `graphnet.models.graphs` will be depricated soon. All functionality has been moved to `graphnet.models.data_representation`.[0m
[1;34mgraphnet[0m [SpawnProcess-2] [33mWARNING [0m 2026-07-12 03:13:14 - <module> - `icecube` not available. Some functionality may be missing.[0m
[1;34mgraphnet[0m [SpawnProcess-2] [33mWARNING [0m 2026-07-12 03:13:15 - <module> - `km3net` not available. Some functionality may be missing.[0m
torchdiffeq not found - no support for continuous flows. Install *torchdiffeq* if support is desired!
Meander not installed... contours can not be calculated.
Healpy not installed... spherical contours can not be calculated.
package *astropy* not found -> if you want to use plotting functionality for adaptive grids, install *astropy*!
package *mhealpy* not found -> if you want to use plotting functionality for adaptive grids, install *mhealpy*!
Cannot use healpy functionality. Install healpy, if you need to do entropy scanning!
[1;34mgraphnet[0m [SpawnProcess-2] [33mWARNING [0m 2026-07-12 03:13:18 - <module> - `graphnet.models.graphs` will be depricated soon. All functionality has been moved to `graphnet.models.data_representation`.[0m
[1;34mgraphnet[0m [SpawnProcess-3] [33mWARNING [0m 2026-07-12 03:13:20 - <module> - `icecube` not available. Some functionality may be missing.[0m
[1;34mgraphnet[0m [SpawnProcess-3] [33mWARNING [0m 2026-07-12 03:13:20 - <module> - `km3net` not available. Some functionality may be missing.[0m
torchdiffeq not found - no support for continuous flows. Install *torchdiffeq* if support is desired!
Meander not installed... contours can not be calculated.
Healpy not installed... spherical contours can not be calculated.
package *astropy* not found -> if you want to use plotting functionality for adaptive grids, install *astropy*!
package *mhealpy* not found -> if you want to use plotting functionality for adaptive grids, install *mhealpy*!
Cannot use healpy functionality. Install healpy, if you need to do entropy scanning!
[1;34mgraphnet[0m [SpawnProcess-3] [33mWARNING [0m 2026-07-12 03:13:23 - <module> - `graphnet.models.graphs` will be depricated soon. All functionality has been moved to `graphnet.models.data_representation`.[0m
[1;34mgraphnet[0m [SpawnProcess-4] [33mWARNING [0m 2026-07-12 03:13:24 - <module> - `icecube` not available. Some functionality may be missing.[0m
[1;34mgraphnet[0m [SpawnProcess-4] [33mWARNING [0m 2026-07-12 03:13:25 - <module> - `km3net` not available. Some functionality may be missing.[0m
torchdiffeq not found - no support for continuous flows. Install *torchdiffeq* if support is desired!
Meander not installed... contours can not be calculated.
Healpy not installed... spherical contours can not be calculated.
package *astropy* not found -> if you want to use plotting functionality for adaptive grids, install *astropy*!
package *mhealpy* not found -> if you want to use plotting functionality for adaptive grids, install *mhealpy*!
Cannot use healpy functionality. Install healpy, if you need to do entropy scanning!
[1;34mgraphnet[0m [SpawnProcess-4] [33mWARNING [0m 2026-07-12 03:13:27 - <module> - `graphnet.models.graphs` will be depricated soon. All functionality has been moved to `graphnet.models.data_representation`.[0m
[1;34mgraphnet[0m [SpawnProcess-5] [33mWARNING [0m 2026-07-12 03:13:28 - <module> - `icecube` not available. Some functionality may be missing.[0m
[1;34mgraphnet[0m [SpawnProcess-5] [33mWARNING [0m 2026-07-12 03:13:29 - <module> - `km3net` not available. Some functionality may be missing.[0m
torchdiffeq not found - no support for continuous flows. Install *torchdiffeq* if support is desired!
Meander not installed... contours can not be calculated.
Healpy not installed... spherical contours can not be calculated.
package *astropy* not found -> if you want to use plotting functionality for adaptive grids, install *astropy*!
package *mhealpy* not found -> if you want to use plotting functionality for adaptive grids, install *mhealpy*!
Cannot use healpy functionality. Install healpy, if you need to do entropy scanning!
[1;34mgraphnet[0m [SpawnProcess-5] [33mWARNING [0m 2026-07-12 03:13:31 - <module> - `graphnet.models.graphs` will be depricated soon. All functionality has been moved to `graphnet.models.data_representation`.[0m
[1;34mgraphnet[0m [SpawnProcess-6] [33mWARNING [0m 2026-07-12 03:13:32 - <module> - `icecube` not available. Some functionality may be missing.[0m
[1;34mgraphnet[0m [SpawnProcess-6] [33mWARNING [0m 2026-07-12 03:13:33 - <module> - `km3net` not available. Some functionality may be missing.[0m
torchdiffeq not found - no support for continuous flows. Install *torchdiffeq* if support is desired!
Meander not installed... contours can not be calculated.
Healpy not installed... spherical contours can not be calculated.
package *astropy* not found -> if you want to use plotting functionality for adaptive grids, install *astropy*!
package *mhealpy* not found -> if you want to use plotting functionality for adaptive grids, install *mhealpy*!
Cannot use healpy functionality. Install healpy, if you need to do entropy scanning!
[1;34mgraphnet[0m [SpawnProcess-6] [33mWARNING [0m 2026-07-12 03:13:35 - <module> - `graphnet.models.graphs` will be depricated soon. All functionality has been moved to `graphnet.models.data_representation`.[0m
[1;34mgraphnet[0m [SpawnProcess-7] [33mWARNING [0m 2026-07-12 03:13:36 - <module> - `icecube` not available. Some functionality may be missing.[0m
[1;34mgraphnet[0m [SpawnProcess-7] [33mWARNING [0m 2026-07-12 03:13:37 - <module> - `km3net` not available. Some functionality may be missing.[0m
torchdiffeq not found - no support for continuous flows. Install *torchdiffeq* if support is desired!
Meander not installed... contours can not be calculated.
Healpy not installed... spherical contours can not be calculated.
package *astropy* not found -> if you want to use plotting functionality for adaptive grids, install *astropy*!
package *mhealpy* not found -> if you want to use plotting functionality for adaptive grids, install *mhealpy*!
Cannot use healpy functionality. Install healpy, if you need to do entropy scanning!
[1;34mgraphnet[0m [SpawnProcess-7] [33mWARNING [0m 2026-07-12 03:13:39 - <module> - `graphnet.models.graphs` will be depricated soon. All functionality has been moved to `graphnet.models.data_representation`.[0m
[1;34mgraphnet[0m [SpawnProcess-8] [33mWARNING [0m 2026-07-12 03:13:40 - <module> - `icecube` not available. Some functionality may be missing.[0m
[1;34mgraphnet[0m [SpawnProcess-8] [33mWARNING [0m 2026-07-12 03:13:41 - <module> - `km3net` not available. Some functionality may be missing.[0m
torchdiffeq not found - no support for continuous flows. Install *torchdiffeq* if support is desired!
Meander not installed... contours can not be calculated.
Healpy not installed... spherical contours can not be calculated.
package *astropy* not found -> if you want to use plotting functionality for adaptive grids, install *astropy*!
package *mhealpy* not found -> if you want to use plotting functionality for adaptive grids, install *mhealpy*!
Cannot use healpy functionality. Install healpy, if you need to do entropy scanning!
[1;34mgraphnet[0m [SpawnProcess-8] [33mWARNING [0m 2026-07-12 03:13:43 - <module> - `graphnet.models.graphs` will be depricated soon. All functionality has been moved to `graphnet.models.data_representation`.[0m
[Classification] rows=46618
[Reconstruction] class0: routed events=110
[Checkpoint] loaded reconstruction class0 energy: /project/def-nahee/kbas/Graphnet-Applications/Results/340StringMC/102_string_emax1e6/reconstruction/category2_tauCC_others_muonCC/class0/baseline/train_and_val/energy/best_model.pth
[1;34mgraphnet[0m [SpawnProcess-9] [33mWARNING [0m 2026-07-12 03:14:54 - <module> - `icecube` not available. Some functionality may be missing.[0m
[1;34mgraphnet[0m [SpawnProcess-9] [33mWARNING [0m 2026-07-12 03:14:54 - <module> - `km3net` not available. Some functionality may be missing.[0m
torchdiffeq not found - no support for continuous flows. Install *torchdiffeq* if support is desired!
Meander not installed... contours can not be calculated.
Healpy not installed... spherical contours can not be calculated.
package *astropy* not found -> if you want to use plotting functionality for adaptive grids, install *astropy*!
package *mhealpy* not found -> if you want to use plotting functionality for adaptive grids, install *mhealpy*!
Cannot use healpy functionality. Install healpy, if you need to do entropy scanning!
[1;34mgraphnet[0m [SpawnProcess-9] [33mWARNING [0m 2026-07-12 03:14:56 - <module> - `graphnet.models.graphs` will be depricated soon. All functionality has been moved to `graphnet.models.data_representation`.[0m
[1;34mgraphnet[0m [SpawnProcess-10] [33mWARNING [0m 2026-07-12 03:14:58 - <module> - `icecube` not available. Some functionality may be missing.[0m
[1;34mgraphnet[0m [SpawnProcess-10] [33mWARNING [0m 2026-07-12 03:14:58 - <module> - `km3net` not available. Some functionality may be missing.[0m
torchdiffeq not found - no support for continuous flows. Install *torchdiffeq* if support is desired!
Meander not installed... contours can not be calculated.
Healpy not installed... spherical contours can not be calculated.
package *astropy* not found -> if you want to use plotting functionality for adaptive grids, install *astropy*!
package *mhealpy* not found -> if you want to use plotting functionality for adaptive grids, install *mhealpy*!
Cannot use healpy functionality. Install healpy, if you need to do entropy scanning!
[1;34mgraphnet[0m [SpawnProcess-10] [33mWARNING [0m 2026-07-12 03:15:00 - <module> - `graphnet.models.graphs` will be depricated soon. All functionality has been moved to `graphnet.models.data_representation`.[0m
[1;34mgraphnet[0m [SpawnProcess-11] [33mWARNING [0m 2026-07-12 03:15:02 - <module> - `icecube` not available. Some functionality may be missing.[0m
[1;34mgraphnet[0m [SpawnProcess-11] [33mWARNING [0m 2026-07-12 03:15:02 - <module> - `km3net` not available. Some functionality may be missing.[0m
torchdiffeq not found - no support for continuous flows. Install *torchdiffeq* if support is desired!
Meander not installed... contours can not be calculated.
Healpy not installed... spherical contours can not be calculated.
package *astropy* not found -> if you want to use plotting functionality for adaptive grids, install *astropy*!
package *mhealpy* not found -> if you want to use plotting functionality for adaptive grids, install *mhealpy*!
Cannot use healpy functionality. Install healpy, if you need to do entropy scanning!
[1;34mgraphnet[0m [SpawnProcess-11] [33mWARNING [0m 2026-07-12 03:15:04 - <module> - `graphnet.models.graphs` will be depricated soon. All functionality has been moved to `graphnet.models.data_representation`.[0m
[1;34mgraphnet[0m [SpawnProcess-12] [33mWARNING [0m 2026-07-12 03:15:06 - <module> - `icecube` not available. Some functionality may be missing.[0m
[1;34mgraphnet[0m [SpawnProcess-12] [33mWARNING [0m 2026-07-12 03:15:06 - <module> - `km3net` not available. Some functionality may be missing.[0m
torchdiffeq not found - no support for continuous flows. Install *torchdiffeq* if support is desired!
Meander not installed... contours can not be calculated.
Healpy not installed... spherical contours can not be calculated.
package *astropy* not found -> if you want to use plotting functionality for adaptive grids, install *astropy*!
package *mhealpy* not found -> if you want to use plotting functionality for adaptive grids, install *mhealpy*!
Cannot use healpy functionality. Install healpy, if you need to do entropy scanning!
[1;34mgraphnet[0m [SpawnProcess-12] [33mWARNING [0m 2026-07-12 03:15:08 - <module> - `graphnet.models.graphs` will be depricated soon. All functionality has been moved to `graphnet.models.data_representation`.[0m
[1;34mgraphnet[0m [SpawnProcess-13] [33mWARNING [0m 2026-07-12 03:15:09 - <module> - `icecube` not available. Some functionality may be missing.[0m
[1;34mgraphnet[0m [SpawnProcess-13] [33mWARNING [0m 2026-07-12 03:15:10 - <module> - `km3net` not available. Some functionality may be missing.[0m
torchdiffeq not found - no support for continuous flows. Install *torchdiffeq* if support is desired!
Meander not installed... contours can not be calculated.
Healpy not installed... spherical contours can not be calculated.
package *astropy* not found -> if you want to use plotting functionality for adaptive grids, install *astropy*!
package *mhealpy* not found -> if you want to use plotting functionality for adaptive grids, install *mhealpy*!
Cannot use healpy functionality. Install healpy, if you need to do entropy scanning!
[1;34mgraphnet[0m [SpawnProcess-13] [33mWARNING [0m 2026-07-12 03:15:12 - <module> - `graphnet.models.graphs` will be depricated soon. All functionality has been moved to `graphnet.models.data_representation`.[0m
[1;34mgraphnet[0m [SpawnProcess-14] [33mWARNING [0m 2026-07-12 03:15:13 - <module> - `icecube` not available. Some functionality may be missing.[0m
[1;34mgraphnet[0m [SpawnProcess-14] [33mWARNING [0m 2026-07-12 03:15:14 - <module> - `km3net` not available. Some functionality may be missing.[0m
torchdiffeq not found - no support for continuous flows. Install *torchdiffeq* if support is desired!
Meander not installed... contours can not be calculated.
Healpy not installed... spherical contours can not be calculated.
package *astropy* not found -> if you want to use plotting functionality for adaptive grids, install *astropy*!
package *mhealpy* not found -> if you want to use plotting functionality for adaptive grids, install *mhealpy*!
Cannot use healpy functionality. Install healpy, if you need to do entropy scanning!
[1;34mgraphnet[0m [SpawnProcess-14] [33mWARNING [0m 2026-07-12 03:15:16 - <module> - `graphnet.models.graphs` will be depricated soon. All functionality has been moved to `graphnet.models.data_representation`.[0m
[1;34mgraphnet[0m [SpawnProcess-15] [33mWARNING [0m 2026-07-12 03:15:18 - <module> - `icecube` not available. Some functionality may be missing.[0m
[1;34mgraphnet[0m [SpawnProcess-15] [33mWARNING [0m 2026-07-12 03:15:18 - <module> - `km3net` not available. Some functionality may be missing.[0m
torchdiffeq not found - no support for continuous flows. Install *torchdiffeq* if support is desired!
Meander not installed... contours can not be calculated.
Healpy not installed... spherical contours can not be calculated.
package *astropy* not found -> if you want to use plotting functionality for adaptive grids, install *astropy*!
package *mhealpy* not found -> if you want to use plotting functionality for adaptive grids, install *mhealpy*!
Cannot use healpy functionality. Install healpy, if you need to do entropy scanning!
[1;34mgraphnet[0m [SpawnProcess-15] [33mWARNING [0m 2026-07-12 03:15:20 - <module> - `graphnet.models.graphs` will be depricated soon. All functionality has been moved to `graphnet.models.data_representation`.[0m
[1;34mgraphnet[0m [SpawnProcess-16] [33mWARNING [0m 2026-07-12 03:15:21 - <module> - `icecube` not available. Some functionality may be missing.[0m
[1;34mgraphnet[0m [SpawnProcess-16] [33mWARNING [0m 2026-07-12 03:15:22 - <module> - `km3net` not available. Some functionality may be missing.[0m
torchdiffeq not found - no support for continuous flows. Install *torchdiffeq* if support is desired!
Meander not installed... contours can not be calculated.
Healpy not installed... spherical contours can not be calculated.
package *astropy* not found -> if you want to use plotting functionality for adaptive grids, install *astropy*!
package *mhealpy* not found -> if you want to use plotting functionality for adaptive grids, install *mhealpy*!
Cannot use healpy functionality. Install healpy, if you need to do entropy scanning!
[1;34mgraphnet[0m [SpawnProcess-16] [33mWARNING [0m 2026-07-12 03:15:24 - <module> - `graphnet.models.graphs` will be depricated soon. All functionality has been moved to `graphnet.models.data_representation`.[0m
[Reconstruction] class0 energy: rows=110
[Checkpoint] loaded reconstruction class0 zenith: /project/def-nahee/kbas/Graphnet-Applications/Results/340StringMC/102_string_emax1e6/reconstruction/category2_tauCC_others_muonCC/class0/baseline/train_and_val/zenith/best_model.pth
[Reconstruction] class0 zenith: rows=110
[Checkpoint] loaded reconstruction class0 azimuth: /project/def-nahee/kbas/Graphnet-Applications/Results/340StringMC/102_string_emax1e6/reconstruction/category2_tauCC_others_muonCC/class0/baseline/train_and_val/azimuth/best_model.pth
[Reconstruction] class0 azimuth: rows=110
[Reconstruction] class1: routed events=25455
[Checkpoint] loaded reconstruction class1 energy: /project/def-nahee/kbas/Graphnet-Applications/Results/340StringMC/102_string_emax1e6/reconstruction/category2_tauCC_others_muonCC/class1/baseline/train_and_val/energy/best_model.pth
[1;34mgraphnet[0m [SpawnProcess-17] [33mWARNING [0m 2026-07-12 03:17:23 - <module> - `icecube` not available. Some functionality may be missing.[0m
[1;34mgraphnet[0m [SpawnProcess-17] [33mWARNING [0m 2026-07-12 03:17:23 - <module> - `km3net` not available. Some functionality may be missing.[0m
torchdiffeq not found - no support for continuous flows. Install *torchdiffeq* if support is desired!
Meander not installed... contours can not be calculated.
Healpy not installed... spherical contours can not be calculated.
package *astropy* not found -> if you want to use plotting functionality for adaptive grids, install *astropy*!
package *mhealpy* not found -> if you want to use plotting functionality for adaptive grids, install *mhealpy*!
Cannot use healpy functionality. Install healpy, if you need to do entropy scanning!
[1;34mgraphnet[0m [SpawnProcess-17] [33mWARNING [0m 2026-07-12 03:17:25 - <module> - `graphnet.models.graphs` will be depricated soon. All functionality has been moved to `graphnet.models.data_representation`.[0m
[1;34mgraphnet[0m [SpawnProcess-18] [33mWARNING [0m 2026-07-12 03:17:27 - <module> - `icecube` not available. Some functionality may be missing.[0m
[1;34mgraphnet[0m [SpawnProcess-18] [33mWARNING [0m 2026-07-12 03:17:27 - <module> - `km3net` not available. Some functionality may be missing.[0m
torchdiffeq not found - no support for continuous flows. Install *torchdiffeq* if support is desired!
Meander not installed... contours can not be calculated.
Healpy not installed... spherical contours can not be calculated.
package *astropy* not found -> if you want to use plotting functionality for adaptive grids, install *astropy*!
package *mhealpy* not found -> if you want to use plotting functionality for adaptive grids, install *mhealpy*!
Cannot use healpy functionality. Install healpy, if you need to do entropy scanning!
[1;34mgraphnet[0m [SpawnProcess-18] [33mWARNING [0m 2026-07-12 03:17:29 - <module> - `graphnet.models.graphs` will be depricated soon. All functionality has been moved to `graphnet.models.data_representation`.[0m
[1;34mgraphnet[0m [SpawnProcess-19] [33mWARNING [0m 2026-07-12 03:17:31 - <module> - `icecube` not available. Some functionality may be missing.[0m
[1;34mgraphnet[0m [SpawnProcess-19] [33mWARNING [0m 2026-07-12 03:17:31 - <module> - `km3net` not available. Some functionality may be missing.[0m
torchdiffeq not found - no support for continuous flows. Install *torchdiffeq* if support is desired!
Meander not installed... contours can not be calculated.
Healpy not installed... spherical contours can not be calculated.
package *astropy* not found -> if you want to use plotting functionality for adaptive grids, install *astropy*!
package *mhealpy* not found -> if you want to use plotting functionality for adaptive grids, install *mhealpy*!
Cannot use healpy functionality. Install healpy, if you need to do entropy scanning!
[1;34mgraphnet[0m [SpawnProcess-19] [33mWARNING [0m 2026-07-12 03:17:33 - <module> - `graphnet.models.graphs` will be depricated soon. All functionality has been moved to `graphnet.models.data_representation`.[0m
[1;34mgraphnet[0m [SpawnProcess-20] [33mWARNING [0m 2026-07-12 03:17:34 - <module> - `icecube` not available. Some functionality may be missing.[0m
[1;34mgraphnet[0m [SpawnProcess-20] [33mWARNING [0m 2026-07-12 03:17:35 - <module> - `km3net` not available. Some functionality may be missing.[0m
torchdiffeq not found - no support for continuous flows. Install *torchdiffeq* if support is desired!
Meander not installed... contours can not be calculated.
Healpy not installed... spherical contours can not be calculated.
package *astropy* not found -> if you want to use plotting functionality for adaptive grids, install *astropy*!
package *mhealpy* not found -> if you want to use plotting functionality for adaptive grids, install *mhealpy*!
Cannot use healpy functionality. Install healpy, if you need to do entropy scanning!
[1;34mgraphnet[0m [SpawnProcess-20] [33mWARNING [0m 2026-07-12 03:17:37 - <module> - `graphnet.models.graphs` will be depricated soon. All functionality has been moved to `graphnet.models.data_representation`.[0m
[1;34mgraphnet[0m [SpawnProcess-21] [33mWARNING [0m 2026-07-12 03:17:38 - <module> - `icecube` not available. Some functionality may be missing.[0m
[1;34mgraphnet[0m [SpawnProcess-21] [33mWARNING [0m 2026-07-12 03:17:39 - <module> - `km3net` not available. Some functionality may be missing.[0m
torchdiffeq not found - no support for continuous flows. Install *torchdiffeq* if support is desired!
Meander not installed... contours can not be calculated.
Healpy not installed... spherical contours can not be calculated.
package *astropy* not found -> if you want to use plotting functionality for adaptive grids, install *astropy*!
package *mhealpy* not found -> if you want to use plotting functionality for adaptive grids, install *mhealpy*!
Cannot use healpy functionality. Install healpy, if you need to do entropy scanning!
[1;34mgraphnet[0m [SpawnProcess-21] [33mWARNING [0m 2026-07-12 03:17:41 - <module> - `graphnet.models.graphs` will be depricated soon. All functionality has been moved to `graphnet.models.data_representation`.[0m
[1;34mgraphnet[0m [SpawnProcess-22] [33mWARNING [0m 2026-07-12 03:17:42 - <module> - `icecube` not available. Some functionality may be missing.[0m
[1;34mgraphnet[0m [SpawnProcess-22] [33mWARNING [0m 2026-07-12 03:17:43 - <module> - `km3net` not available. Some functionality may be missing.[0m
torchdiffeq not found - no support for continuous flows. Install *torchdiffeq* if support is desired!
Meander not installed... contours can not be calculated.
Healpy not installed... spherical contours can not be calculated.
package *astropy* not found -> if you want to use plotting functionality for adaptive grids, install *astropy*!
package *mhealpy* not found -> if you want to use plotting functionality for adaptive grids, install *mhealpy*!
Cannot use healpy functionality. Install healpy, if you need to do entropy scanning!
[1;34mgraphnet[0m [SpawnProcess-22] [33mWARNING [0m 2026-07-12 03:17:45 - <module> - `graphnet.models.graphs` will be depricated soon. All functionality has been moved to `graphnet.models.data_representation`.[0m
[1;34mgraphnet[0m [SpawnProcess-23] [33mWARNING [0m 2026-07-12 03:17:46 - <module> - `icecube` not available. Some functionality may be missing.[0m
[1;34mgraphnet[0m [SpawnProcess-23] [33mWARNING [0m 2026-07-12 03:17:47 - <module> - `km3net` not available. Some functionality may be missing.[0m
torchdiffeq not found - no support for continuous flows. Install *torchdiffeq* if support is desired!
Meander not installed... contours can not be calculated.
Healpy not installed... spherical contours can not be calculated.
package *astropy* not found -> if you want to use plotting functionality for adaptive grids, install *astropy*!
package *mhealpy* not found -> if you want to use plotting functionality for adaptive grids, install *mhealpy*!
Cannot use healpy functionality. Install healpy, if you need to do entropy scanning!
[1;34mgraphnet[0m [SpawnProcess-23] [33mWARNING [0m 2026-07-12 03:17:49 - <module> - `graphnet.models.graphs` will be depricated soon. All functionality has been moved to `graphnet.models.data_representation`.[0m
[1;34mgraphnet[0m [SpawnProcess-24] [33mWARNING [0m 2026-07-12 03:17:50 - <module> - `icecube` not available. Some functionality may be missing.[0m
[1;34mgraphnet[0m [SpawnProcess-24] [33mWARNING [0m 2026-07-12 03:17:51 - <module> - `km3net` not available. Some functionality may be missing.[0m
torchdiffeq not found - no support for continuous flows. Install *torchdiffeq* if support is desired!
Meander not installed... contours can not be calculated.
Healpy not installed... spherical contours can not be calculated.
package *astropy* not found -> if you want to use plotting functionality for adaptive grids, install *astropy*!
package *mhealpy* not found -> if you want to use plotting functionality for adaptive grids, install *mhealpy*!
Cannot use healpy functionality. Install healpy, if you need to do entropy scanning!
[1;34mgraphnet[0m [SpawnProcess-24] [33mWARNING [0m 2026-07-12 03:17:53 - <module> - `graphnet.models.graphs` will be depricated soon. All functionality has been moved to `graphnet.models.data_representation`.[0m
/project/def-nahee/kbas/graphnet/examples/08_pone/inference_scripts/run_inference.py:359: RuntimeWarning: overflow encountered in power
  "pred_energy": np.power(10.0, pred_log10),
/project/def-nahee/kbas/graphnet/examples/08_pone/inference_scripts/run_inference.py:359: RuntimeWarning: overflow encountered in power
  "pred_energy": np.power(10.0, pred_log10),
/project/def-nahee/kbas/graphnet/examples/08_pone/inference_scripts/run_inference.py:359: RuntimeWarning: overflow encountered in power
  "pred_energy": np.power(10.0, pred_log10),
/project/def-nahee/kbas/graphnet/examples/08_pone/inference_scripts/run_inference.py:359: RuntimeWarning: overflow encountered in power
  "pred_energy": np.power(10.0, pred_log10),
/project/def-nahee/kbas/graphnet/examples/08_pone/inference_scripts/run_inference.py:359: RuntimeWarning: overflow encountered in power
  "pred_energy": np.power(10.0, pred_log10),
/project/def-nahee/kbas/graphnet/examples/08_pone/inference_scripts/run_inference.py:359: RuntimeWarning: overflow encountered in power
  "pred_energy": np.power(10.0, pred_log10),
/project/def-nahee/kbas/graphnet/examples/08_pone/inference_scripts/run_inference.py:359: RuntimeWarning: overflow encountered in power
  "pred_energy": np.power(10.0, pred_log10),
/project/def-nahee/kbas/graphnet/examples/08_pone/inference_scripts/run_inference.py:359: RuntimeWarning: overflow encountered in power
  "pred_energy": np.power(10.0, pred_log10),
/project/def-nahee/kbas/graphnet/examples/08_pone/inference_scripts/run_inference.py:359: RuntimeWarning: overflow encountered in power
  "pred_energy": np.power(10.0, pred_log10),
/project/def-nahee/kbas/graphnet/examples/08_pone/inference_scripts/run_inference.py:359: RuntimeWarning: overflow encountered in power
  "pred_energy": np.power(10.0, pred_log10),
/project/def-nahee/kbas/graphnet/examples/08_pone/inference_scripts/run_inference.py:359: RuntimeWarning: overflow encountered in power
  "pred_energy": np.power(10.0, pred_log10),
/project/def-nahee/kbas/graphnet/examples/08_pone/inference_scripts/run_inference.py:359: RuntimeWarning: overflow encountered in power
  "pred_energy": np.power(10.0, pred_log10),
/project/def-nahee/kbas/graphnet/examples/08_pone/inference_scripts/run_inference.py:359: RuntimeWarning: overflow encountered in power
  "pred_energy": np.power(10.0, pred_log10),
/project/def-nahee/kbas/graphnet/examples/08_pone/inference_scripts/run_inference.py:359: RuntimeWarning: overflow encountered in power
  "pred_energy": np.power(10.0, pred_log10),
/project/def-nahee/kbas/graphnet/examples/08_pone/inference_scripts/run_inference.py:359: RuntimeWarning: overflow encountered in power
  "pred_energy": np.power(10.0, pred_log10),
/project/def-nahee/kbas/graphnet/examples/08_pone/inference_scripts/run_inference.py:359: RuntimeWarning: overflow encountered in power
  "pred_energy": np.power(10.0, pred_log10),
/project/def-nahee/kbas/graphnet/examples/08_pone/inference_scripts/run_inference.py:359: RuntimeWarning: overflow encountered in power
  "pred_energy": np.power(10.0, pred_log10),
/project/def-nahee/kbas/graphnet/examples/08_pone/inference_scripts/run_inference.py:359: RuntimeWarning: overflow encountered in power
  "pred_energy": np.power(10.0, pred_log10),
/project/def-nahee/kbas/graphnet/examples/08_pone/inference_scripts/run_inference.py:359: RuntimeWarning: overflow encountered in power
  "pred_energy": np.power(10.0, pred_log10),
/project/def-nahee/kbas/graphnet/examples/08_pone/inference_scripts/run_inference.py:359: RuntimeWarning: overflow encountered in power
  "pred_energy": np.power(10.0, pred_log10),
/project/def-nahee/kbas/graphnet/examples/08_pone/inference_scripts/run_inference.py:359: RuntimeWarning: overflow encountered in power
  "pred_energy": np.power(10.0, pred_log10),
/project/def-nahee/kbas/graphnet/examples/08_pone/inference_scripts/run_inference.py:359: RuntimeWarning: overflow encountered in power
  "pred_energy": np.power(10.0, pred_log10),
/project/def-nahee/kbas/graphnet/examples/08_pone/inference_scripts/run_inference.py:359: RuntimeWarning: overflow encountered in power
  "pred_energy": np.power(10.0, pred_log10),
/project/def-nahee/kbas/graphnet/examples/08_pone/inference_scripts/run_inference.py:359: RuntimeWarning: overflow encountered in power
  "pred_energy": np.power(10.0, pred_log10),
/project/def-nahee/kbas/graphnet/examples/08_pone/inference_scripts/run_inference.py:359: RuntimeWarning: overflow encountered in power
  "pred_energy": np.power(10.0, pred_log10),
/project/def-nahee/kbas/graphnet/examples/08_pone/inference_scripts/run_inference.py:359: RuntimeWarning: overflow encountered in power
  "pred_energy": np.power(10.0, pred_log10),
/project/def-nahee/kbas/graphnet/examples/08_pone/inference_scripts/run_inference.py:359: RuntimeWarning: overflow encountered in power
  "pred_energy": np.power(10.0, pred_log10),
/project/def-nahee/kbas/graphnet/examples/08_pone/inference_scripts/run_inference.py:359: RuntimeWarning: overflow encountered in power
  "pred_energy": np.power(10.0, pred_log10),
/project/def-nahee/kbas/graphnet/examples/08_pone/inference_scripts/run_inference.py:359: RuntimeWarning: overflow encountered in power
  "pred_energy": np.power(10.0, pred_log10),
/project/def-nahee/kbas/graphnet/examples/08_pone/inference_scripts/run_inference.py:359: RuntimeWarning: overflow encountered in power
  "pred_energy": np.power(10.0, pred_log10),
/project/def-nahee/kbas/graphnet/examples/08_pone/inference_scripts/run_inference.py:359: RuntimeWarning: overflow encountered in power
  "pred_energy": np.power(10.0, pred_log10),
/project/def-nahee/kbas/graphnet/examples/08_pone/inference_scripts/run_inference.py:359: RuntimeWarning: overflow encountered in power
  "pred_energy": np.power(10.0, pred_log10),
/project/def-nahee/kbas/graphnet/examples/08_pone/inference_scripts/run_inference.py:359: RuntimeWarning: overflow encountered in power
  "pred_energy": np.power(10.0, pred_log10),
/project/def-nahee/kbas/graphnet/examples/08_pone/inference_scripts/run_inference.py:359: RuntimeWarning: overflow encountered in power
  "pred_energy": np.power(10.0, pred_log10),
/project/def-nahee/kbas/graphnet/examples/08_pone/inference_scripts/run_inference.py:359: RuntimeWarning: overflow encountered in power
  "pred_energy": np.power(10.0, pred_log10),
/project/def-nahee/kbas/graphnet/examples/08_pone/inference_scripts/run_inference.py:359: RuntimeWarning: overflow encountered in power
  "pred_energy": np.power(10.0, pred_log10),
/project/def-nahee/kbas/graphnet/examples/08_pone/inference_scripts/run_inference.py:359: RuntimeWarning: overflow encountered in power
  "pred_energy": np.power(10.0, pred_log10),
/project/def-nahee/kbas/graphnet/examples/08_pone/inference_scripts/run_inference.py:359: RuntimeWarning: overflow encountered in power
  "pred_energy": np.power(10.0, pred_log10),
/project/def-nahee/kbas/graphnet/examples/08_pone/inference_scripts/run_inference.py:359: RuntimeWarning: overflow encountered in power
  "pred_energy": np.power(10.0, pred_log10),
/project/def-nahee/kbas/graphnet/examples/08_pone/inference_scripts/run_inference.py:359: RuntimeWarning: overflow encountered in power
  "pred_energy": np.power(10.0, pred_log10),
/project/def-nahee/kbas/graphnet/examples/08_pone/inference_scripts/run_inference.py:359: RuntimeWarning: overflow encountered in power
  "pred_energy": np.power(10.0, pred_log10),
/project/def-nahee/kbas/graphnet/examples/08_pone/inference_scripts/run_inference.py:359: RuntimeWarning: overflow encountered in power
  "pred_energy": np.power(10.0, pred_log10),
/project/def-nahee/kbas/graphnet/examples/08_pone/inference_scripts/run_inference.py:359: RuntimeWarning: overflow encountered in power
  "pred_energy": np.power(10.0, pred_log10),
/project/def-nahee/kbas/graphnet/examples/08_pone/inference_scripts/run_inference.py:359: RuntimeWarning: overflow encountered in power
  "pred_energy": np.power(10.0, pred_log10),
/project/def-nahee/kbas/graphnet/examples/08_pone/inference_scripts/run_inference.py:359: RuntimeWarning: overflow encountered in power
  "pred_energy": np.power(10.0, pred_log10),
/project/def-nahee/kbas/graphnet/examples/08_pone/inference_scripts/run_inference.py:359: RuntimeWarning: overflow encountered in power
  "pred_energy": np.power(10.0, pred_log10),
/project/def-nahee/kbas/graphnet/examples/08_pone/inference_scripts/run_inference.py:359: RuntimeWarning: overflow encountered in power
  "pred_energy": np.power(10.0, pred_log10),
/project/def-nahee/kbas/graphnet/examples/08_pone/inference_scripts/run_inference.py:359: RuntimeWarning: overflow encountered in power
  "pred_energy": np.power(10.0, pred_log10),
/project/def-nahee/kbas/graphnet/examples/08_pone/inference_scripts/run_inference.py:359: RuntimeWarning: overflow encountered in power
  "pred_energy": np.power(10.0, pred_log10),
/project/def-nahee/kbas/graphnet/examples/08_pone/inference_scripts/run_inference.py:359: RuntimeWarning: overflow encountered in power
  "pred_energy": np.power(10.0, pred_log10),
/project/def-nahee/kbas/graphnet/examples/08_pone/inference_scripts/run_inference.py:359: RuntimeWarning: overflow encountered in power
  "pred_energy": np.power(10.0, pred_log10),
/project/def-nahee/kbas/graphnet/examples/08_pone/inference_scripts/run_inference.py:359: RuntimeWarning: overflow encountered in power
  "pred_energy": np.power(10.0, pred_log10),
/project/def-nahee/kbas/graphnet/examples/08_pone/inference_scripts/run_inference.py:359: RuntimeWarning: overflow encountered in power
  "pred_energy": np.power(10.0, pred_log10),
/project/def-nahee/kbas/graphnet/examples/08_pone/inference_scripts/run_inference.py:359: RuntimeWarning: overflow encountered in power
  "pred_energy": np.power(10.0, pred_log10),
/project/def-nahee/kbas/graphnet/examples/08_pone/inference_scripts/run_inference.py:359: RuntimeWarning: overflow encountered in power
  "pred_energy": np.power(10.0, pred_log10),
/project/def-nahee/kbas/graphnet/examples/08_pone/inference_scripts/run_inference.py:359: RuntimeWarning: overflow encountered in power
  "pred_energy": np.power(10.0, pred_log10),
/project/def-nahee/kbas/graphnet/examples/08_pone/inference_scripts/run_inference.py:359: RuntimeWarning: overflow encountered in power
  "pred_energy": np.power(10.0, pred_log10),
/project/def-nahee/kbas/graphnet/examples/08_pone/inference_scripts/run_inference.py:359: RuntimeWarning: overflow encountered in power
  "pred_energy": np.power(10.0, pred_log10),
/project/def-nahee/kbas/graphnet/examples/08_pone/inference_scripts/run_inference.py:359: RuntimeWarning: overflow encountered in power
  "pred_energy": np.power(10.0, pred_log10),
/project/def-nahee/kbas/graphnet/examples/08_pone/inference_scripts/run_inference.py:359: RuntimeWarning: overflow encountered in power
  "pred_energy": np.power(10.0, pred_log10),
/project/def-nahee/kbas/graphnet/examples/08_pone/inference_scripts/run_inference.py:359: RuntimeWarning: overflow encountered in power
  "pred_energy": np.power(10.0, pred_log10),
/project/def-nahee/kbas/graphnet/examples/08_pone/inference_scripts/run_inference.py:359: RuntimeWarning: overflow encountered in power
  "pred_energy": np.power(10.0, pred_log10),
/project/def-nahee/kbas/graphnet/examples/08_pone/inference_scripts/run_inference.py:359: RuntimeWarning: overflow encountered in power
  "pred_energy": np.power(10.0, pred_log10),
/project/def-nahee/kbas/graphnet/examples/08_pone/inference_scripts/run_inference.py:359: RuntimeWarning: overflow encountered in power
  "pred_energy": np.power(10.0, pred_log10),
/project/def-nahee/kbas/graphnet/examples/08_pone/inference_scripts/run_inference.py:359: RuntimeWarning: overflow encountered in power
  "pred_energy": np.power(10.0, pred_log10),
/project/def-nahee/kbas/graphnet/examples/08_pone/inference_scripts/run_inference.py:359: RuntimeWarning: overflow encountered in power
  "pred_energy": np.power(10.0, pred_log10),
/project/def-nahee/kbas/graphnet/examples/08_pone/inference_scripts/run_inference.py:359: RuntimeWarning: overflow encountered in power
  "pred_energy": np.power(10.0, pred_log10),
/project/def-nahee/kbas/graphnet/examples/08_pone/inference_scripts/run_inference.py:359: RuntimeWarning: overflow encountered in power
  "pred_energy": np.power(10.0, pred_log10),
/project/def-nahee/kbas/graphnet/examples/08_pone/inference_scripts/run_inference.py:359: RuntimeWarning: overflow encountered in power
  "pred_energy": np.power(10.0, pred_log10),
/project/def-nahee/kbas/graphnet/examples/08_pone/inference_scripts/run_inference.py:359: RuntimeWarning: overflow encountered in power
  "pred_energy": np.power(10.0, pred_log10),
/project/def-nahee/kbas/graphnet/examples/08_pone/inference_scripts/run_inference.py:359: RuntimeWarning: overflow encountered in power
  "pred_energy": np.power(10.0, pred_log10),
/project/def-nahee/kbas/graphnet/examples/08_pone/inference_scripts/run_inference.py:359: RuntimeWarning: overflow encountered in power
  "pred_energy": np.power(10.0, pred_log10),
/project/def-nahee/kbas/graphnet/examples/08_pone/inference_scripts/run_inference.py:359: RuntimeWarning: overflow encountered in power
  "pred_energy": np.power(10.0, pred_log10),
/project/def-nahee/kbas/graphnet/examples/08_pone/inference_scripts/run_inference.py:359: RuntimeWarning: overflow encountered in power
  "pred_energy": np.power(10.0, pred_log10),
/project/def-nahee/kbas/graphnet/examples/08_pone/inference_scripts/run_inference.py:359: RuntimeWarning: overflow encountered in power
  "pred_energy": np.power(10.0, pred_log10),
/project/def-nahee/kbas/graphnet/examples/08_pone/inference_scripts/run_inference.py:359: RuntimeWarning: overflow encountered in power
  "pred_energy": np.power(10.0, pred_log10),
/project/def-nahee/kbas/graphnet/examples/08_pone/inference_scripts/run_inference.py:359: RuntimeWarning: overflow encountered in power
  "pred_energy": np.power(10.0, pred_log10),
/project/def-nahee/kbas/graphnet/examples/08_pone/inference_scripts/run_inference.py:359: RuntimeWarning: overflow encountered in power
  "pred_energy": np.power(10.0, pred_log10),
/project/def-nahee/kbas/graphnet/examples/08_pone/inference_scripts/run_inference.py:359: RuntimeWarning: overflow encountered in power
  "pred_energy": np.power(10.0, pred_log10),
/project/def-nahee/kbas/graphnet/examples/08_pone/inference_scripts/run_inference.py:359: RuntimeWarning: overflow encountered in power
  "pred_energy": np.power(10.0, pred_log10),
/project/def-nahee/kbas/graphnet/examples/08_pone/inference_scripts/run_inference.py:359: RuntimeWarning: overflow encountered in power
  "pred_energy": np.power(10.0, pred_log10),
/project/def-nahee/kbas/graphnet/examples/08_pone/inference_scripts/run_inference.py:359: RuntimeWarning: overflow encountered in power
  "pred_energy": np.power(10.0, pred_log10),
/project/def-nahee/kbas/graphnet/examples/08_pone/inference_scripts/run_inference.py:359: RuntimeWarning: overflow encountered in power
  "pred_energy": np.power(10.0, pred_log10),
/project/def-nahee/kbas/graphnet/examples/08_pone/inference_scripts/run_inference.py:359: RuntimeWarning: overflow encountered in power
  "pred_energy": np.power(10.0, pred_log10),
/project/def-nahee/kbas/graphnet/examples/08_pone/inference_scripts/run_inference.py:359: RuntimeWarning: overflow encountered in power
  "pred_energy": np.power(10.0, pred_log10),
/project/def-nahee/kbas/graphnet/examples/08_pone/inference_scripts/run_inference.py:359: RuntimeWarning: overflow encountered in power
  "pred_energy": np.power(10.0, pred_log10),
/project/def-nahee/kbas/graphnet/examples/08_pone/inference_scripts/run_inference.py:359: RuntimeWarning: overflow encountered in power
  "pred_energy": np.power(10.0, pred_log10),
/project/def-nahee/kbas/graphnet/examples/08_pone/inference_scripts/run_inference.py:359: RuntimeWarning: overflow encountered in power
  "pred_energy": np.power(10.0, pred_log10),
/project/def-nahee/kbas/graphnet/examples/08_pone/inference_scripts/run_inference.py:359: RuntimeWarning: overflow encountered in power
  "pred_energy": np.power(10.0, pred_log10),
/project/def-nahee/kbas/graphnet/examples/08_pone/inference_scripts/run_inference.py:359: RuntimeWarning: overflow encountered in power
  "pred_energy": np.power(10.0, pred_log10),
/project/def-nahee/kbas/graphnet/examples/08_pone/inference_scripts/run_inference.py:359: RuntimeWarning: overflow encountered in power
  "pred_energy": np.power(10.0, pred_log10),
/project/def-nahee/kbas/graphnet/examples/08_pone/inference_scripts/run_inference.py:359: RuntimeWarning: overflow encountered in power
  "pred_energy": np.power(10.0, pred_log10),
/project/def-nahee/kbas/graphnet/examples/08_pone/inference_scripts/run_inference.py:359: RuntimeWarning: overflow encountered in power
  "pred_energy": np.power(10.0, pred_log10),
/project/def-nahee/kbas/graphnet/examples/08_pone/inference_scripts/run_inference.py:359: RuntimeWarning: overflow encountered in power
  "pred_energy": np.power(10.0, pred_log10),
/project/def-nahee/kbas/graphnet/examples/08_pone/inference_scripts/run_inference.py:359: RuntimeWarning: overflow encountered in power
  "pred_energy": np.power(10.0, pred_log10),
/project/def-nahee/kbas/graphnet/examples/08_pone/inference_scripts/run_inference.py:359: RuntimeWarning: overflow encountered in power
  "pred_energy": np.power(10.0, pred_log10),
/project/def-nahee/kbas/graphnet/examples/08_pone/inference_scripts/run_inference.py:359: RuntimeWarning: overflow encountered in power
  "pred_energy": np.power(10.0, pred_log10),
/project/def-nahee/kbas/graphnet/examples/08_pone/inference_scripts/run_inference.py:359: RuntimeWarning: overflow encountered in power
  "pred_energy": np.power(10.0, pred_log10),
/project/def-nahee/kbas/graphnet/examples/08_pone/inference_scripts/run_inference.py:359: RuntimeWarning: overflow encountered in power
  "pred_energy": np.power(10.0, pred_log10),
/project/def-nahee/kbas/graphnet/examples/08_pone/inference_scripts/run_inference.py:359: RuntimeWarning: overflow encountered in power
  "pred_energy": np.power(10.0, pred_log10),
/project/def-nahee/kbas/graphnet/examples/08_pone/inference_scripts/run_inference.py:359: RuntimeWarning: overflow encountered in power
  "pred_energy": np.power(10.0, pred_log10),
/project/def-nahee/kbas/graphnet/examples/08_pone/inference_scripts/run_inference.py:359: RuntimeWarning: overflow encountered in power
  "pred_energy": np.power(10.0, pred_log10),
/project/def-nahee/kbas/graphnet/examples/08_pone/inference_scripts/run_inference.py:359: RuntimeWarning: overflow encountered in power
  "pred_energy": np.power(10.0, pred_log10),
/project/def-nahee/kbas/graphnet/examples/08_pone/inference_scripts/run_inference.py:359: RuntimeWarning: overflow encountered in power
  "pred_energy": np.power(10.0, pred_log10),
/project/def-nahee/kbas/graphnet/examples/08_pone/inference_scripts/run_inference.py:359: RuntimeWarning: overflow encountered in power
  "pred_energy": np.power(10.0, pred_log10),
/project/def-nahee/kbas/graphnet/examples/08_pone/inference_scripts/run_inference.py:359: RuntimeWarning: overflow encountered in power
  "pred_energy": np.power(10.0, pred_log10),
/project/def-nahee/kbas/graphnet/examples/08_pone/inference_scripts/run_inference.py:359: RuntimeWarning: overflow encountered in power
  "pred_energy": np.power(10.0, pred_log10),
/project/def-nahee/kbas/graphnet/examples/08_pone/inference_scripts/run_inference.py:359: RuntimeWarning: overflow encountered in power
  "pred_energy": np.power(10.0, pred_log10),
/project/def-nahee/kbas/graphnet/examples/08_pone/inference_scripts/run_inference.py:359: RuntimeWarning: overflow encountered in power
  "pred_energy": np.power(10.0, pred_log10),
/project/def-nahee/kbas/graphnet/examples/08_pone/inference_scripts/run_inference.py:359: RuntimeWarning: overflow encountered in power
  "pred_energy": np.power(10.0, pred_log10),
/project/def-nahee/kbas/graphnet/examples/08_pone/inference_scripts/run_inference.py:359: RuntimeWarning: overflow encountered in power
  "pred_energy": np.power(10.0, pred_log10),
/project/def-nahee/kbas/graphnet/examples/08_pone/inference_scripts/run_inference.py:359: RuntimeWarning: overflow encountered in power
  "pred_energy": np.power(10.0, pred_log10),
/project/def-nahee/kbas/graphnet/examples/08_pone/inference_scripts/run_inference.py:359: RuntimeWarning: overflow encountered in power
  "pred_energy": np.power(10.0, pred_log10),
/project/def-nahee/kbas/graphnet/examples/08_pone/inference_scripts/run_inference.py:359: RuntimeWarning: overflow encountered in power
  "pred_energy": np.power(10.0, pred_log10),
/project/def-nahee/kbas/graphnet/examples/08_pone/inference_scripts/run_inference.py:359: RuntimeWarning: overflow encountered in power
  "pred_energy": np.power(10.0, pred_log10),
/project/def-nahee/kbas/graphnet/examples/08_pone/inference_scripts/run_inference.py:359: RuntimeWarning: overflow encountered in power
  "pred_energy": np.power(10.0, pred_log10),
[Reconstruction] class1 energy: rows=25455
[Checkpoint] loaded reconstruction class1 zenith: /project/def-nahee/kbas/Graphnet-Applications/Results/340StringMC/102_string_emax1e6/reconstruction/category2_tauCC_others_muonCC/class1/baseline/train_and_val/zenith/best_model.pth
[Reconstruction] class1 zenith: rows=25455
[Checkpoint] loaded reconstruction class1 azimuth: /project/def-nahee/kbas/Graphnet-Applications/Results/340StringMC/102_string_emax1e6/reconstruction/category2_tauCC_others_muonCC/class1/baseline/train_and_val/azimuth/best_model.pth
[Reconstruction] class1 azimuth: rows=25455
[Reconstruction] class2: routed events=21053
[Checkpoint] loaded reconstruction class2 energy: /project/def-nahee/kbas/Graphnet-Applications/Results/340StringMC/102_string_emax1e6/reconstruction/category2_tauCC_others_muonCC/class2/baseline/train_and_val/energy/best_model.pth
[1;34mgraphnet[0m [SpawnProcess-25] [33mWARNING [0m 2026-07-12 03:19:51 - <module> - `icecube` not available. Some functionality may be missing.[0m
[1;34mgraphnet[0m [SpawnProcess-25] [33mWARNING [0m 2026-07-12 03:19:52 - <module> - `km3net` not available. Some functionality may be missing.[0m
torchdiffeq not found - no support for continuous flows. Install *torchdiffeq* if support is desired!
Meander not installed... contours can not be calculated.
Healpy not installed... spherical contours can not be calculated.
package *astropy* not found -> if you want to use plotting functionality for adaptive grids, install *astropy*!
package *mhealpy* not found -> if you want to use plotting functionality for adaptive grids, install *mhealpy*!
Cannot use healpy functionality. Install healpy, if you need to do entropy scanning!
[1;34mgraphnet[0m [SpawnProcess-25] [33mWARNING [0m 2026-07-12 03:19:54 - <module> - `graphnet.models.graphs` will be depricated soon. All functionality has been moved to `graphnet.models.data_representation`.[0m
[1;34mgraphnet[0m [SpawnProcess-26] [33mWARNING [0m 2026-07-12 03:19:55 - <module> - `icecube` not available. Some functionality may be missing.[0m
[1;34mgraphnet[0m [SpawnProcess-26] [33mWARNING [0m 2026-07-12 03:19:56 - <module> - `km3net` not available. Some functionality may be missing.[0m
torchdiffeq not found - no support for continuous flows. Install *torchdiffeq* if support is desired!
Meander not installed... contours can not be calculated.
Healpy not installed... spherical contours can not be calculated.
package *astropy* not found -> if you want to use plotting functionality for adaptive grids, install *astropy*!
package *mhealpy* not found -> if you want to use plotting functionality for adaptive grids, install *mhealpy*!
Cannot use healpy functionality. Install healpy, if you need to do entropy scanning!
[1;34mgraphnet[0m [SpawnProcess-26] [33mWARNING [0m 2026-07-12 03:19:58 - <module> - `graphnet.models.graphs` will be depricated soon. All functionality has been moved to `graphnet.models.data_representation`.[0m
[1;34mgraphnet[0m [SpawnProcess-27] [33mWARNING [0m 2026-07-12 03:19:59 - <module> - `icecube` not available. Some functionality may be missing.[0m
[1;34mgraphnet[0m [SpawnProcess-27] [33mWARNING [0m 2026-07-12 03:19:59 - <module> - `km3net` not available. Some functionality may be missing.[0m
torchdiffeq not found - no support for continuous flows. Install *torchdiffeq* if support is desired!
Meander not installed... contours can not be calculated.
Healpy not installed... spherical contours can not be calculated.
package *astropy* not found -> if you want to use plotting functionality for adaptive grids, install *astropy*!
package *mhealpy* not found -> if you want to use plotting functionality for adaptive grids, install *mhealpy*!
Cannot use healpy functionality. Install healpy, if you need to do entropy scanning!
[1;34mgraphnet[0m [SpawnProcess-27] [33mWARNING [0m 2026-07-12 03:20:02 - <module> - `graphnet.models.graphs` will be depricated soon. All functionality has been moved to `graphnet.models.data_representation`.[0m
[1;34mgraphnet[0m [SpawnProcess-28] [33mWARNING [0m 2026-07-12 03:20:03 - <module> - `icecube` not available. Some functionality may be missing.[0m
[1;34mgraphnet[0m [SpawnProcess-28] [33mWARNING [0m 2026-07-12 03:20:03 - <module> - `km3net` not available. Some functionality may be missing.[0m
torchdiffeq not found - no support for continuous flows. Install *torchdiffeq* if support is desired!
Meander not installed... contours can not be calculated.
Healpy not installed... spherical contours can not be calculated.
package *astropy* not found -> if you want to use plotting functionality for adaptive grids, install *astropy*!
package *mhealpy* not found -> if you want to use plotting functionality for adaptive grids, install *mhealpy*!
Cannot use healpy functionality. Install healpy, if you need to do entropy scanning!
[1;34mgraphnet[0m [SpawnProcess-28] [33mWARNING [0m 2026-07-12 03:20:05 - <module> - `graphnet.models.graphs` will be depricated soon. All functionality has been moved to `graphnet.models.data_representation`.[0m
[1;34mgraphnet[0m [SpawnProcess-29] [33mWARNING [0m 2026-07-12 03:20:07 - <module> - `icecube` not available. Some functionality may be missing.[0m
[1;34mgraphnet[0m [SpawnProcess-29] [33mWARNING [0m 2026-07-12 03:20:07 - <module> - `km3net` not available. Some functionality may be missing.[0m
torchdiffeq not found - no support for continuous flows. Install *torchdiffeq* if support is desired!
Meander not installed... contours can not be calculated.
Healpy not installed... spherical contours can not be calculated.
package *astropy* not found -> if you want to use plotting functionality for adaptive grids, install *astropy*!
package *mhealpy* not found -> if you want to use plotting functionality for adaptive grids, install *mhealpy*!
Cannot use healpy functionality. Install healpy, if you need to do entropy scanning!
[1;34mgraphnet[0m [SpawnProcess-29] [33mWARNING [0m 2026-07-12 03:20:09 - <module> - `graphnet.models.graphs` will be depricated soon. All functionality has been moved to `graphnet.models.data_representation`.[0m
[1;34mgraphnet[0m [SpawnProcess-30] [33mWARNING [0m 2026-07-12 03:20:11 - <module> - `icecube` not available. Some functionality may be missing.[0m
[1;34mgraphnet[0m [SpawnProcess-30] [33mWARNING [0m 2026-07-12 03:20:11 - <module> - `km3net` not available. Some functionality may be missing.[0m
torchdiffeq not found - no support for continuous flows. Install *torchdiffeq* if support is desired!
Meander not installed... contours can not be calculated.
Healpy not installed... spherical contours can not be calculated.
package *astropy* not found -> if you want to use plotting functionality for adaptive grids, install *astropy*!
package *mhealpy* not found -> if you want to use plotting functionality for adaptive grids, install *mhealpy*!
Cannot use healpy functionality. Install healpy, if you need to do entropy scanning!
[1;34mgraphnet[0m [SpawnProcess-30] [33mWARNING [0m 2026-07-12 03:20:13 - <module> - `graphnet.models.graphs` will be depricated soon. All functionality has been moved to `graphnet.models.data_representation`.[0m
[1;34mgraphnet[0m [SpawnProcess-31] [33mWARNING [0m 2026-07-12 03:20:14 - <module> - `icecube` not available. Some functionality may be missing.[0m
[1;34mgraphnet[0m [SpawnProcess-31] [33mWARNING [0m 2026-07-12 03:20:15 - <module> - `km3net` not available. Some functionality may be missing.[0m
torchdiffeq not found - no support for continuous flows. Install *torchdiffeq* if support is desired!
Meander not installed... contours can not be calculated.
Healpy not installed... spherical contours can not be calculated.
package *astropy* not found -> if you want to use plotting functionality for adaptive grids, install *astropy*!
package *mhealpy* not found -> if you want to use plotting functionality for adaptive grids, install *mhealpy*!
Cannot use healpy functionality. Install healpy, if you need to do entropy scanning!
[1;34mgraphnet[0m [SpawnProcess-31] [33mWARNING [0m 2026-07-12 03:20:17 - <module> - `graphnet.models.graphs` will be depricated soon. All functionality has been moved to `graphnet.models.data_representation`.[0m
[1;34mgraphnet[0m [SpawnProcess-32] [33mWARNING [0m 2026-07-12 03:20:18 - <module> - `icecube` not available. Some functionality may be missing.[0m
[1;34mgraphnet[0m [SpawnProcess-32] [33mWARNING [0m 2026-07-12 03:20:19 - <module> - `km3net` not available. Some functionality may be missing.[0m
torchdiffeq not found - no support for continuous flows. Install *torchdiffeq* if support is desired!
Meander not installed... contours can not be calculated.
Healpy not installed... spherical contours can not be calculated.
package *astropy* not found -> if you want to use plotting functionality for adaptive grids, install *astropy*!
package *mhealpy* not found -> if you want to use plotting functionality for adaptive grids, install *mhealpy*!
Cannot use healpy functionality. Install healpy, if you need to do entropy scanning!
[1;34mgraphnet[0m [SpawnProcess-32] [33mWARNING [0m 2026-07-12 03:20:21 - <module> - `graphnet.models.graphs` will be depricated soon. All functionality has been moved to `graphnet.models.data_representation`.[0m
[Reconstruction] class2 energy: rows=21053
[Checkpoint] loaded reconstruction class2 zenith: /project/def-nahee/kbas/Graphnet-Applications/Results/340StringMC/102_string_emax1e6/reconstruction/category2_tauCC_others_muonCC/class2/baseline/train_and_val/zenith/best_model.pth
[Reconstruction] class2 zenith: rows=21053
[Checkpoint] loaded reconstruction class2 azimuth: /project/def-nahee/kbas/Graphnet-Applications/Results/340StringMC/102_string_emax1e6/reconstruction/category2_tauCC_others_muonCC/class2/baseline/train_and_val/azimuth/best_model.pth
[Reconstruction] class2 azimuth: rows=21053
[Output] wrote /project/def-nahee/kbas/Graphnet-Applications/Results/340StringMC/102_string_emax1e6/inference/category2_tauCC_others_muonCC/baseline/inference/inference_predictions.csv
[Notebook] executing report: /project/def-nahee/kbas/Graphnet-Applications/Results/340StringMC/102_string_emax1e6/inference/category2_tauCC_others_muonCC/baseline/inference/inference_report.ipynb
[Notebook] nbconvert failed: [Errno 2] No such file or directory: 'jupyter'
[Notebook] falling back to in-process notebook execution
[Notebook] executed report with fallback: /project/def-nahee/kbas/Graphnet-Applications/Results/340StringMC/102_string_emax1e6/inference/category2_tauCC_others_muonCC/baseline/inference/inference_report.ipynb
--- run_inference finished (rc=0)
