--- HOST: JOB=41907339  HOST=fc11007
--- CONFIG: /project/def-nahee/kbas/graphnet/examples/08_pone/configs/inference/exp002.yml
--- OUTPUT_PREPARED: 1
--- LOGFILE: /project/def-nahee/kbas/Graphnet-Applications/Results/340StringMC/102_string_emax1e6/inference/second_category/exp002/inference/exp002_infer_340StringMC_102_string_emax1e6_second_category_exp002.out
--- INFERENCE_SCRIPT: /project/def-nahee/kbas/graphnet/examples/08_pone/inference_scripts/run_inference.py
INFO:    Using cached SIF image
WARNING: While bind mounting '/project:/project': destination is already in the mount point list
[1;34mgraphnet[0m [MainProcess] [33mWARNING [0m 2026-05-28 15:42:11 - <module> - `icecube` not available. Some functionality may be missing.[0m
[1;34mgraphnet[0m [MainProcess] [33mWARNING [0m 2026-05-28 15:42:14 - <module> - `km3net` not available. Some functionality may be missing.[0m
torchdiffeq not found - no support for continuous flows. Install *torchdiffeq* if support is desired!
Meander not installed... contours can not be calculated.
Healpy not installed... spherical contours can not be calculated.
package *astropy* not found -> if you want to use plotting functionality for adaptive grids, install *astropy*!
package *mhealpy* not found -> if you want to use plotting functionality for adaptive grids, install *mhealpy*!
Cannot use healpy functionality. Install healpy, if you need to do entropy scanning!
[1;34mgraphnet[0m [MainProcess] [33mWARNING [0m 2026-05-28 15:42:23 - <module> - `graphnet.models.graphs` will be depricated soon. All functionality has been moved to `graphnet.models.data_representation`.[0m

========== CONFIG ==========
classification:
  best_model: /project/def-nahee/kbas/Graphnet-Applications/Results/340StringMC/102_string_emax1e6/classification/category2/exp002/train_and_val/best_model.pth
  config: /project/def-nahee/kbas/graphnet/examples/08_pone/configs/classification/exp002.yml
  positive_label: null
  threshold: null
data:
  features:
  - pmt_x
  - pmt_y
  - pmt_z
  - dom_time
  - charge
  percentiles_csv: null
  pulsemaps: features
  split: test
  truth_all:
  - event_no
  - RunID
  - SubrunID
  - EventID
  - SubEventID
  - position_x
  - position_y
  - position_z
  - pid
  - interaction_type
  - totalEnergy
  - zenith
  - azimuth
  - finalStateX
  - finalStateY
  - finalType1
  - finalType2
  - initialType
  - totalColumnDepth
  - impactParameter
  - fully_contained
  - starting_track
  - stopping_track
  - through_going
  - missed_track
  truth_table: truth
experiment_name: exp002
flavors:
- Muon
- Electron
- Tau
- NC
geometry: 102_string_emax1e6
inference:
  batch_size: 512
  multiprocessing_context: spawn
  num_workers: 8
  pin_memory: true
mc: 340StringMC
notebook:
  allow_failure: false
  command: jupyter
  enabled: true
  output_name: inference_report.ipynb
  template: /project/def-nahee/kbas/graphnet/examples/08_pone/inference_scripts/inference_report_template.ipynb
  timeout_seconds: 1800
output:
  dirs:
    inference: inference
  root_dir: /project/def-nahee/kbas/Graphnet-Applications/Results
reconstruction:
  config: /project/def-nahee/kbas/graphnet/examples/08_pone/configs/reconstruction/exp002.yml
  models:
    '0':
      azimuth: /project/def-nahee/kbas/Graphnet-Applications/Results/340StringMC/102_string_emax1e6/reconstruction/second_category/class0/exp002/train_and_val/azimuth/best_model.pth
      energy: /project/def-nahee/kbas/Graphnet-Applications/Results/340StringMC/102_string_emax1e6/reconstruction/second_category/class0/exp002/train_and_val/energy/best_model.pth
      zenith: /project/def-nahee/kbas/Graphnet-Applications/Results/340StringMC/102_string_emax1e6/reconstruction/second_category/class0/exp002/train_and_val/zenith/best_model.pth
    '1':
      azimuth: /project/def-nahee/kbas/Graphnet-Applications/Results/340StringMC/102_string_emax1e6/reconstruction/second_category/class1/exp002/train_and_val/azimuth/best_model.pth
      energy: /project/def-nahee/kbas/Graphnet-Applications/Results/340StringMC/102_string_emax1e6/reconstruction/second_category/class1/exp002/train_and_val/energy/best_model.pth
      zenith: /project/def-nahee/kbas/Graphnet-Applications/Results/340StringMC/102_string_emax1e6/reconstruction/second_category/class1/exp002/train_and_val/zenith/best_model.pth
    '2':
      azimuth: /project/def-nahee/kbas/Graphnet-Applications/Results/340StringMC/102_string_emax1e6/reconstruction/second_category/class2/exp002/train_and_val/azimuth/best_model.pth
      energy: /project/def-nahee/kbas/Graphnet-Applications/Results/340StringMC/102_string_emax1e6/reconstruction/second_category/class2/exp002/train_and_val/energy/best_model.pth
      zenith: /project/def-nahee/kbas/Graphnet-Applications/Results/340StringMC/102_string_emax1e6/reconstruction/second_category/class2/exp002/train_and_val/zenith/best_model.pth
  targets:
  - energy
  - zenith
  - azimuth
routing:
  category: second_category
  classes:
  - 0
  - 1
  - 2
run:
  existing_output: error
slurm:
  account: def-nahee
  cpus_per_task: 8
  exclude: fc10713
  gpus_per_node: nvidia_h100_80gb_hbm3_3g.40gb:1
  mem: 48G
  time: '3:00:00'
task:
  mode: routed
  type: inference

============================

[Output] inference dir: /project/def-nahee/kbas/Graphnet-Applications/Results/340StringMC/102_string_emax1e6/inference/second_category/exp002/inference
[Paths] mixed test inputs:
  Muon: /home/kbas/scratch/String340MC/102_string/Muon_Parquet_Emax1e6/merged/test_reindexed
  Electron: /home/kbas/scratch/String340MC/102_string/Electron_Parquet/merged/test_reindexed
  Tau: /home/kbas/scratch/String340MC/102_string/Tau_Parquet/merged/test_reindexed
  NC: /home/kbas/scratch/String340MC/102_string/NC_Parquet/merged/test_reindexed
[1;34mgraphnet[0m [MainProcess] [32mINFO    [0m 2026-05-28 15:42:24 - PONE.__init__ - Writing log to [1mlogs/graphnet_20260528-154224.log[0m
[Checkpoint] loaded classification: /project/def-nahee/kbas/Graphnet-Applications/Results/340StringMC/102_string_emax1e6/classification/category2/exp002/train_and_val/best_model.pth
[1;34mgraphnet[0m [SpawnProcess-1] [33mWARNING [0m 2026-05-28 15:42:26 - <module> - `icecube` not available. Some functionality may be missing.[0m
[1;34mgraphnet[0m [SpawnProcess-1] [33mWARNING [0m 2026-05-28 15:42:27 - <module> - `km3net` not available. Some functionality may be missing.[0m
torchdiffeq not found - no support for continuous flows. Install *torchdiffeq* if support is desired!
Meander not installed... contours can not be calculated.
Healpy not installed... spherical contours can not be calculated.
package *astropy* not found -> if you want to use plotting functionality for adaptive grids, install *astropy*!
package *mhealpy* not found -> if you want to use plotting functionality for adaptive grids, install *mhealpy*!
Cannot use healpy functionality. Install healpy, if you need to do entropy scanning!
[1;34mgraphnet[0m [SpawnProcess-1] [33mWARNING [0m 2026-05-28 15:42:29 - <module> - `graphnet.models.graphs` will be depricated soon. All functionality has been moved to `graphnet.models.data_representation`.[0m
[1;34mgraphnet[0m [SpawnProcess-2] [33mWARNING [0m 2026-05-28 15:42:30 - <module> - `icecube` not available. Some functionality may be missing.[0m
[1;34mgraphnet[0m [SpawnProcess-2] [33mWARNING [0m 2026-05-28 15:42:30 - <module> - `km3net` not available. Some functionality may be missing.[0m
torchdiffeq not found - no support for continuous flows. Install *torchdiffeq* if support is desired!
Meander not installed... contours can not be calculated.
Healpy not installed... spherical contours can not be calculated.
package *astropy* not found -> if you want to use plotting functionality for adaptive grids, install *astropy*!
package *mhealpy* not found -> if you want to use plotting functionality for adaptive grids, install *mhealpy*!
Cannot use healpy functionality. Install healpy, if you need to do entropy scanning!
[1;34mgraphnet[0m [SpawnProcess-2] [33mWARNING [0m 2026-05-28 15:42:32 - <module> - `graphnet.models.graphs` will be depricated soon. All functionality has been moved to `graphnet.models.data_representation`.[0m
[1;34mgraphnet[0m [SpawnProcess-3] [33mWARNING [0m 2026-05-28 15:42:34 - <module> - `icecube` not available. Some functionality may be missing.[0m
[1;34mgraphnet[0m [SpawnProcess-3] [33mWARNING [0m 2026-05-28 15:42:34 - <module> - `km3net` not available. Some functionality may be missing.[0m
torchdiffeq not found - no support for continuous flows. Install *torchdiffeq* if support is desired!
Meander not installed... contours can not be calculated.
Healpy not installed... spherical contours can not be calculated.
package *astropy* not found -> if you want to use plotting functionality for adaptive grids, install *astropy*!
package *mhealpy* not found -> if you want to use plotting functionality for adaptive grids, install *mhealpy*!
Cannot use healpy functionality. Install healpy, if you need to do entropy scanning!
[1;34mgraphnet[0m [SpawnProcess-3] [33mWARNING [0m 2026-05-28 15:42:36 - <module> - `graphnet.models.graphs` will be depricated soon. All functionality has been moved to `graphnet.models.data_representation`.[0m
[1;34mgraphnet[0m [SpawnProcess-4] [33mWARNING [0m 2026-05-28 15:42:37 - <module> - `icecube` not available. Some functionality may be missing.[0m
[1;34mgraphnet[0m [SpawnProcess-4] [33mWARNING [0m 2026-05-28 15:42:38 - <module> - `km3net` not available. Some functionality may be missing.[0m
torchdiffeq not found - no support for continuous flows. Install *torchdiffeq* if support is desired!
Meander not installed... contours can not be calculated.
Healpy not installed... spherical contours can not be calculated.
package *astropy* not found -> if you want to use plotting functionality for adaptive grids, install *astropy*!
package *mhealpy* not found -> if you want to use plotting functionality for adaptive grids, install *mhealpy*!
Cannot use healpy functionality. Install healpy, if you need to do entropy scanning!
[1;34mgraphnet[0m [SpawnProcess-4] [33mWARNING [0m 2026-05-28 15:42:40 - <module> - `graphnet.models.graphs` will be depricated soon. All functionality has been moved to `graphnet.models.data_representation`.[0m
[1;34mgraphnet[0m [SpawnProcess-5] [33mWARNING [0m 2026-05-28 15:42:41 - <module> - `icecube` not available. Some functionality may be missing.[0m
[1;34mgraphnet[0m [SpawnProcess-5] [33mWARNING [0m 2026-05-28 15:42:42 - <module> - `km3net` not available. Some functionality may be missing.[0m
torchdiffeq not found - no support for continuous flows. Install *torchdiffeq* if support is desired!
Meander not installed... contours can not be calculated.
Healpy not installed... spherical contours can not be calculated.
package *astropy* not found -> if you want to use plotting functionality for adaptive grids, install *astropy*!
package *mhealpy* not found -> if you want to use plotting functionality for adaptive grids, install *mhealpy*!
Cannot use healpy functionality. Install healpy, if you need to do entropy scanning!
[1;34mgraphnet[0m [SpawnProcess-5] [33mWARNING [0m 2026-05-28 15:42:44 - <module> - `graphnet.models.graphs` will be depricated soon. All functionality has been moved to `graphnet.models.data_representation`.[0m
[1;34mgraphnet[0m [SpawnProcess-6] [33mWARNING [0m 2026-05-28 15:42:45 - <module> - `icecube` not available. Some functionality may be missing.[0m
[1;34mgraphnet[0m [SpawnProcess-6] [33mWARNING [0m 2026-05-28 15:42:45 - <module> - `km3net` not available. Some functionality may be missing.[0m
torchdiffeq not found - no support for continuous flows. Install *torchdiffeq* if support is desired!
Meander not installed... contours can not be calculated.
Healpy not installed... spherical contours can not be calculated.
package *astropy* not found -> if you want to use plotting functionality for adaptive grids, install *astropy*!
package *mhealpy* not found -> if you want to use plotting functionality for adaptive grids, install *mhealpy*!
Cannot use healpy functionality. Install healpy, if you need to do entropy scanning!
[1;34mgraphnet[0m [SpawnProcess-6] [33mWARNING [0m 2026-05-28 15:42:47 - <module> - `graphnet.models.graphs` will be depricated soon. All functionality has been moved to `graphnet.models.data_representation`.[0m
[1;34mgraphnet[0m [SpawnProcess-7] [33mWARNING [0m 2026-05-28 15:42:49 - <module> - `icecube` not available. Some functionality may be missing.[0m
[1;34mgraphnet[0m [SpawnProcess-7] [33mWARNING [0m 2026-05-28 15:42:49 - <module> - `km3net` not available. Some functionality may be missing.[0m
torchdiffeq not found - no support for continuous flows. Install *torchdiffeq* if support is desired!
Meander not installed... contours can not be calculated.
Healpy not installed... spherical contours can not be calculated.
package *astropy* not found -> if you want to use plotting functionality for adaptive grids, install *astropy*!
package *mhealpy* not found -> if you want to use plotting functionality for adaptive grids, install *mhealpy*!
Cannot use healpy functionality. Install healpy, if you need to do entropy scanning!
[1;34mgraphnet[0m [SpawnProcess-7] [33mWARNING [0m 2026-05-28 15:42:51 - <module> - `graphnet.models.graphs` will be depricated soon. All functionality has been moved to `graphnet.models.data_representation`.[0m
[1;34mgraphnet[0m [SpawnProcess-8] [33mWARNING [0m 2026-05-28 15:42:52 - <module> - `icecube` not available. Some functionality may be missing.[0m
[1;34mgraphnet[0m [SpawnProcess-8] [33mWARNING [0m 2026-05-28 15:42:53 - <module> - `km3net` not available. Some functionality may be missing.[0m
torchdiffeq not found - no support for continuous flows. Install *torchdiffeq* if support is desired!
Meander not installed... contours can not be calculated.
Healpy not installed... spherical contours can not be calculated.
package *astropy* not found -> if you want to use plotting functionality for adaptive grids, install *astropy*!
package *mhealpy* not found -> if you want to use plotting functionality for adaptive grids, install *mhealpy*!
Cannot use healpy functionality. Install healpy, if you need to do entropy scanning!
[1;34mgraphnet[0m [SpawnProcess-8] [33mWARNING [0m 2026-05-28 15:42:55 - <module> - `graphnet.models.graphs` will be depricated soon. All functionality has been moved to `graphnet.models.data_representation`.[0m
[Classification] rows=45196
[Reconstruction] class0: routed events=143
[Checkpoint] loaded reconstruction class0 energy: /project/def-nahee/kbas/Graphnet-Applications/Results/340StringMC/102_string_emax1e6/reconstruction/second_category/class0/exp002/train_and_val/energy/best_model.pth
[1;34mgraphnet[0m [SpawnProcess-9] [33mWARNING [0m 2026-05-28 15:43:56 - <module> - `icecube` not available. Some functionality may be missing.[0m
[1;34mgraphnet[0m [SpawnProcess-9] [33mWARNING [0m 2026-05-28 15:43:56 - <module> - `km3net` not available. Some functionality may be missing.[0m
torchdiffeq not found - no support for continuous flows. Install *torchdiffeq* if support is desired!
Meander not installed... contours can not be calculated.
Healpy not installed... spherical contours can not be calculated.
package *astropy* not found -> if you want to use plotting functionality for adaptive grids, install *astropy*!
package *mhealpy* not found -> if you want to use plotting functionality for adaptive grids, install *mhealpy*!
Cannot use healpy functionality. Install healpy, if you need to do entropy scanning!
[1;34mgraphnet[0m [SpawnProcess-9] [33mWARNING [0m 2026-05-28 15:43:58 - <module> - `graphnet.models.graphs` will be depricated soon. All functionality has been moved to `graphnet.models.data_representation`.[0m
[1;34mgraphnet[0m [SpawnProcess-10] [33mWARNING [0m 2026-05-28 15:44:00 - <module> - `icecube` not available. Some functionality may be missing.[0m
[1;34mgraphnet[0m [SpawnProcess-10] [33mWARNING [0m 2026-05-28 15:44:00 - <module> - `km3net` not available. Some functionality may be missing.[0m
torchdiffeq not found - no support for continuous flows. Install *torchdiffeq* if support is desired!
Meander not installed... contours can not be calculated.
Healpy not installed... spherical contours can not be calculated.
package *astropy* not found -> if you want to use plotting functionality for adaptive grids, install *astropy*!
package *mhealpy* not found -> if you want to use plotting functionality for adaptive grids, install *mhealpy*!
Cannot use healpy functionality. Install healpy, if you need to do entropy scanning!
[1;34mgraphnet[0m [SpawnProcess-10] [33mWARNING [0m 2026-05-28 15:44:02 - <module> - `graphnet.models.graphs` will be depricated soon. All functionality has been moved to `graphnet.models.data_representation`.[0m
[1;34mgraphnet[0m [SpawnProcess-11] [33mWARNING [0m 2026-05-28 15:44:03 - <module> - `icecube` not available. Some functionality may be missing.[0m
[1;34mgraphnet[0m [SpawnProcess-11] [33mWARNING [0m 2026-05-28 15:44:04 - <module> - `km3net` not available. Some functionality may be missing.[0m
torchdiffeq not found - no support for continuous flows. Install *torchdiffeq* if support is desired!
Meander not installed... contours can not be calculated.
Healpy not installed... spherical contours can not be calculated.
package *astropy* not found -> if you want to use plotting functionality for adaptive grids, install *astropy*!
package *mhealpy* not found -> if you want to use plotting functionality for adaptive grids, install *mhealpy*!
Cannot use healpy functionality. Install healpy, if you need to do entropy scanning!
[1;34mgraphnet[0m [SpawnProcess-11] [33mWARNING [0m 2026-05-28 15:44:06 - <module> - `graphnet.models.graphs` will be depricated soon. All functionality has been moved to `graphnet.models.data_representation`.[0m
[1;34mgraphnet[0m [SpawnProcess-12] [33mWARNING [0m 2026-05-28 15:44:07 - <module> - `icecube` not available. Some functionality may be missing.[0m
[1;34mgraphnet[0m [SpawnProcess-12] [33mWARNING [0m 2026-05-28 15:44:07 - <module> - `km3net` not available. Some functionality may be missing.[0m
torchdiffeq not found - no support for continuous flows. Install *torchdiffeq* if support is desired!
Meander not installed... contours can not be calculated.
Healpy not installed... spherical contours can not be calculated.
package *astropy* not found -> if you want to use plotting functionality for adaptive grids, install *astropy*!
package *mhealpy* not found -> if you want to use plotting functionality for adaptive grids, install *mhealpy*!
Cannot use healpy functionality. Install healpy, if you need to do entropy scanning!
[1;34mgraphnet[0m [SpawnProcess-12] [33mWARNING [0m 2026-05-28 15:44:09 - <module> - `graphnet.models.graphs` will be depricated soon. All functionality has been moved to `graphnet.models.data_representation`.[0m
[1;34mgraphnet[0m [SpawnProcess-13] [33mWARNING [0m 2026-05-28 15:44:11 - <module> - `icecube` not available. Some functionality may be missing.[0m
[1;34mgraphnet[0m [SpawnProcess-13] [33mWARNING [0m 2026-05-28 15:44:11 - <module> - `km3net` not available. Some functionality may be missing.[0m
torchdiffeq not found - no support for continuous flows. Install *torchdiffeq* if support is desired!
Meander not installed... contours can not be calculated.
Healpy not installed... spherical contours can not be calculated.
package *astropy* not found -> if you want to use plotting functionality for adaptive grids, install *astropy*!
package *mhealpy* not found -> if you want to use plotting functionality for adaptive grids, install *mhealpy*!
Cannot use healpy functionality. Install healpy, if you need to do entropy scanning!
[1;34mgraphnet[0m [SpawnProcess-13] [33mWARNING [0m 2026-05-28 15:44:13 - <module> - `graphnet.models.graphs` will be depricated soon. All functionality has been moved to `graphnet.models.data_representation`.[0m
[1;34mgraphnet[0m [SpawnProcess-14] [33mWARNING [0m 2026-05-28 15:44:15 - <module> - `icecube` not available. Some functionality may be missing.[0m
[1;34mgraphnet[0m [SpawnProcess-14] [33mWARNING [0m 2026-05-28 15:44:15 - <module> - `km3net` not available. Some functionality may be missing.[0m
torchdiffeq not found - no support for continuous flows. Install *torchdiffeq* if support is desired!
Meander not installed... contours can not be calculated.
Healpy not installed... spherical contours can not be calculated.
package *astropy* not found -> if you want to use plotting functionality for adaptive grids, install *astropy*!
package *mhealpy* not found -> if you want to use plotting functionality for adaptive grids, install *mhealpy*!
Cannot use healpy functionality. Install healpy, if you need to do entropy scanning!
[1;34mgraphnet[0m [SpawnProcess-14] [33mWARNING [0m 2026-05-28 15:44:17 - <module> - `graphnet.models.graphs` will be depricated soon. All functionality has been moved to `graphnet.models.data_representation`.[0m
[1;34mgraphnet[0m [SpawnProcess-15] [33mWARNING [0m 2026-05-28 15:44:18 - <module> - `icecube` not available. Some functionality may be missing.[0m
[1;34mgraphnet[0m [SpawnProcess-15] [33mWARNING [0m 2026-05-28 15:44:19 - <module> - `km3net` not available. Some functionality may be missing.[0m
torchdiffeq not found - no support for continuous flows. Install *torchdiffeq* if support is desired!
Meander not installed... contours can not be calculated.
Healpy not installed... spherical contours can not be calculated.
package *astropy* not found -> if you want to use plotting functionality for adaptive grids, install *astropy*!
package *mhealpy* not found -> if you want to use plotting functionality for adaptive grids, install *mhealpy*!
Cannot use healpy functionality. Install healpy, if you need to do entropy scanning!
[1;34mgraphnet[0m [SpawnProcess-15] [33mWARNING [0m 2026-05-28 15:44:21 - <module> - `graphnet.models.graphs` will be depricated soon. All functionality has been moved to `graphnet.models.data_representation`.[0m
[1;34mgraphnet[0m [SpawnProcess-16] [33mWARNING [0m 2026-05-28 15:44:22 - <module> - `icecube` not available. Some functionality may be missing.[0m
[1;34mgraphnet[0m [SpawnProcess-16] [33mWARNING [0m 2026-05-28 15:44:22 - <module> - `km3net` not available. Some functionality may be missing.[0m
torchdiffeq not found - no support for continuous flows. Install *torchdiffeq* if support is desired!
Meander not installed... contours can not be calculated.
Healpy not installed... spherical contours can not be calculated.
package *astropy* not found -> if you want to use plotting functionality for adaptive grids, install *astropy*!
package *mhealpy* not found -> if you want to use plotting functionality for adaptive grids, install *mhealpy*!
Cannot use healpy functionality. Install healpy, if you need to do entropy scanning!
[1;34mgraphnet[0m [SpawnProcess-16] [33mWARNING [0m 2026-05-28 15:44:24 - <module> - `graphnet.models.graphs` will be depricated soon. All functionality has been moved to `graphnet.models.data_representation`.[0m
[Reconstruction] class0 energy: rows=143
[Checkpoint] loaded reconstruction class0 zenith: /project/def-nahee/kbas/Graphnet-Applications/Results/340StringMC/102_string_emax1e6/reconstruction/second_category/class0/exp002/train_and_val/zenith/best_model.pth
[Reconstruction] class0 zenith: rows=143
[Checkpoint] loaded reconstruction class0 azimuth: /project/def-nahee/kbas/Graphnet-Applications/Results/340StringMC/102_string_emax1e6/reconstruction/second_category/class0/exp002/train_and_val/azimuth/best_model.pth
[Reconstruction] class0 azimuth: rows=143
[Reconstruction] class1: routed events=23387
[Checkpoint] loaded reconstruction class1 energy: /project/def-nahee/kbas/Graphnet-Applications/Results/340StringMC/102_string_emax1e6/reconstruction/second_category/class1/exp002/train_and_val/energy/best_model.pth
[1;34mgraphnet[0m [SpawnProcess-17] [33mWARNING [0m 2026-05-28 15:45:58 - <module> - `icecube` not available. Some functionality may be missing.[0m
[1;34mgraphnet[0m [SpawnProcess-17] [33mWARNING [0m 2026-05-28 15:45:59 - <module> - `km3net` not available. Some functionality may be missing.[0m
torchdiffeq not found - no support for continuous flows. Install *torchdiffeq* if support is desired!
Meander not installed... contours can not be calculated.
Healpy not installed... spherical contours can not be calculated.
package *astropy* not found -> if you want to use plotting functionality for adaptive grids, install *astropy*!
package *mhealpy* not found -> if you want to use plotting functionality for adaptive grids, install *mhealpy*!
Cannot use healpy functionality. Install healpy, if you need to do entropy scanning!
[1;34mgraphnet[0m [SpawnProcess-17] [33mWARNING [0m 2026-05-28 15:46:01 - <module> - `graphnet.models.graphs` will be depricated soon. All functionality has been moved to `graphnet.models.data_representation`.[0m
[1;34mgraphnet[0m [SpawnProcess-18] [33mWARNING [0m 2026-05-28 15:46:02 - <module> - `icecube` not available. Some functionality may be missing.[0m
[1;34mgraphnet[0m [SpawnProcess-18] [33mWARNING [0m 2026-05-28 15:46:02 - <module> - `km3net` not available. Some functionality may be missing.[0m
torchdiffeq not found - no support for continuous flows. Install *torchdiffeq* if support is desired!
Meander not installed... contours can not be calculated.
Healpy not installed... spherical contours can not be calculated.
package *astropy* not found -> if you want to use plotting functionality for adaptive grids, install *astropy*!
package *mhealpy* not found -> if you want to use plotting functionality for adaptive grids, install *mhealpy*!
Cannot use healpy functionality. Install healpy, if you need to do entropy scanning!
[1;34mgraphnet[0m [SpawnProcess-18] [33mWARNING [0m 2026-05-28 15:46:04 - <module> - `graphnet.models.graphs` will be depricated soon. All functionality has been moved to `graphnet.models.data_representation`.[0m
[1;34mgraphnet[0m [SpawnProcess-19] [33mWARNING [0m 2026-05-28 15:46:06 - <module> - `icecube` not available. Some functionality may be missing.[0m
[1;34mgraphnet[0m [SpawnProcess-19] [33mWARNING [0m 2026-05-28 15:46:06 - <module> - `km3net` not available. Some functionality may be missing.[0m
torchdiffeq not found - no support for continuous flows. Install *torchdiffeq* if support is desired!
Meander not installed... contours can not be calculated.
Healpy not installed... spherical contours can not be calculated.
package *astropy* not found -> if you want to use plotting functionality for adaptive grids, install *astropy*!
package *mhealpy* not found -> if you want to use plotting functionality for adaptive grids, install *mhealpy*!
Cannot use healpy functionality. Install healpy, if you need to do entropy scanning!
[1;34mgraphnet[0m [SpawnProcess-19] [33mWARNING [0m 2026-05-28 15:46:08 - <module> - `graphnet.models.graphs` will be depricated soon. All functionality has been moved to `graphnet.models.data_representation`.[0m
[1;34mgraphnet[0m [SpawnProcess-20] [33mWARNING [0m 2026-05-28 15:46:09 - <module> - `icecube` not available. Some functionality may be missing.[0m
[1;34mgraphnet[0m [SpawnProcess-20] [33mWARNING [0m 2026-05-28 15:46:10 - <module> - `km3net` not available. Some functionality may be missing.[0m
torchdiffeq not found - no support for continuous flows. Install *torchdiffeq* if support is desired!
Meander not installed... contours can not be calculated.
Healpy not installed... spherical contours can not be calculated.
package *astropy* not found -> if you want to use plotting functionality for adaptive grids, install *astropy*!
package *mhealpy* not found -> if you want to use plotting functionality for adaptive grids, install *mhealpy*!
Cannot use healpy functionality. Install healpy, if you need to do entropy scanning!
[1;34mgraphnet[0m [SpawnProcess-20] [33mWARNING [0m 2026-05-28 15:46:12 - <module> - `graphnet.models.graphs` will be depricated soon. All functionality has been moved to `graphnet.models.data_representation`.[0m
[1;34mgraphnet[0m [SpawnProcess-21] [33mWARNING [0m 2026-05-28 15:46:13 - <module> - `icecube` not available. Some functionality may be missing.[0m
[1;34mgraphnet[0m [SpawnProcess-21] [33mWARNING [0m 2026-05-28 15:46:14 - <module> - `km3net` not available. Some functionality may be missing.[0m
torchdiffeq not found - no support for continuous flows. Install *torchdiffeq* if support is desired!
Meander not installed... contours can not be calculated.
Healpy not installed... spherical contours can not be calculated.
package *astropy* not found -> if you want to use plotting functionality for adaptive grids, install *astropy*!
package *mhealpy* not found -> if you want to use plotting functionality for adaptive grids, install *mhealpy*!
Cannot use healpy functionality. Install healpy, if you need to do entropy scanning!
[1;34mgraphnet[0m [SpawnProcess-21] [33mWARNING [0m 2026-05-28 15:46:16 - <module> - `graphnet.models.graphs` will be depricated soon. All functionality has been moved to `graphnet.models.data_representation`.[0m
[1;34mgraphnet[0m [SpawnProcess-22] [33mWARNING [0m 2026-05-28 15:46:17 - <module> - `icecube` not available. Some functionality may be missing.[0m
[1;34mgraphnet[0m [SpawnProcess-22] [33mWARNING [0m 2026-05-28 15:46:17 - <module> - `km3net` not available. Some functionality may be missing.[0m
torchdiffeq not found - no support for continuous flows. Install *torchdiffeq* if support is desired!
Meander not installed... contours can not be calculated.
Healpy not installed... spherical contours can not be calculated.
package *astropy* not found -> if you want to use plotting functionality for adaptive grids, install *astropy*!
package *mhealpy* not found -> if you want to use plotting functionality for adaptive grids, install *mhealpy*!
Cannot use healpy functionality. Install healpy, if you need to do entropy scanning!
[1;34mgraphnet[0m [SpawnProcess-22] [33mWARNING [0m 2026-05-28 15:46:19 - <module> - `graphnet.models.graphs` will be depricated soon. All functionality has been moved to `graphnet.models.data_representation`.[0m
[1;34mgraphnet[0m [SpawnProcess-23] [33mWARNING [0m 2026-05-28 15:46:21 - <module> - `icecube` not available. Some functionality may be missing.[0m
[1;34mgraphnet[0m [SpawnProcess-23] [33mWARNING [0m 2026-05-28 15:46:21 - <module> - `km3net` not available. Some functionality may be missing.[0m
torchdiffeq not found - no support for continuous flows. Install *torchdiffeq* if support is desired!
Meander not installed... contours can not be calculated.
Healpy not installed... spherical contours can not be calculated.
package *astropy* not found -> if you want to use plotting functionality for adaptive grids, install *astropy*!
package *mhealpy* not found -> if you want to use plotting functionality for adaptive grids, install *mhealpy*!
Cannot use healpy functionality. Install healpy, if you need to do entropy scanning!
[1;34mgraphnet[0m [SpawnProcess-23] [33mWARNING [0m 2026-05-28 15:46:23 - <module> - `graphnet.models.graphs` will be depricated soon. All functionality has been moved to `graphnet.models.data_representation`.[0m
[1;34mgraphnet[0m [SpawnProcess-24] [33mWARNING [0m 2026-05-28 15:46:24 - <module> - `icecube` not available. Some functionality may be missing.[0m
[1;34mgraphnet[0m [SpawnProcess-24] [33mWARNING [0m 2026-05-28 15:46:25 - <module> - `km3net` not available. Some functionality may be missing.[0m
torchdiffeq not found - no support for continuous flows. Install *torchdiffeq* if support is desired!
Meander not installed... contours can not be calculated.
Healpy not installed... spherical contours can not be calculated.
package *astropy* not found -> if you want to use plotting functionality for adaptive grids, install *astropy*!
package *mhealpy* not found -> if you want to use plotting functionality for adaptive grids, install *mhealpy*!
Cannot use healpy functionality. Install healpy, if you need to do entropy scanning!
[1;34mgraphnet[0m [SpawnProcess-24] [33mWARNING [0m 2026-05-28 15:46:27 - <module> - `graphnet.models.graphs` will be depricated soon. All functionality has been moved to `graphnet.models.data_representation`.[0m
[Reconstruction] class1 energy: rows=23387
[Checkpoint] loaded reconstruction class1 zenith: /project/def-nahee/kbas/Graphnet-Applications/Results/340StringMC/102_string_emax1e6/reconstruction/second_category/class1/exp002/train_and_val/zenith/best_model.pth
[Reconstruction] class1 zenith: rows=23387
[Checkpoint] loaded reconstruction class1 azimuth: /project/def-nahee/kbas/Graphnet-Applications/Results/340StringMC/102_string_emax1e6/reconstruction/second_category/class1/exp002/train_and_val/azimuth/best_model.pth
[Reconstruction] class1 azimuth: rows=23387
[Reconstruction] class2: routed events=21666
[Checkpoint] loaded reconstruction class2 energy: /project/def-nahee/kbas/Graphnet-Applications/Results/340StringMC/102_string_emax1e6/reconstruction/second_category/class2/exp002/train_and_val/energy/best_model.pth
[1;34mgraphnet[0m [SpawnProcess-25] [33mWARNING [0m 2026-05-28 15:48:00 - <module> - `icecube` not available. Some functionality may be missing.[0m
[1;34mgraphnet[0m [SpawnProcess-25] [33mWARNING [0m 2026-05-28 15:48:00 - <module> - `km3net` not available. Some functionality may be missing.[0m
torchdiffeq not found - no support for continuous flows. Install *torchdiffeq* if support is desired!
Meander not installed... contours can not be calculated.
Healpy not installed... spherical contours can not be calculated.
package *astropy* not found -> if you want to use plotting functionality for adaptive grids, install *astropy*!
package *mhealpy* not found -> if you want to use plotting functionality for adaptive grids, install *mhealpy*!
Cannot use healpy functionality. Install healpy, if you need to do entropy scanning!
[1;34mgraphnet[0m [SpawnProcess-25] [33mWARNING [0m 2026-05-28 15:48:02 - <module> - `graphnet.models.graphs` will be depricated soon. All functionality has been moved to `graphnet.models.data_representation`.[0m
[1;34mgraphnet[0m [SpawnProcess-26] [33mWARNING [0m 2026-05-28 15:48:04 - <module> - `icecube` not available. Some functionality may be missing.[0m
[1;34mgraphnet[0m [SpawnProcess-26] [33mWARNING [0m 2026-05-28 15:48:04 - <module> - `km3net` not available. Some functionality may be missing.[0m
torchdiffeq not found - no support for continuous flows. Install *torchdiffeq* if support is desired!
Meander not installed... contours can not be calculated.
Healpy not installed... spherical contours can not be calculated.
package *astropy* not found -> if you want to use plotting functionality for adaptive grids, install *astropy*!
package *mhealpy* not found -> if you want to use plotting functionality for adaptive grids, install *mhealpy*!
Cannot use healpy functionality. Install healpy, if you need to do entropy scanning!
[1;34mgraphnet[0m [SpawnProcess-26] [33mWARNING [0m 2026-05-28 15:48:06 - <module> - `graphnet.models.graphs` will be depricated soon. All functionality has been moved to `graphnet.models.data_representation`.[0m
[1;34mgraphnet[0m [SpawnProcess-27] [33mWARNING [0m 2026-05-28 15:48:07 - <module> - `icecube` not available. Some functionality may be missing.[0m
[1;34mgraphnet[0m [SpawnProcess-27] [33mWARNING [0m 2026-05-28 15:48:08 - <module> - `km3net` not available. Some functionality may be missing.[0m
torchdiffeq not found - no support for continuous flows. Install *torchdiffeq* if support is desired!
Meander not installed... contours can not be calculated.
Healpy not installed... spherical contours can not be calculated.
package *astropy* not found -> if you want to use plotting functionality for adaptive grids, install *astropy*!
package *mhealpy* not found -> if you want to use plotting functionality for adaptive grids, install *mhealpy*!
Cannot use healpy functionality. Install healpy, if you need to do entropy scanning!
[1;34mgraphnet[0m [SpawnProcess-27] [33mWARNING [0m 2026-05-28 15:48:10 - <module> - `graphnet.models.graphs` will be depricated soon. All functionality has been moved to `graphnet.models.data_representation`.[0m
[1;34mgraphnet[0m [SpawnProcess-28] [33mWARNING [0m 2026-05-28 15:48:11 - <module> - `icecube` not available. Some functionality may be missing.[0m
[1;34mgraphnet[0m [SpawnProcess-28] [33mWARNING [0m 2026-05-28 15:48:12 - <module> - `km3net` not available. Some functionality may be missing.[0m
torchdiffeq not found - no support for continuous flows. Install *torchdiffeq* if support is desired!
Meander not installed... contours can not be calculated.
Healpy not installed... spherical contours can not be calculated.
package *astropy* not found -> if you want to use plotting functionality for adaptive grids, install *astropy*!
package *mhealpy* not found -> if you want to use plotting functionality for adaptive grids, install *mhealpy*!
Cannot use healpy functionality. Install healpy, if you need to do entropy scanning!
[1;34mgraphnet[0m [SpawnProcess-28] [33mWARNING [0m 2026-05-28 15:48:14 - <module> - `graphnet.models.graphs` will be depricated soon. All functionality has been moved to `graphnet.models.data_representation`.[0m
[1;34mgraphnet[0m [SpawnProcess-29] [33mWARNING [0m 2026-05-28 15:48:15 - <module> - `icecube` not available. Some functionality may be missing.[0m
[1;34mgraphnet[0m [SpawnProcess-29] [33mWARNING [0m 2026-05-28 15:48:15 - <module> - `km3net` not available. Some functionality may be missing.[0m
torchdiffeq not found - no support for continuous flows. Install *torchdiffeq* if support is desired!
Meander not installed... contours can not be calculated.
Healpy not installed... spherical contours can not be calculated.
package *astropy* not found -> if you want to use plotting functionality for adaptive grids, install *astropy*!
package *mhealpy* not found -> if you want to use plotting functionality for adaptive grids, install *mhealpy*!
Cannot use healpy functionality. Install healpy, if you need to do entropy scanning!
[1;34mgraphnet[0m [SpawnProcess-29] [33mWARNING [0m 2026-05-28 15:48:17 - <module> - `graphnet.models.graphs` will be depricated soon. All functionality has been moved to `graphnet.models.data_representation`.[0m
[1;34mgraphnet[0m [SpawnProcess-30] [33mWARNING [0m 2026-05-28 15:48:19 - <module> - `icecube` not available. Some functionality may be missing.[0m
[1;34mgraphnet[0m [SpawnProcess-30] [33mWARNING [0m 2026-05-28 15:48:19 - <module> - `km3net` not available. Some functionality may be missing.[0m
torchdiffeq not found - no support for continuous flows. Install *torchdiffeq* if support is desired!
Meander not installed... contours can not be calculated.
Healpy not installed... spherical contours can not be calculated.
package *astropy* not found -> if you want to use plotting functionality for adaptive grids, install *astropy*!
package *mhealpy* not found -> if you want to use plotting functionality for adaptive grids, install *mhealpy*!
Cannot use healpy functionality. Install healpy, if you need to do entropy scanning!
[1;34mgraphnet[0m [SpawnProcess-30] [33mWARNING [0m 2026-05-28 15:48:21 - <module> - `graphnet.models.graphs` will be depricated soon. All functionality has been moved to `graphnet.models.data_representation`.[0m
[1;34mgraphnet[0m [SpawnProcess-31] [33mWARNING [0m 2026-05-28 15:48:22 - <module> - `icecube` not available. Some functionality may be missing.[0m
[1;34mgraphnet[0m [SpawnProcess-31] [33mWARNING [0m 2026-05-28 15:48:23 - <module> - `km3net` not available. Some functionality may be missing.[0m
torchdiffeq not found - no support for continuous flows. Install *torchdiffeq* if support is desired!
Meander not installed... contours can not be calculated.
Healpy not installed... spherical contours can not be calculated.
package *astropy* not found -> if you want to use plotting functionality for adaptive grids, install *astropy*!
package *mhealpy* not found -> if you want to use plotting functionality for adaptive grids, install *mhealpy*!
Cannot use healpy functionality. Install healpy, if you need to do entropy scanning!
[1;34mgraphnet[0m [SpawnProcess-31] [33mWARNING [0m 2026-05-28 15:48:25 - <module> - `graphnet.models.graphs` will be depricated soon. All functionality has been moved to `graphnet.models.data_representation`.[0m
[1;34mgraphnet[0m [SpawnProcess-32] [33mWARNING [0m 2026-05-28 15:48:26 - <module> - `icecube` not available. Some functionality may be missing.[0m
[1;34mgraphnet[0m [SpawnProcess-32] [33mWARNING [0m 2026-05-28 15:48:26 - <module> - `km3net` not available. Some functionality may be missing.[0m
torchdiffeq not found - no support for continuous flows. Install *torchdiffeq* if support is desired!
Meander not installed... contours can not be calculated.
Healpy not installed... spherical contours can not be calculated.
package *astropy* not found -> if you want to use plotting functionality for adaptive grids, install *astropy*!
package *mhealpy* not found -> if you want to use plotting functionality for adaptive grids, install *mhealpy*!
Cannot use healpy functionality. Install healpy, if you need to do entropy scanning!
[1;34mgraphnet[0m [SpawnProcess-32] [33mWARNING [0m 2026-05-28 15:48:28 - <module> - `graphnet.models.graphs` will be depricated soon. All functionality has been moved to `graphnet.models.data_representation`.[0m
[Reconstruction] class2 energy: rows=21666
[Checkpoint] loaded reconstruction class2 zenith: /project/def-nahee/kbas/Graphnet-Applications/Results/340StringMC/102_string_emax1e6/reconstruction/second_category/class2/exp002/train_and_val/zenith/best_model.pth
[Reconstruction] class2 zenith: rows=21666
[Checkpoint] loaded reconstruction class2 azimuth: /project/def-nahee/kbas/Graphnet-Applications/Results/340StringMC/102_string_emax1e6/reconstruction/second_category/class2/exp002/train_and_val/azimuth/best_model.pth
[Reconstruction] class2 azimuth: rows=21666
[Output] wrote /project/def-nahee/kbas/Graphnet-Applications/Results/340StringMC/102_string_emax1e6/inference/second_category/exp002/inference/inference_predictions.csv
[Notebook] executing report: /project/def-nahee/kbas/Graphnet-Applications/Results/340StringMC/102_string_emax1e6/inference/second_category/exp002/inference/inference_report.ipynb
[Notebook] nbconvert failed: [Errno 2] No such file or directory: 'jupyter'
[Notebook] falling back to in-process notebook execution
[Notebook] executed report with fallback: /project/def-nahee/kbas/Graphnet-Applications/Results/340StringMC/102_string_emax1e6/inference/second_category/exp002/inference/inference_report.ipynb
--- run_inference finished (rc=0)
