===== SLURM INFO =====
JOBID: 25179264
NODELIST: fc10501
CPUS_PER_TASK: 12
GPUS_ON_NODE: 1
SUBMIT_DIR: /project/6061446/kbas/Graphnet-Applications/Training/EventPulseSeries_nonoise/presentation/102string
======================
===== SCONTROL (Req/Alloc) =====
   ReqNodeList=(null) ExcNodeList=(null)
   NodeList=fc10501
   ReqTRES=cpu=12,mem=48G,node=1,billing=12200,gres/gpu=1,gres/gpu:h100=1
   AllocTRES=cpu=12,mem=48G,node=1,billing=12200,gres/gpu=1,gres/gpu:h100=1
================================
The following modules were not unloaded:
  (Use "module --force purge" to unload all):

  1) CCconfig        6)  ucx/1.14.1         11) flexiblas/3.3.1
  2) gentoo/2023     7)  libfabric/1.18.0   12) aocl-blas/5.1
  3) gcccore/.12.3   8)  pmix/4.2.4         13) aocl-lapack/5.1
  4) gcc/12.3        9)  ucc/1.2.0          14) StdEnv/2023
  5) hwloc/2.9.1     10) openmpi/4.1.5
===== ENV SETUP =====
PWD: /project/def-nahee/kbas/pone_offline
Activating venv: /project/def-nahee/kbas/pone_offline/graphnet_env/bin/activate
Python: /project/6061446/kbas/pone_offline/graphnet_env/bin/python3
sys.executable = /project/6061446/kbas/pone_offline/graphnet_env/bin/python3
torch: 2.6.0
cuda available: True
cuda device: NVIDIA H100 80GB HBM3
===== GPU INFO =====
Sun Mar  1 06:40:56 2026       
+-----------------------------------------------------------------------------------------+
| NVIDIA-SMI 580.65.06              Driver Version: 580.65.06      CUDA Version: 13.0     |
+-----------------------------------------+------------------------+----------------------+
| GPU  Name                 Persistence-M | Bus-Id          Disp.A | Volatile Uncorr. ECC |
| Fan  Temp   Perf          Pwr:Usage/Cap |           Memory-Usage | GPU-Util  Compute M. |
|                                         |                        |               MIG M. |
|=========================================+========================+======================|
|   0  NVIDIA H100 80GB HBM3          On  |   00000000:46:00.0 Off |                    0 |
| N/A   24C    P0             67W /  700W |     131MiB /  81559MiB |      0%      Default |
|                                         |                        |             Disabled |
+-----------------------------------------+------------------------+----------------------+

+-----------------------------------------------------------------------------------------+
| Processes:                                                                              |
|  GPU   GI   CI              PID   Type   Process name                        GPU Memory |
|        ID   ID                                                               Usage      |
|=========================================================================================|
|  No running processes found                                                             |
+-----------------------------------------------------------------------------------------+
====================
===== RUN =====

========== CONFIG ==========
seed: 20260202
train_path: /scratch/kbas/FinalParquetDatasets/102_string_muon_nonoise/merged/train_reindexed
val_path: /scratch/kbas/FinalParquetDatasets/102_string_muon_nonoise/merged/val_reindexed
test_path: /scratch/kbas/FinalParquetDatasets/102_string_muon_nonoise/merged/test_reindexed
pulsemaps: features
truth_table: truth
features: ('pmt_x', 'pmt_y', 'pmt_z', 'dom_time', 'charge')
truth_all: ('azimuth', 'zenith', 'energy')
batch_size: 256
num_workers: 8
multiprocessing_context: spawn
persistent_workers: True
pin_memory: True
max_epochs: 30
early_stopping_patience: 5
base_lr: 1e-05
peak_lr: 0.001
accumulate_grad_batches: 4
nb_neighbours: 8
global_pooling_schemes: ('min', 'max', 'mean', 'sum')
add_global_variables_after_pooling: True
add_norm_layer: False
skip_readout: False
transform_support: (10.0, 100000000.0)
save_dir: /project/6061446/kbas/Graphnet-Applications/Training/EventPulseSeries_nonoise/presentation/102string
metrics_name: metrics.csv
test_csv_name: test_predictions.csv
resources_and_time_csv_name: resources_and_time.csv
metrics_extra_keys_energy: ('val_residual_log10_p16', 'val_residual_log10_p50', 'val_residual_log10_p84', 'val_W_log10', 'val_bias_log10', 'val_mae_log10', 'val_rmse_log10')
metrics_extra_keys_zenith: ('val_residual_p16_deg', 'val_residual_p50_deg', 'val_residual_p84_deg', 'val_W_deg', 'val_kappa_p16', 'val_kappa_p50', 'val_kappa_p84', 'val_kappa_W')
metrics_extra_keys_azimuth: ('val_residual_p16_deg', 'val_residual_p50_deg', 'val_residual_p84_deg', 'val_W_deg', 'val_kappa_p16', 'val_kappa_p50', 'val_kappa_p84', 'val_kappa_W')
early_stopping_monitor_energy: val_loss
early_stopping_monitor_angle: val_loss
early_stopping_mode: min
val_metrics_max_batches: None
============================

[Data] Building data_representation (KNNGraph + robust scaling)
[1;34mgraphnet[0m [MainProcess] [32mINFO    [0m 2026-03-01 06:42:28 - PONE.__init__ - Writing log to [1mlogs/graphnet_20260301-064228.log[0m
[Data] Creating ParquetDataset(s)
[Data] Creating DataLoader(s)
[Data] len(train_loader) = 608 batches/epoch (drop_last=True)
[Data] len(val_loader)   = 76 batches/epoch
[Data] len(test_loader)  = 80 batches
[Sanity] azimuth range: 0.005..6.278
[Sanity] zenith  range: 0.258..3.103
[Sanity] energy  range: 1.012e+02..1.564e+06
[rank: 0] Seed set to 20260202

[Run=azimuth] torch.cuda.is_available() = True
[Run=azimuth] GPU = NVIDIA H100 80GB HBM3
GPU available: True (cuda), used: True
TPU available: False, using: 0 TPU cores
/project/6061446/kbas/pone_offline/graphnet_env/lib/python3.10/site-packages/pytorch_lightning/trainer/connectors/logger_connector/logger_connector.py:76: Starting from v1.9.0, `tensorboardX` has been removed as a dependency of the `pytorch_lightning` package, due to potential conflicts with other packages in the ML ecosystem. For this reason, `logger=True` will use `CSVLogger` as the default logger, unless the `tensorboard` or `tensorboardX` packages are found. Please `pip install lightning[extra]` or one of them to enable TensorBoard support by default
You are using a CUDA device ('NVIDIA H100 80GB HBM3') that has Tensor Cores. To properly utilize them, you should set `torch.set_float32_matmul_precision('medium' | 'high')` which will trade-off precision for performance. For more details, read https://pytorch.org/docs/stable/generated/torch.set_float32_matmul_precision.html#torch.set_float32_matmul_precision
LOCAL_RANK: 0 - CUDA_VISIBLE_DEVICES: [0]

  | Name                 | Type       | Params | Mode 
------------------------------------------------------------
0 | _tasks               | ModuleList | 258    | train
1 | _data_representation | KNNGraph   | 0      | train
2 | backbone             | DynEdge    | 1.4 M  | train
------------------------------------------------------------
1.4 M     Trainable params
0         Non-trainable params
1.4 M     Total params
5.502     Total estimated model params size (MB)
36        Modules in train mode
0         Modules in eval mode
SLURM auto-requeueing enabled. Setting signal handlers.
Metric val_loss improved. New best score: 0.263 | epoch: 0
[1;34mgraphnet[0m [MainProcess] [32mINFO    [0m 2026-03-01 06:52:41 - StandardModel.save_state_dict - Model state_dict saved to /project/6061446/kbas/Graphnet-Applications/Training/EventPulseSeries_nonoise/presentation/102string/azimuth/best_model.pth[0m
Metric val_loss improved by 0.237 >= min_delta = 0.0. New best score: 0.027 | epoch: 1
[1;34mgraphnet[0m [MainProcess] [32mINFO    [0m 2026-03-01 07:00:28 - StandardModel.save_state_dict - Model state_dict saved to /project/6061446/kbas/Graphnet-Applications/Training/EventPulseSeries_nonoise/presentation/102string/azimuth/best_model.pth[0m
Metric val_loss improved by 0.032 >= min_delta = 0.0. New best score: -0.005 | epoch: 2
[1;34mgraphnet[0m [MainProcess] [32mINFO    [0m 2026-03-01 07:08:14 - StandardModel.save_state_dict - Model state_dict saved to /project/6061446/kbas/Graphnet-Applications/Training/EventPulseSeries_nonoise/presentation/102string/azimuth/best_model.pth[0m
Metric val_loss improved by 0.094 >= min_delta = 0.0. New best score: -0.099 | epoch: 3
[1;34mgraphnet[0m [MainProcess] [32mINFO    [0m 2026-03-01 07:16:00 - StandardModel.save_state_dict - Model state_dict saved to /project/6061446/kbas/Graphnet-Applications/Training/EventPulseSeries_nonoise/presentation/102string/azimuth/best_model.pth[0m
Metric val_loss improved by 0.033 >= min_delta = 0.0. New best score: -0.132 | epoch: 4
[1;34mgraphnet[0m [MainProcess] [32mINFO    [0m 2026-03-01 07:23:45 - StandardModel.save_state_dict - Model state_dict saved to /project/6061446/kbas/Graphnet-Applications/Training/EventPulseSeries_nonoise/presentation/102string/azimuth/best_model.pth[0m
Metric val_loss improved by 0.001 >= min_delta = 0.0. New best score: -0.133 | epoch: 5
[1;34mgraphnet[0m [MainProcess] [32mINFO    [0m 2026-03-01 07:31:34 - StandardModel.save_state_dict - Model state_dict saved to /project/6061446/kbas/Graphnet-Applications/Training/EventPulseSeries_nonoise/presentation/102string/azimuth/best_model.pth[0m
Metric val_loss improved by 0.047 >= min_delta = 0.0. New best score: -0.180 | epoch: 6
[1;34mgraphnet[0m [MainProcess] [32mINFO    [0m 2026-03-01 07:39:20 - StandardModel.save_state_dict - Model state_dict saved to /project/6061446/kbas/Graphnet-Applications/Training/EventPulseSeries_nonoise/presentation/102string/azimuth/best_model.pth[0m
Metric val_loss improved by 0.001 >= min_delta = 0.0. New best score: -0.181 | epoch: 7
[1;34mgraphnet[0m [MainProcess] [32mINFO    [0m 2026-03-01 07:47:07 - StandardModel.save_state_dict - Model state_dict saved to /project/6061446/kbas/Graphnet-Applications/Training/EventPulseSeries_nonoise/presentation/102string/azimuth/best_model.pth[0m
Metric val_loss improved by 0.037 >= min_delta = 0.0. New best score: -0.218 | epoch: 8
[1;34mgraphnet[0m [MainProcess] [32mINFO    [0m 2026-03-01 07:54:58 - StandardModel.save_state_dict - Model state_dict saved to /project/6061446/kbas/Graphnet-Applications/Training/EventPulseSeries_nonoise/presentation/102string/azimuth/best_model.pth[0m
Metric val_loss improved by 0.000 >= min_delta = 0.0. New best score: -0.219 | epoch: 10
[1;34mgraphnet[0m [MainProcess] [32mINFO    [0m 2026-03-01 08:10:39 - StandardModel.save_state_dict - Model state_dict saved to /project/6061446/kbas/Graphnet-Applications/Training/EventPulseSeries_nonoise/presentation/102string/azimuth/best_model.pth[0m
Metric val_loss improved by 0.027 >= min_delta = 0.0. New best score: -0.246 | epoch: 12
[1;34mgraphnet[0m [MainProcess] [32mINFO    [0m 2026-03-01 08:26:08 - StandardModel.save_state_dict - Model state_dict saved to /project/6061446/kbas/Graphnet-Applications/Training/EventPulseSeries_nonoise/presentation/102string/azimuth/best_model.pth[0m
Metric val_loss improved by 0.019 >= min_delta = 0.0. New best score: -0.264 | epoch: 13
[1;34mgraphnet[0m [MainProcess] [32mINFO    [0m 2026-03-01 08:33:53 - StandardModel.save_state_dict - Model state_dict saved to /project/6061446/kbas/Graphnet-Applications/Training/EventPulseSeries_nonoise/presentation/102string/azimuth/best_model.pth[0m
Metric val_loss improved by 0.008 >= min_delta = 0.0. New best score: -0.272 | epoch: 14
[1;34mgraphnet[0m [MainProcess] [32mINFO    [0m 2026-03-01 08:41:37 - StandardModel.save_state_dict - Model state_dict saved to /project/6061446/kbas/Graphnet-Applications/Training/EventPulseSeries_nonoise/presentation/102string/azimuth/best_model.pth[0m
Metric val_loss improved by 0.008 >= min_delta = 0.0. New best score: -0.280 | epoch: 15
[1;34mgraphnet[0m [MainProcess] [32mINFO    [0m 2026-03-01 08:49:21 - StandardModel.save_state_dict - Model state_dict saved to /project/6061446/kbas/Graphnet-Applications/Training/EventPulseSeries_nonoise/presentation/102string/azimuth/best_model.pth[0m
Metric val_loss improved by 0.004 >= min_delta = 0.0. New best score: -0.284 | epoch: 19
[1;34mgraphnet[0m [MainProcess] [32mINFO    [0m 2026-03-01 09:20:28 - StandardModel.save_state_dict - Model state_dict saved to /project/6061446/kbas/Graphnet-Applications/Training/EventPulseSeries_nonoise/presentation/102string/azimuth/best_model.pth[0m
Metric val_loss improved by 0.009 >= min_delta = 0.0. New best score: -0.293 | epoch: 21
[1;34mgraphnet[0m [MainProcess] [32mINFO    [0m 2026-03-01 09:35:57 - StandardModel.save_state_dict - Model state_dict saved to /project/6061446/kbas/Graphnet-Applications/Training/EventPulseSeries_nonoise/presentation/102string/azimuth/best_model.pth[0m
Metric val_loss improved by 0.001 >= min_delta = 0.0. New best score: -0.294 | epoch: 22
[1;34mgraphnet[0m [MainProcess] [32mINFO    [0m 2026-03-01 09:43:39 - StandardModel.save_state_dict - Model state_dict saved to /project/6061446/kbas/Graphnet-Applications/Training/EventPulseSeries_nonoise/presentation/102string/azimuth/best_model.pth[0m
Monitored metric val_loss did not improve in the last 5 records. Best score: -0.294. Signaling Trainer to stop.
[Resources] Wrote /project/6061446/kbas/Graphnet-Applications/Training/EventPulseSeries_nonoise/presentation/102string/azimuth/resources_and_time.csv | last_epoch=27 | total=220.02 min
[Run=azimuth] best_model: /project/6061446/kbas/Graphnet-Applications/Training/EventPulseSeries_nonoise/presentation/102string/azimuth/best_model.pth
[Run=azimuth] config:     /project/6061446/kbas/Graphnet-Applications/Training/EventPulseSeries_nonoise/presentation/102string/azimuth/config.yml
[Run=azimuth] metrics:    /project/6061446/kbas/Graphnet-Applications/Training/EventPulseSeries_nonoise/presentation/102string/azimuth/metrics.csv
[Test=azimuth] Loaded best weights: /project/6061446/kbas/Graphnet-Applications/Training/EventPulseSeries_nonoise/presentation/102string/azimuth/best_model.pth
[Test=azimuth] Wrote: /project/6061446/kbas/Graphnet-Applications/Training/EventPulseSeries_nonoise/presentation/102string/azimuth/test_predictions.csv | rows=20272
[Test=azimuth] residual_deg (signed): p16=-8.269, p50=0.160, p84=8.692 | W_deg=8.481 | kappa_mean=58.183
[rank: 0] Seed set to 20260202

[Run=zenith] torch.cuda.is_available() = True
[Run=zenith] GPU = NVIDIA H100 80GB HBM3
GPU available: True (cuda), used: True
TPU available: False, using: 0 TPU cores
LOCAL_RANK: 0 - CUDA_VISIBLE_DEVICES: [0]

  | Name                 | Type       | Params | Mode 
------------------------------------------------------------
0 | _tasks               | ModuleList | 258    | train
1 | _data_representation | KNNGraph   | 0      | eval 
2 | backbone             | DynEdge    | 1.4 M  | train
------------------------------------------------------------
1.4 M     Trainable params
0         Non-trainable params
1.4 M     Total params
5.502     Total estimated model params size (MB)
32        Modules in train mode
4         Modules in eval mode
SLURM auto-requeueing enabled. Setting signal handlers.
/project/6061446/kbas/pone_offline/graphnet_env/lib/python3.10/site-packages/pytorch_lightning/loops/fit_loop.py:527: Found 4 module(s) in eval mode at the start of training. This may lead to unexpected behavior during training. If this is intentional, you can ignore this warning.
Metric val_loss improved. New best score: 0.488 | epoch: 0
[1;34mgraphnet[0m [MainProcess] [32mINFO    [0m 2026-03-01 10:43:39 - StandardModel.save_state_dict - Model state_dict saved to /project/6061446/kbas/Graphnet-Applications/Training/EventPulseSeries_nonoise/presentation/102string/zenith/best_model.pth[0m
Metric val_loss improved by 0.320 >= min_delta = 0.0. New best score: 0.168 | epoch: 1
[1;34mgraphnet[0m [MainProcess] [32mINFO    [0m 2026-03-01 10:51:24 - StandardModel.save_state_dict - Model state_dict saved to /project/6061446/kbas/Graphnet-Applications/Training/EventPulseSeries_nonoise/presentation/102string/zenith/best_model.pth[0m
Metric val_loss improved by 0.216 >= min_delta = 0.0. New best score: -0.048 | epoch: 2
[1;34mgraphnet[0m [MainProcess] [32mINFO    [0m 2026-03-01 10:59:08 - StandardModel.save_state_dict - Model state_dict saved to /project/6061446/kbas/Graphnet-Applications/Training/EventPulseSeries_nonoise/presentation/102string/zenith/best_model.pth[0m
Metric val_loss improved by 0.080 >= min_delta = 0.0. New best score: -0.128 | epoch: 3
[1;34mgraphnet[0m [MainProcess] [32mINFO    [0m 2026-03-01 11:06:53 - StandardModel.save_state_dict - Model state_dict saved to /project/6061446/kbas/Graphnet-Applications/Training/EventPulseSeries_nonoise/presentation/102string/zenith/best_model.pth[0m
Metric val_loss improved by 0.033 >= min_delta = 0.0. New best score: -0.161 | epoch: 4
[1;34mgraphnet[0m [MainProcess] [32mINFO    [0m 2026-03-01 11:14:36 - StandardModel.save_state_dict - Model state_dict saved to /project/6061446/kbas/Graphnet-Applications/Training/EventPulseSeries_nonoise/presentation/102string/zenith/best_model.pth[0m
Metric val_loss improved by 0.097 >= min_delta = 0.0. New best score: -0.258 | epoch: 5
[1;34mgraphnet[0m [MainProcess] [32mINFO    [0m 2026-03-01 11:22:17 - StandardModel.save_state_dict - Model state_dict saved to /project/6061446/kbas/Graphnet-Applications/Training/EventPulseSeries_nonoise/presentation/102string/zenith/best_model.pth[0m
Metric val_loss improved by 0.019 >= min_delta = 0.0. New best score: -0.277 | epoch: 7
[1;34mgraphnet[0m [MainProcess] [32mINFO    [0m 2026-03-01 11:37:46 - StandardModel.save_state_dict - Model state_dict saved to /project/6061446/kbas/Graphnet-Applications/Training/EventPulseSeries_nonoise/presentation/102string/zenith/best_model.pth[0m
Metric val_loss improved by 0.287 >= min_delta = 0.0. New best score: -0.563 | epoch: 8
[1;34mgraphnet[0m [MainProcess] [32mINFO    [0m 2026-03-01 11:45:33 - StandardModel.save_state_dict - Model state_dict saved to /project/6061446/kbas/Graphnet-Applications/Training/EventPulseSeries_nonoise/presentation/102string/zenith/best_model.pth[0m
Metric val_loss improved by 0.015 >= min_delta = 0.0. New best score: -0.579 | epoch: 9
[1;34mgraphnet[0m [MainProcess] [32mINFO    [0m 2026-03-01 11:53:17 - StandardModel.save_state_dict - Model state_dict saved to /project/6061446/kbas/Graphnet-Applications/Training/EventPulseSeries_nonoise/presentation/102string/zenith/best_model.pth[0m
Metric val_loss improved by 0.040 >= min_delta = 0.0. New best score: -0.618 | epoch: 10
[1;34mgraphnet[0m [MainProcess] [32mINFO    [0m 2026-03-01 12:01:03 - StandardModel.save_state_dict - Model state_dict saved to /project/6061446/kbas/Graphnet-Applications/Training/EventPulseSeries_nonoise/presentation/102string/zenith/best_model.pth[0m
Metric val_loss improved by 0.045 >= min_delta = 0.0. New best score: -0.664 | epoch: 11
[1;34mgraphnet[0m [MainProcess] [32mINFO    [0m 2026-03-01 12:08:49 - StandardModel.save_state_dict - Model state_dict saved to /project/6061446/kbas/Graphnet-Applications/Training/EventPulseSeries_nonoise/presentation/102string/zenith/best_model.pth[0m
Metric val_loss improved by 0.001 >= min_delta = 0.0. New best score: -0.665 | epoch: 12
[1;34mgraphnet[0m [MainProcess] [32mINFO    [0m 2026-03-01 12:16:34 - StandardModel.save_state_dict - Model state_dict saved to /project/6061446/kbas/Graphnet-Applications/Training/EventPulseSeries_nonoise/presentation/102string/zenith/best_model.pth[0m
Metric val_loss improved by 0.034 >= min_delta = 0.0. New best score: -0.699 | epoch: 13
[1;34mgraphnet[0m [MainProcess] [32mINFO    [0m 2026-03-01 12:24:17 - StandardModel.save_state_dict - Model state_dict saved to /project/6061446/kbas/Graphnet-Applications/Training/EventPulseSeries_nonoise/presentation/102string/zenith/best_model.pth[0m
Metric val_loss improved by 0.005 >= min_delta = 0.0. New best score: -0.705 | epoch: 14
[1;34mgraphnet[0m [MainProcess] [32mINFO    [0m 2026-03-01 12:32:03 - StandardModel.save_state_dict - Model state_dict saved to /project/6061446/kbas/Graphnet-Applications/Training/EventPulseSeries_nonoise/presentation/102string/zenith/best_model.pth[0m
Metric val_loss improved by 0.023 >= min_delta = 0.0. New best score: -0.728 | epoch: 15
[1;34mgraphnet[0m [MainProcess] [32mINFO    [0m 2026-03-01 12:39:48 - StandardModel.save_state_dict - Model state_dict saved to /project/6061446/kbas/Graphnet-Applications/Training/EventPulseSeries_nonoise/presentation/102string/zenith/best_model.pth[0m
Metric val_loss improved by 0.030 >= min_delta = 0.0. New best score: -0.758 | epoch: 16
[1;34mgraphnet[0m [MainProcess] [32mINFO    [0m 2026-03-01 12:47:37 - StandardModel.save_state_dict - Model state_dict saved to /project/6061446/kbas/Graphnet-Applications/Training/EventPulseSeries_nonoise/presentation/102string/zenith/best_model.pth[0m
Metric val_loss improved by 0.013 >= min_delta = 0.0. New best score: -0.770 | epoch: 18
[1;34mgraphnet[0m [MainProcess] [32mINFO    [0m 2026-03-01 13:03:12 - StandardModel.save_state_dict - Model state_dict saved to /project/6061446/kbas/Graphnet-Applications/Training/EventPulseSeries_nonoise/presentation/102string/zenith/best_model.pth[0m
Metric val_loss improved by 0.001 >= min_delta = 0.0. New best score: -0.771 | epoch: 19
[1;34mgraphnet[0m [MainProcess] [32mINFO    [0m 2026-03-01 13:10:59 - StandardModel.save_state_dict - Model state_dict saved to /project/6061446/kbas/Graphnet-Applications/Training/EventPulseSeries_nonoise/presentation/102string/zenith/best_model.pth[0m
Metric val_loss improved by 0.004 >= min_delta = 0.0. New best score: -0.775 | epoch: 20
[1;34mgraphnet[0m [MainProcess] [32mINFO    [0m 2026-03-01 13:18:43 - StandardModel.save_state_dict - Model state_dict saved to /project/6061446/kbas/Graphnet-Applications/Training/EventPulseSeries_nonoise/presentation/102string/zenith/best_model.pth[0m
Metric val_loss improved by 0.003 >= min_delta = 0.0. New best score: -0.778 | epoch: 21
[1;34mgraphnet[0m [MainProcess] [32mINFO    [0m 2026-03-01 13:26:29 - StandardModel.save_state_dict - Model state_dict saved to /project/6061446/kbas/Graphnet-Applications/Training/EventPulseSeries_nonoise/presentation/102string/zenith/best_model.pth[0m
Metric val_loss improved by 0.010 >= min_delta = 0.0. New best score: -0.787 | epoch: 22
[1;34mgraphnet[0m [MainProcess] [32mINFO    [0m 2026-03-01 13:34:14 - StandardModel.save_state_dict - Model state_dict saved to /project/6061446/kbas/Graphnet-Applications/Training/EventPulseSeries_nonoise/presentation/102string/zenith/best_model.pth[0m
Metric val_loss improved by 0.005 >= min_delta = 0.0. New best score: -0.792 | epoch: 23
[1;34mgraphnet[0m [MainProcess] [32mINFO    [0m 2026-03-01 13:42:00 - StandardModel.save_state_dict - Model state_dict saved to /project/6061446/kbas/Graphnet-Applications/Training/EventPulseSeries_nonoise/presentation/102string/zenith/best_model.pth[0m
Metric val_loss improved by 0.001 >= min_delta = 0.0. New best score: -0.793 | epoch: 25
[1;34mgraphnet[0m [MainProcess] [32mINFO    [0m 2026-03-01 13:57:28 - StandardModel.save_state_dict - Model state_dict saved to /project/6061446/kbas/Graphnet-Applications/Training/EventPulseSeries_nonoise/presentation/102string/zenith/best_model.pth[0m
Metric val_loss improved by 0.001 >= min_delta = 0.0. New best score: -0.794 | epoch: 26
[1;34mgraphnet[0m [MainProcess] [32mINFO    [0m 2026-03-01 14:05:10 - StandardModel.save_state_dict - Model state_dict saved to /project/6061446/kbas/Graphnet-Applications/Training/EventPulseSeries_nonoise/presentation/102string/zenith/best_model.pth[0m
`Trainer.fit` stopped: `max_epochs=30` reached.
[Resources] Wrote /project/6061446/kbas/Graphnet-Applications/Training/EventPulseSeries_nonoise/presentation/102string/zenith/resources_and_time.csv | last_epoch=29 | total=235.81 min
[Run=zenith] best_model: /project/6061446/kbas/Graphnet-Applications/Training/EventPulseSeries_nonoise/presentation/102string/zenith/best_model.pth
[Run=zenith] config:     /project/6061446/kbas/Graphnet-Applications/Training/EventPulseSeries_nonoise/presentation/102string/zenith/config.yml
[Run=zenith] metrics:    /project/6061446/kbas/Graphnet-Applications/Training/EventPulseSeries_nonoise/presentation/102string/zenith/metrics.csv
[Test=zenith] Loaded best weights: /project/6061446/kbas/Graphnet-Applications/Training/EventPulseSeries_nonoise/presentation/102string/zenith/best_model.pth
[Test=zenith] Wrote: /project/6061446/kbas/Graphnet-Applications/Training/EventPulseSeries_nonoise/presentation/102string/zenith/test_predictions.csv | rows=20272
[Test=zenith] residual_deg (signed): p16=-4.418, p50=0.252, p84=4.861 | W_deg=4.640 | kappa_mean=79.316
[rank: 0] Seed set to 20260202

[Run=energy] torch.cuda.is_available() = True
[Run=energy] GPU = NVIDIA H100 80GB HBM3
GPU available: True (cuda), used: True
TPU available: False, using: 0 TPU cores
LOCAL_RANK: 0 - CUDA_VISIBLE_DEVICES: [0]

  | Name                 | Type       | Params | Mode 
------------------------------------------------------------
0 | _tasks               | ModuleList | 129    | train
1 | _data_representation | KNNGraph   | 0      | eval 
2 | backbone             | DynEdge    | 1.4 M  | train
------------------------------------------------------------
1.4 M     Trainable params
0         Non-trainable params
1.4 M     Total params
5.501     Total estimated model params size (MB)
32        Modules in train mode
4         Modules in eval mode
SLURM auto-requeueing enabled. Setting signal handlers.
/project/6061446/kbas/pone_offline/graphnet_env/lib/python3.10/site-packages/pytorch_lightning/loops/fit_loop.py:527: Found 4 module(s) in eval mode at the start of training. This may lead to unexpected behavior during training. If this is intentional, you can ignore this warning.
Metric val_loss improved. New best score: 0.198 | epoch: 0
[1;34mgraphnet[0m [MainProcess] [32mINFO    [0m 2026-03-01 14:47:55 - StandardModel.save_state_dict - Model state_dict saved to /project/6061446/kbas/Graphnet-Applications/Training/EventPulseSeries_nonoise/presentation/102string/energy/best_model.pth[0m
Metric val_loss improved by 0.031 >= min_delta = 0.0. New best score: 0.167 | epoch: 1
[1;34mgraphnet[0m [MainProcess] [32mINFO    [0m 2026-03-01 14:55:40 - StandardModel.save_state_dict - Model state_dict saved to /project/6061446/kbas/Graphnet-Applications/Training/EventPulseSeries_nonoise/presentation/102string/energy/best_model.pth[0m
Metric val_loss improved by 0.008 >= min_delta = 0.0. New best score: 0.159 | epoch: 3
[1;34mgraphnet[0m [MainProcess] [32mINFO    [0m 2026-03-01 15:11:00 - StandardModel.save_state_dict - Model state_dict saved to /project/6061446/kbas/Graphnet-Applications/Training/EventPulseSeries_nonoise/presentation/102string/energy/best_model.pth[0m
Metric val_loss improved by 0.000 >= min_delta = 0.0. New best score: 0.158 | epoch: 4
[1;34mgraphnet[0m [MainProcess] [32mINFO    [0m 2026-03-01 15:18:42 - StandardModel.save_state_dict - Model state_dict saved to /project/6061446/kbas/Graphnet-Applications/Training/EventPulseSeries_nonoise/presentation/102string/energy/best_model.pth[0m
Metric val_loss improved by 0.003 >= min_delta = 0.0. New best score: 0.155 | epoch: 5
[1;34mgraphnet[0m [MainProcess] [32mINFO    [0m 2026-03-01 15:26:21 - StandardModel.save_state_dict - Model state_dict saved to /project/6061446/kbas/Graphnet-Applications/Training/EventPulseSeries_nonoise/presentation/102string/energy/best_model.pth[0m
Metric val_loss improved by 0.009 >= min_delta = 0.0. New best score: 0.146 | epoch: 6
[1;34mgraphnet[0m [MainProcess] [32mINFO    [0m 2026-03-01 15:34:05 - StandardModel.save_state_dict - Model state_dict saved to /project/6061446/kbas/Graphnet-Applications/Training/EventPulseSeries_nonoise/presentation/102string/energy/best_model.pth[0m
Metric val_loss improved by 0.004 >= min_delta = 0.0. New best score: 0.142 | epoch: 8
[1;34mgraphnet[0m [MainProcess] [32mINFO    [0m 2026-03-01 15:49:26 - StandardModel.save_state_dict - Model state_dict saved to /project/6061446/kbas/Graphnet-Applications/Training/EventPulseSeries_nonoise/presentation/102string/energy/best_model.pth[0m
Monitored metric val_loss did not improve in the last 5 records. Best score: 0.142. Signaling Trainer to stop.
[Resources] Wrote /project/6061446/kbas/Graphnet-Applications/Training/EventPulseSeries_nonoise/presentation/102string/energy/resources_and_time.csv | last_epoch=13 | total=113.77 min
[Run=energy] best_model: /project/6061446/kbas/Graphnet-Applications/Training/EventPulseSeries_nonoise/presentation/102string/energy/best_model.pth
[Run=energy] config:     /project/6061446/kbas/Graphnet-Applications/Training/EventPulseSeries_nonoise/presentation/102string/energy/config.yml
[Run=energy] metrics:    /project/6061446/kbas/Graphnet-Applications/Training/EventPulseSeries_nonoise/presentation/102string/energy/metrics.csv
[Test=energy] Loaded best weights: /project/6061446/kbas/Graphnet-Applications/Training/EventPulseSeries_nonoise/presentation/102string/energy/best_model.pth
[Test=energy] Wrote: /project/6061446/kbas/Graphnet-Applications/Training/EventPulseSeries_nonoise/presentation/102string/energy/test_predictions.csv | rows=20272
[Test=energy] residual_log10: p16=-0.5329, p50=0.0796, p84=0.4693, W=0.5011 | mae=0.4309 rmse=0.5885
===== DONE =====
