--- HOST: JOB=48828346  HOST=fc11004
--- CONFIG: /project/6061446/kbas/graphnet/examples/08_pone/configs/inference/160_string_emax1e6__category_3_contains_muon.yml
--- OUTPUT_PREPARED: 1
--- LOGFILE: /project/def-nahee/kbas/Graphnet-Applications/Results/340StringMC/160_string_emax1e6/inference/category_3_contains_muon/baseline/inference/baseline_infer_340StringMC_160_string_emax1e6_category_3_contains_muon_baseline.out
--- INFERENCE_SCRIPT: /project/def-nahee/kbas/graphnet/examples/08_pone/inference_scripts/run_inference.py
INFO:    Using cached SIF image
WARNING: While bind mounting '/project:/project': destination is already in the mount point list
[1;34mgraphnet[0m [MainProcess] [33mWARNING [0m 2026-07-14 14:58:26 - <module> - `icecube` not available. Some functionality may be missing.[0m
[1;34mgraphnet[0m [MainProcess] [33mWARNING [0m 2026-07-14 14:58:27 - <module> - `km3net` not available. Some functionality may be missing.[0m
torchdiffeq not found - no support for continuous flows. Install *torchdiffeq* if support is desired!
Meander not installed... contours can not be calculated.
Healpy not installed... spherical contours can not be calculated.
package *astropy* not found -> if you want to use plotting functionality for adaptive grids, install *astropy*!
package *mhealpy* not found -> if you want to use plotting functionality for adaptive grids, install *mhealpy*!
Cannot use healpy functionality. Install healpy, if you need to do entropy scanning!
[1;34mgraphnet[0m [MainProcess] [33mWARNING [0m 2026-07-14 14:58:32 - <module> - `graphnet.models.graphs` will be depricated soon. All functionality has been moved to `graphnet.models.data_representation`.[0m
[Paths] mixed test inputs:
  Muon: /home/kbas/scratch/String340MC_pone_offline_version3_plus/Parquet/160_string/Muon_Parquet_Emax1e6/merged/test_reindexed
  Electron: /home/kbas/scratch/String340MC_pone_offline_version3_plus/Parquet/160_string/Electron_Parquet_Emax1e6/merged/test_reindexed
  Tau: /home/kbas/scratch/String340MC_pone_offline_version3_plus/Parquet/160_string/Tau_Parquet_Emax1e6/merged/test_reindexed
  NC: /home/kbas/scratch/String340MC_pone_offline_version3_plus/Parquet/160_string/NC_Parquet_Emax1e6/merged/test_reindexed
[Preflight] ready: 4 test paths, 2 route classes, 3 reconstruction targets

========== CONFIG ==========
classification:
  config: /project/def-nahee/kbas/graphnet/examples/08_pone/configs/classification/160_string_emax1e6__category_3_contains_muon.yml
  experiment_name: baseline
  positive_label: 1
  threshold: 0.5
data:
  features:
  - pmt_x
  - pmt_y
  - pmt_z
  - dom_time
  - charge
  percentiles_csv: null
  pulsemaps: features
  split: test
  truth_all:
  - event_no
  - RunID
  - SubrunID
  - EventID
  - SubEventID
  - category1_isMuonCC
  - category2_tauCC_others_muonCC
  - category_3_contains_muon
  - position_x
  - position_y
  - position_z
  - pid
  - is_CC
  - totalEnergy
  - zenith
  - azimuth
  - finalStateX
  - finalStateY
  - finalType1
  - finalType2
  - initialType
  - totalColumnDepth
  - impactParameter
  - fully_contained
  - starting_track
  - stopping_track
  - through_going
  - missed_track
  truth_table: truth
experiment_name: baseline
flavors:
- Muon
- Electron
- Tau
- NC
geometry: 160_string_emax1e6
inference:
  batch_size: 256
  multiprocessing_context: spawn
  num_workers: 8
  pin_memory: true
mc: 340StringMC
notebook:
  allow_failure: true
  command: jupyter
  enabled: true
  output_name: inference_report.ipynb
  template: /project/def-nahee/kbas/graphnet/examples/08_pone/inference_scripts/inference_report_template.ipynb
  timeout_seconds: 3600
output:
  dirs:
    inference: inference
  root_dir: /project/def-nahee/kbas/Graphnet-Applications/Results
reconstruction:
  config: /project/def-nahee/kbas/graphnet/examples/08_pone/configs/reconstruction/160_string_emax1e6__category_3_contains_muon.yml
  experiment_name: baseline
  targets:
  - energy
  - zenith
  - azimuth
routing:
  category: category_3_contains_muon
  classes:
  - 0
  - 1
run:
  existing_output: error
slurm:
  account: def-nahee
  cpus_per_task: 8
  exclude: fc10713
  gpus_per_node: nvidia_h100_80gb_hbm3_3g.40gb:1
  mem: 96G
  time: 08:00:00
task:
  mode: routed
  type: inference

============================

[Output] inference dir: /project/def-nahee/kbas/Graphnet-Applications/Results/340StringMC/160_string_emax1e6/inference/category_3_contains_muon/baseline/inference
[Paths] mixed test inputs:
  Muon: /home/kbas/scratch/String340MC_pone_offline_version3_plus/Parquet/160_string/Muon_Parquet_Emax1e6/merged/test_reindexed
  Electron: /home/kbas/scratch/String340MC_pone_offline_version3_plus/Parquet/160_string/Electron_Parquet_Emax1e6/merged/test_reindexed
  Tau: /home/kbas/scratch/String340MC_pone_offline_version3_plus/Parquet/160_string/Tau_Parquet_Emax1e6/merged/test_reindexed
  NC: /home/kbas/scratch/String340MC_pone_offline_version3_plus/Parquet/160_string/NC_Parquet_Emax1e6/merged/test_reindexed
[1;34mgraphnet[0m [MainProcess] [32mINFO    [0m 2026-07-14 14:58:32 - PONE.__init__ - Writing log to [1mlogs/graphnet_20260714-145832.log[0m
[Checkpoint] loaded classification: /project/def-nahee/kbas/Graphnet-Applications/Results/340StringMC/160_string_emax1e6/classification/category_3_contains_muon/baseline/train_and_val/best_model.pth
[1;34mgraphnet[0m [SpawnProcess-1] [33mWARNING [0m 2026-07-14 14:58:36 - <module> - `icecube` not available. Some functionality may be missing.[0m
[1;34mgraphnet[0m [SpawnProcess-1] [33mWARNING [0m 2026-07-14 14:58:36 - <module> - `km3net` not available. Some functionality may be missing.[0m
torchdiffeq not found - no support for continuous flows. Install *torchdiffeq* if support is desired!
Meander not installed... contours can not be calculated.
Healpy not installed... spherical contours can not be calculated.
package *astropy* not found -> if you want to use plotting functionality for adaptive grids, install *astropy*!
package *mhealpy* not found -> if you want to use plotting functionality for adaptive grids, install *mhealpy*!
Cannot use healpy functionality. Install healpy, if you need to do entropy scanning!
[1;34mgraphnet[0m [SpawnProcess-1] [33mWARNING [0m 2026-07-14 14:58:38 - <module> - `graphnet.models.graphs` will be depricated soon. All functionality has been moved to `graphnet.models.data_representation`.[0m
[1;34mgraphnet[0m [SpawnProcess-2] [33mWARNING [0m 2026-07-14 14:58:40 - <module> - `icecube` not available. Some functionality may be missing.[0m
[1;34mgraphnet[0m [SpawnProcess-2] [33mWARNING [0m 2026-07-14 14:58:40 - <module> - `km3net` not available. Some functionality may be missing.[0m
torchdiffeq not found - no support for continuous flows. Install *torchdiffeq* if support is desired!
Meander not installed... contours can not be calculated.
Healpy not installed... spherical contours can not be calculated.
package *astropy* not found -> if you want to use plotting functionality for adaptive grids, install *astropy*!
package *mhealpy* not found -> if you want to use plotting functionality for adaptive grids, install *mhealpy*!
Cannot use healpy functionality. Install healpy, if you need to do entropy scanning!
[1;34mgraphnet[0m [SpawnProcess-2] [33mWARNING [0m 2026-07-14 14:58:42 - <module> - `graphnet.models.graphs` will be depricated soon. All functionality has been moved to `graphnet.models.data_representation`.[0m
[1;34mgraphnet[0m [SpawnProcess-3] [33mWARNING [0m 2026-07-14 14:58:43 - <module> - `icecube` not available. Some functionality may be missing.[0m
[1;34mgraphnet[0m [SpawnProcess-3] [33mWARNING [0m 2026-07-14 14:58:44 - <module> - `km3net` not available. Some functionality may be missing.[0m
torchdiffeq not found - no support for continuous flows. Install *torchdiffeq* if support is desired!
Meander not installed... contours can not be calculated.
Healpy not installed... spherical contours can not be calculated.
package *astropy* not found -> if you want to use plotting functionality for adaptive grids, install *astropy*!
package *mhealpy* not found -> if you want to use plotting functionality for adaptive grids, install *mhealpy*!
Cannot use healpy functionality. Install healpy, if you need to do entropy scanning!
[1;34mgraphnet[0m [SpawnProcess-3] [33mWARNING [0m 2026-07-14 14:58:46 - <module> - `graphnet.models.graphs` will be depricated soon. All functionality has been moved to `graphnet.models.data_representation`.[0m
[1;34mgraphnet[0m [SpawnProcess-4] [33mWARNING [0m 2026-07-14 14:58:48 - <module> - `icecube` not available. Some functionality may be missing.[0m
[1;34mgraphnet[0m [SpawnProcess-4] [33mWARNING [0m 2026-07-14 14:58:48 - <module> - `km3net` not available. Some functionality may be missing.[0m
torchdiffeq not found - no support for continuous flows. Install *torchdiffeq* if support is desired!
Meander not installed... contours can not be calculated.
Healpy not installed... spherical contours can not be calculated.
package *astropy* not found -> if you want to use plotting functionality for adaptive grids, install *astropy*!
package *mhealpy* not found -> if you want to use plotting functionality for adaptive grids, install *mhealpy*!
Cannot use healpy functionality. Install healpy, if you need to do entropy scanning!
[1;34mgraphnet[0m [SpawnProcess-4] [33mWARNING [0m 2026-07-14 14:58:50 - <module> - `graphnet.models.graphs` will be depricated soon. All functionality has been moved to `graphnet.models.data_representation`.[0m
[1;34mgraphnet[0m [SpawnProcess-5] [33mWARNING [0m 2026-07-14 14:58:51 - <module> - `icecube` not available. Some functionality may be missing.[0m
[1;34mgraphnet[0m [SpawnProcess-5] [33mWARNING [0m 2026-07-14 14:58:52 - <module> - `km3net` not available. Some functionality may be missing.[0m
torchdiffeq not found - no support for continuous flows. Install *torchdiffeq* if support is desired!
Meander not installed... contours can not be calculated.
Healpy not installed... spherical contours can not be calculated.
package *astropy* not found -> if you want to use plotting functionality for adaptive grids, install *astropy*!
package *mhealpy* not found -> if you want to use plotting functionality for adaptive grids, install *mhealpy*!
Cannot use healpy functionality. Install healpy, if you need to do entropy scanning!
[1;34mgraphnet[0m [SpawnProcess-5] [33mWARNING [0m 2026-07-14 14:58:54 - <module> - `graphnet.models.graphs` will be depricated soon. All functionality has been moved to `graphnet.models.data_representation`.[0m
[1;34mgraphnet[0m [SpawnProcess-6] [33mWARNING [0m 2026-07-14 14:58:55 - <module> - `icecube` not available. Some functionality may be missing.[0m
[1;34mgraphnet[0m [SpawnProcess-6] [33mWARNING [0m 2026-07-14 14:58:56 - <module> - `km3net` not available. Some functionality may be missing.[0m
torchdiffeq not found - no support for continuous flows. Install *torchdiffeq* if support is desired!
Meander not installed... contours can not be calculated.
Healpy not installed... spherical contours can not be calculated.
package *astropy* not found -> if you want to use plotting functionality for adaptive grids, install *astropy*!
package *mhealpy* not found -> if you want to use plotting functionality for adaptive grids, install *mhealpy*!
Cannot use healpy functionality. Install healpy, if you need to do entropy scanning!
[1;34mgraphnet[0m [SpawnProcess-6] [33mWARNING [0m 2026-07-14 14:58:58 - <module> - `graphnet.models.graphs` will be depricated soon. All functionality has been moved to `graphnet.models.data_representation`.[0m
[1;34mgraphnet[0m [SpawnProcess-7] [33mWARNING [0m 2026-07-14 14:58:59 - <module> - `icecube` not available. Some functionality may be missing.[0m
[1;34mgraphnet[0m [SpawnProcess-7] [33mWARNING [0m 2026-07-14 14:58:59 - <module> - `km3net` not available. Some functionality may be missing.[0m
torchdiffeq not found - no support for continuous flows. Install *torchdiffeq* if support is desired!
Meander not installed... contours can not be calculated.
Healpy not installed... spherical contours can not be calculated.
package *astropy* not found -> if you want to use plotting functionality for adaptive grids, install *astropy*!
package *mhealpy* not found -> if you want to use plotting functionality for adaptive grids, install *mhealpy*!
Cannot use healpy functionality. Install healpy, if you need to do entropy scanning!
[1;34mgraphnet[0m [SpawnProcess-7] [33mWARNING [0m 2026-07-14 14:59:01 - <module> - `graphnet.models.graphs` will be depricated soon. All functionality has been moved to `graphnet.models.data_representation`.[0m
[1;34mgraphnet[0m [SpawnProcess-8] [33mWARNING [0m 2026-07-14 14:59:03 - <module> - `icecube` not available. Some functionality may be missing.[0m
[1;34mgraphnet[0m [SpawnProcess-8] [33mWARNING [0m 2026-07-14 14:59:03 - <module> - `km3net` not available. Some functionality may be missing.[0m
torchdiffeq not found - no support for continuous flows. Install *torchdiffeq* if support is desired!
Meander not installed... contours can not be calculated.
Healpy not installed... spherical contours can not be calculated.
package *astropy* not found -> if you want to use plotting functionality for adaptive grids, install *astropy*!
package *mhealpy* not found -> if you want to use plotting functionality for adaptive grids, install *mhealpy*!
Cannot use healpy functionality. Install healpy, if you need to do entropy scanning!
[1;34mgraphnet[0m [SpawnProcess-8] [33mWARNING [0m 2026-07-14 14:59:05 - <module> - `graphnet.models.graphs` will be depricated soon. All functionality has been moved to `graphnet.models.data_representation`.[0m
[Classification] rows=53435
[Reconstruction] class0: routed events=29990
[Checkpoint] loaded reconstruction class0 energy: /project/def-nahee/kbas/Graphnet-Applications/Results/340StringMC/160_string_emax1e6/reconstruction/category_3_contains_muon/class0/baseline/train_and_val/energy/best_model.pth
[1;34mgraphnet[0m [SpawnProcess-9] [33mWARNING [0m 2026-07-14 15:00:25 - <module> - `icecube` not available. Some functionality may be missing.[0m
[1;34mgraphnet[0m [SpawnProcess-9] [33mWARNING [0m 2026-07-14 15:00:25 - <module> - `km3net` not available. Some functionality may be missing.[0m
torchdiffeq not found - no support for continuous flows. Install *torchdiffeq* if support is desired!
Meander not installed... contours can not be calculated.
Healpy not installed... spherical contours can not be calculated.
package *astropy* not found -> if you want to use plotting functionality for adaptive grids, install *astropy*!
package *mhealpy* not found -> if you want to use plotting functionality for adaptive grids, install *mhealpy*!
Cannot use healpy functionality. Install healpy, if you need to do entropy scanning!
[1;34mgraphnet[0m [SpawnProcess-9] [33mWARNING [0m 2026-07-14 15:00:28 - <module> - `graphnet.models.graphs` will be depricated soon. All functionality has been moved to `graphnet.models.data_representation`.[0m
[1;34mgraphnet[0m [SpawnProcess-10] [33mWARNING [0m 2026-07-14 15:00:29 - <module> - `icecube` not available. Some functionality may be missing.[0m
[1;34mgraphnet[0m [SpawnProcess-10] [33mWARNING [0m 2026-07-14 15:00:29 - <module> - `km3net` not available. Some functionality may be missing.[0m
torchdiffeq not found - no support for continuous flows. Install *torchdiffeq* if support is desired!
Meander not installed... contours can not be calculated.
Healpy not installed... spherical contours can not be calculated.
package *astropy* not found -> if you want to use plotting functionality for adaptive grids, install *astropy*!
package *mhealpy* not found -> if you want to use plotting functionality for adaptive grids, install *mhealpy*!
Cannot use healpy functionality. Install healpy, if you need to do entropy scanning!
[1;34mgraphnet[0m [SpawnProcess-10] [33mWARNING [0m 2026-07-14 15:00:31 - <module> - `graphnet.models.graphs` will be depricated soon. All functionality has been moved to `graphnet.models.data_representation`.[0m
[1;34mgraphnet[0m [SpawnProcess-11] [33mWARNING [0m 2026-07-14 15:00:33 - <module> - `icecube` not available. Some functionality may be missing.[0m
[1;34mgraphnet[0m [SpawnProcess-11] [33mWARNING [0m 2026-07-14 15:00:33 - <module> - `km3net` not available. Some functionality may be missing.[0m
torchdiffeq not found - no support for continuous flows. Install *torchdiffeq* if support is desired!
Meander not installed... contours can not be calculated.
Healpy not installed... spherical contours can not be calculated.
package *astropy* not found -> if you want to use plotting functionality for adaptive grids, install *astropy*!
package *mhealpy* not found -> if you want to use plotting functionality for adaptive grids, install *mhealpy*!
Cannot use healpy functionality. Install healpy, if you need to do entropy scanning!
[1;34mgraphnet[0m [SpawnProcess-11] [33mWARNING [0m 2026-07-14 15:00:35 - <module> - `graphnet.models.graphs` will be depricated soon. All functionality has been moved to `graphnet.models.data_representation`.[0m
[1;34mgraphnet[0m [SpawnProcess-12] [33mWARNING [0m 2026-07-14 15:00:36 - <module> - `icecube` not available. Some functionality may be missing.[0m
[1;34mgraphnet[0m [SpawnProcess-12] [33mWARNING [0m 2026-07-14 15:00:37 - <module> - `km3net` not available. Some functionality may be missing.[0m
torchdiffeq not found - no support for continuous flows. Install *torchdiffeq* if support is desired!
Meander not installed... contours can not be calculated.
Healpy not installed... spherical contours can not be calculated.
package *astropy* not found -> if you want to use plotting functionality for adaptive grids, install *astropy*!
package *mhealpy* not found -> if you want to use plotting functionality for adaptive grids, install *mhealpy*!
Cannot use healpy functionality. Install healpy, if you need to do entropy scanning!
[1;34mgraphnet[0m [SpawnProcess-12] [33mWARNING [0m 2026-07-14 15:00:39 - <module> - `graphnet.models.graphs` will be depricated soon. All functionality has been moved to `graphnet.models.data_representation`.[0m
[1;34mgraphnet[0m [SpawnProcess-13] [33mWARNING [0m 2026-07-14 15:00:40 - <module> - `icecube` not available. Some functionality may be missing.[0m
[1;34mgraphnet[0m [SpawnProcess-13] [33mWARNING [0m 2026-07-14 15:00:40 - <module> - `km3net` not available. Some functionality may be missing.[0m
torchdiffeq not found - no support for continuous flows. Install *torchdiffeq* if support is desired!
Meander not installed... contours can not be calculated.
Healpy not installed... spherical contours can not be calculated.
package *astropy* not found -> if you want to use plotting functionality for adaptive grids, install *astropy*!
package *mhealpy* not found -> if you want to use plotting functionality for adaptive grids, install *mhealpy*!
Cannot use healpy functionality. Install healpy, if you need to do entropy scanning!
[1;34mgraphnet[0m [SpawnProcess-13] [33mWARNING [0m 2026-07-14 15:00:42 - <module> - `graphnet.models.graphs` will be depricated soon. All functionality has been moved to `graphnet.models.data_representation`.[0m
[1;34mgraphnet[0m [SpawnProcess-14] [33mWARNING [0m 2026-07-14 15:00:44 - <module> - `icecube` not available. Some functionality may be missing.[0m
[1;34mgraphnet[0m [SpawnProcess-14] [33mWARNING [0m 2026-07-14 15:00:44 - <module> - `km3net` not available. Some functionality may be missing.[0m
torchdiffeq not found - no support for continuous flows. Install *torchdiffeq* if support is desired!
Meander not installed... contours can not be calculated.
Healpy not installed... spherical contours can not be calculated.
package *astropy* not found -> if you want to use plotting functionality for adaptive grids, install *astropy*!
package *mhealpy* not found -> if you want to use plotting functionality for adaptive grids, install *mhealpy*!
Cannot use healpy functionality. Install healpy, if you need to do entropy scanning!
[1;34mgraphnet[0m [SpawnProcess-14] [33mWARNING [0m 2026-07-14 15:00:46 - <module> - `graphnet.models.graphs` will be depricated soon. All functionality has been moved to `graphnet.models.data_representation`.[0m
[1;34mgraphnet[0m [SpawnProcess-15] [33mWARNING [0m 2026-07-14 15:00:48 - <module> - `icecube` not available. Some functionality may be missing.[0m
[1;34mgraphnet[0m [SpawnProcess-15] [33mWARNING [0m 2026-07-14 15:00:48 - <module> - `km3net` not available. Some functionality may be missing.[0m
torchdiffeq not found - no support for continuous flows. Install *torchdiffeq* if support is desired!
Meander not installed... contours can not be calculated.
Healpy not installed... spherical contours can not be calculated.
package *astropy* not found -> if you want to use plotting functionality for adaptive grids, install *astropy*!
package *mhealpy* not found -> if you want to use plotting functionality for adaptive grids, install *mhealpy*!
Cannot use healpy functionality. Install healpy, if you need to do entropy scanning!
[1;34mgraphnet[0m [SpawnProcess-15] [33mWARNING [0m 2026-07-14 15:00:50 - <module> - `graphnet.models.graphs` will be depricated soon. All functionality has been moved to `graphnet.models.data_representation`.[0m
[1;34mgraphnet[0m [SpawnProcess-16] [33mWARNING [0m 2026-07-14 15:00:52 - <module> - `icecube` not available. Some functionality may be missing.[0m
[1;34mgraphnet[0m [SpawnProcess-16] [33mWARNING [0m 2026-07-14 15:00:52 - <module> - `km3net` not available. Some functionality may be missing.[0m
torchdiffeq not found - no support for continuous flows. Install *torchdiffeq* if support is desired!
Meander not installed... contours can not be calculated.
Healpy not installed... spherical contours can not be calculated.
package *astropy* not found -> if you want to use plotting functionality for adaptive grids, install *astropy*!
package *mhealpy* not found -> if you want to use plotting functionality for adaptive grids, install *mhealpy*!
Cannot use healpy functionality. Install healpy, if you need to do entropy scanning!
[1;34mgraphnet[0m [SpawnProcess-16] [33mWARNING [0m 2026-07-14 15:00:54 - <module> - `graphnet.models.graphs` will be depricated soon. All functionality has been moved to `graphnet.models.data_representation`.[0m
/project/def-nahee/kbas/graphnet/examples/08_pone/inference_scripts/run_inference.py:359: RuntimeWarning: overflow encountered in power
  "pred_energy": np.power(10.0, pred_log10),
/project/def-nahee/kbas/graphnet/examples/08_pone/inference_scripts/run_inference.py:359: RuntimeWarning: overflow encountered in power
  "pred_energy": np.power(10.0, pred_log10),
/project/def-nahee/kbas/graphnet/examples/08_pone/inference_scripts/run_inference.py:359: RuntimeWarning: overflow encountered in power
  "pred_energy": np.power(10.0, pred_log10),
/project/def-nahee/kbas/graphnet/examples/08_pone/inference_scripts/run_inference.py:359: RuntimeWarning: overflow encountered in power
  "pred_energy": np.power(10.0, pred_log10),
/project/def-nahee/kbas/graphnet/examples/08_pone/inference_scripts/run_inference.py:359: RuntimeWarning: overflow encountered in power
  "pred_energy": np.power(10.0, pred_log10),
/project/def-nahee/kbas/graphnet/examples/08_pone/inference_scripts/run_inference.py:359: RuntimeWarning: overflow encountered in power
  "pred_energy": np.power(10.0, pred_log10),
/project/def-nahee/kbas/graphnet/examples/08_pone/inference_scripts/run_inference.py:359: RuntimeWarning: overflow encountered in power
  "pred_energy": np.power(10.0, pred_log10),
/project/def-nahee/kbas/graphnet/examples/08_pone/inference_scripts/run_inference.py:359: RuntimeWarning: overflow encountered in power
  "pred_energy": np.power(10.0, pred_log10),
/project/def-nahee/kbas/graphnet/examples/08_pone/inference_scripts/run_inference.py:359: RuntimeWarning: overflow encountered in power
  "pred_energy": np.power(10.0, pred_log10),
/project/def-nahee/kbas/graphnet/examples/08_pone/inference_scripts/run_inference.py:359: RuntimeWarning: overflow encountered in power
  "pred_energy": np.power(10.0, pred_log10),
/project/def-nahee/kbas/graphnet/examples/08_pone/inference_scripts/run_inference.py:359: RuntimeWarning: overflow encountered in power
  "pred_energy": np.power(10.0, pred_log10),
/project/def-nahee/kbas/graphnet/examples/08_pone/inference_scripts/run_inference.py:359: RuntimeWarning: overflow encountered in power
  "pred_energy": np.power(10.0, pred_log10),
/project/def-nahee/kbas/graphnet/examples/08_pone/inference_scripts/run_inference.py:359: RuntimeWarning: overflow encountered in power
  "pred_energy": np.power(10.0, pred_log10),
/project/def-nahee/kbas/graphnet/examples/08_pone/inference_scripts/run_inference.py:359: RuntimeWarning: overflow encountered in power
  "pred_energy": np.power(10.0, pred_log10),
/project/def-nahee/kbas/graphnet/examples/08_pone/inference_scripts/run_inference.py:359: RuntimeWarning: overflow encountered in power
  "pred_energy": np.power(10.0, pred_log10),
/project/def-nahee/kbas/graphnet/examples/08_pone/inference_scripts/run_inference.py:359: RuntimeWarning: overflow encountered in power
  "pred_energy": np.power(10.0, pred_log10),
/project/def-nahee/kbas/graphnet/examples/08_pone/inference_scripts/run_inference.py:359: RuntimeWarning: overflow encountered in power
  "pred_energy": np.power(10.0, pred_log10),
/project/def-nahee/kbas/graphnet/examples/08_pone/inference_scripts/run_inference.py:359: RuntimeWarning: overflow encountered in power
  "pred_energy": np.power(10.0, pred_log10),
/project/def-nahee/kbas/graphnet/examples/08_pone/inference_scripts/run_inference.py:359: RuntimeWarning: overflow encountered in power
  "pred_energy": np.power(10.0, pred_log10),
/project/def-nahee/kbas/graphnet/examples/08_pone/inference_scripts/run_inference.py:359: RuntimeWarning: overflow encountered in power
  "pred_energy": np.power(10.0, pred_log10),
/project/def-nahee/kbas/graphnet/examples/08_pone/inference_scripts/run_inference.py:359: RuntimeWarning: overflow encountered in power
  "pred_energy": np.power(10.0, pred_log10),
/project/def-nahee/kbas/graphnet/examples/08_pone/inference_scripts/run_inference.py:359: RuntimeWarning: overflow encountered in power
  "pred_energy": np.power(10.0, pred_log10),
/project/def-nahee/kbas/graphnet/examples/08_pone/inference_scripts/run_inference.py:359: RuntimeWarning: overflow encountered in power
  "pred_energy": np.power(10.0, pred_log10),
/project/def-nahee/kbas/graphnet/examples/08_pone/inference_scripts/run_inference.py:359: RuntimeWarning: overflow encountered in power
  "pred_energy": np.power(10.0, pred_log10),
/project/def-nahee/kbas/graphnet/examples/08_pone/inference_scripts/run_inference.py:359: RuntimeWarning: overflow encountered in power
  "pred_energy": np.power(10.0, pred_log10),
/project/def-nahee/kbas/graphnet/examples/08_pone/inference_scripts/run_inference.py:359: RuntimeWarning: overflow encountered in power
  "pred_energy": np.power(10.0, pred_log10),
/project/def-nahee/kbas/graphnet/examples/08_pone/inference_scripts/run_inference.py:359: RuntimeWarning: overflow encountered in power
  "pred_energy": np.power(10.0, pred_log10),
/project/def-nahee/kbas/graphnet/examples/08_pone/inference_scripts/run_inference.py:359: RuntimeWarning: overflow encountered in power
  "pred_energy": np.power(10.0, pred_log10),
/project/def-nahee/kbas/graphnet/examples/08_pone/inference_scripts/run_inference.py:359: RuntimeWarning: overflow encountered in power
  "pred_energy": np.power(10.0, pred_log10),
/project/def-nahee/kbas/graphnet/examples/08_pone/inference_scripts/run_inference.py:359: RuntimeWarning: overflow encountered in power
  "pred_energy": np.power(10.0, pred_log10),
/project/def-nahee/kbas/graphnet/examples/08_pone/inference_scripts/run_inference.py:359: RuntimeWarning: overflow encountered in power
  "pred_energy": np.power(10.0, pred_log10),
/project/def-nahee/kbas/graphnet/examples/08_pone/inference_scripts/run_inference.py:359: RuntimeWarning: overflow encountered in power
  "pred_energy": np.power(10.0, pred_log10),
/project/def-nahee/kbas/graphnet/examples/08_pone/inference_scripts/run_inference.py:359: RuntimeWarning: overflow encountered in power
  "pred_energy": np.power(10.0, pred_log10),
/project/def-nahee/kbas/graphnet/examples/08_pone/inference_scripts/run_inference.py:359: RuntimeWarning: overflow encountered in power
  "pred_energy": np.power(10.0, pred_log10),
/project/def-nahee/kbas/graphnet/examples/08_pone/inference_scripts/run_inference.py:359: RuntimeWarning: overflow encountered in power
  "pred_energy": np.power(10.0, pred_log10),
/project/def-nahee/kbas/graphnet/examples/08_pone/inference_scripts/run_inference.py:359: RuntimeWarning: overflow encountered in power
  "pred_energy": np.power(10.0, pred_log10),
/project/def-nahee/kbas/graphnet/examples/08_pone/inference_scripts/run_inference.py:359: RuntimeWarning: overflow encountered in power
  "pred_energy": np.power(10.0, pred_log10),
/project/def-nahee/kbas/graphnet/examples/08_pone/inference_scripts/run_inference.py:359: RuntimeWarning: overflow encountered in power
  "pred_energy": np.power(10.0, pred_log10),
/project/def-nahee/kbas/graphnet/examples/08_pone/inference_scripts/run_inference.py:359: RuntimeWarning: overflow encountered in power
  "pred_energy": np.power(10.0, pred_log10),
/project/def-nahee/kbas/graphnet/examples/08_pone/inference_scripts/run_inference.py:359: RuntimeWarning: overflow encountered in power
  "pred_energy": np.power(10.0, pred_log10),
/project/def-nahee/kbas/graphnet/examples/08_pone/inference_scripts/run_inference.py:359: RuntimeWarning: overflow encountered in power
  "pred_energy": np.power(10.0, pred_log10),
/project/def-nahee/kbas/graphnet/examples/08_pone/inference_scripts/run_inference.py:359: RuntimeWarning: overflow encountered in power
  "pred_energy": np.power(10.0, pred_log10),
/project/def-nahee/kbas/graphnet/examples/08_pone/inference_scripts/run_inference.py:359: RuntimeWarning: overflow encountered in power
  "pred_energy": np.power(10.0, pred_log10),
/project/def-nahee/kbas/graphnet/examples/08_pone/inference_scripts/run_inference.py:359: RuntimeWarning: overflow encountered in power
  "pred_energy": np.power(10.0, pred_log10),
/project/def-nahee/kbas/graphnet/examples/08_pone/inference_scripts/run_inference.py:359: RuntimeWarning: overflow encountered in power
  "pred_energy": np.power(10.0, pred_log10),
/project/def-nahee/kbas/graphnet/examples/08_pone/inference_scripts/run_inference.py:359: RuntimeWarning: overflow encountered in power
  "pred_energy": np.power(10.0, pred_log10),
/project/def-nahee/kbas/graphnet/examples/08_pone/inference_scripts/run_inference.py:359: RuntimeWarning: overflow encountered in power
  "pred_energy": np.power(10.0, pred_log10),
/project/def-nahee/kbas/graphnet/examples/08_pone/inference_scripts/run_inference.py:359: RuntimeWarning: overflow encountered in power
  "pred_energy": np.power(10.0, pred_log10),
/project/def-nahee/kbas/graphnet/examples/08_pone/inference_scripts/run_inference.py:359: RuntimeWarning: overflow encountered in power
  "pred_energy": np.power(10.0, pred_log10),
/project/def-nahee/kbas/graphnet/examples/08_pone/inference_scripts/run_inference.py:359: RuntimeWarning: overflow encountered in power
  "pred_energy": np.power(10.0, pred_log10),
/project/def-nahee/kbas/graphnet/examples/08_pone/inference_scripts/run_inference.py:359: RuntimeWarning: overflow encountered in power
  "pred_energy": np.power(10.0, pred_log10),
/project/def-nahee/kbas/graphnet/examples/08_pone/inference_scripts/run_inference.py:359: RuntimeWarning: overflow encountered in power
  "pred_energy": np.power(10.0, pred_log10),
/project/def-nahee/kbas/graphnet/examples/08_pone/inference_scripts/run_inference.py:359: RuntimeWarning: overflow encountered in power
  "pred_energy": np.power(10.0, pred_log10),
/project/def-nahee/kbas/graphnet/examples/08_pone/inference_scripts/run_inference.py:359: RuntimeWarning: overflow encountered in power
  "pred_energy": np.power(10.0, pred_log10),
/project/def-nahee/kbas/graphnet/examples/08_pone/inference_scripts/run_inference.py:359: RuntimeWarning: overflow encountered in power
  "pred_energy": np.power(10.0, pred_log10),
/project/def-nahee/kbas/graphnet/examples/08_pone/inference_scripts/run_inference.py:359: RuntimeWarning: overflow encountered in power
  "pred_energy": np.power(10.0, pred_log10),
/project/def-nahee/kbas/graphnet/examples/08_pone/inference_scripts/run_inference.py:359: RuntimeWarning: overflow encountered in power
  "pred_energy": np.power(10.0, pred_log10),
/project/def-nahee/kbas/graphnet/examples/08_pone/inference_scripts/run_inference.py:359: RuntimeWarning: overflow encountered in power
  "pred_energy": np.power(10.0, pred_log10),
/project/def-nahee/kbas/graphnet/examples/08_pone/inference_scripts/run_inference.py:359: RuntimeWarning: overflow encountered in power
  "pred_energy": np.power(10.0, pred_log10),
/project/def-nahee/kbas/graphnet/examples/08_pone/inference_scripts/run_inference.py:359: RuntimeWarning: overflow encountered in power
  "pred_energy": np.power(10.0, pred_log10),
/project/def-nahee/kbas/graphnet/examples/08_pone/inference_scripts/run_inference.py:359: RuntimeWarning: overflow encountered in power
  "pred_energy": np.power(10.0, pred_log10),
/project/def-nahee/kbas/graphnet/examples/08_pone/inference_scripts/run_inference.py:359: RuntimeWarning: overflow encountered in power
  "pred_energy": np.power(10.0, pred_log10),
/project/def-nahee/kbas/graphnet/examples/08_pone/inference_scripts/run_inference.py:359: RuntimeWarning: overflow encountered in power
  "pred_energy": np.power(10.0, pred_log10),
/project/def-nahee/kbas/graphnet/examples/08_pone/inference_scripts/run_inference.py:359: RuntimeWarning: overflow encountered in power
  "pred_energy": np.power(10.0, pred_log10),
/project/def-nahee/kbas/graphnet/examples/08_pone/inference_scripts/run_inference.py:359: RuntimeWarning: overflow encountered in power
  "pred_energy": np.power(10.0, pred_log10),
/project/def-nahee/kbas/graphnet/examples/08_pone/inference_scripts/run_inference.py:359: RuntimeWarning: overflow encountered in power
  "pred_energy": np.power(10.0, pred_log10),
/project/def-nahee/kbas/graphnet/examples/08_pone/inference_scripts/run_inference.py:359: RuntimeWarning: overflow encountered in power
  "pred_energy": np.power(10.0, pred_log10),
/project/def-nahee/kbas/graphnet/examples/08_pone/inference_scripts/run_inference.py:359: RuntimeWarning: overflow encountered in power
  "pred_energy": np.power(10.0, pred_log10),
/project/def-nahee/kbas/graphnet/examples/08_pone/inference_scripts/run_inference.py:359: RuntimeWarning: overflow encountered in power
  "pred_energy": np.power(10.0, pred_log10),
/project/def-nahee/kbas/graphnet/examples/08_pone/inference_scripts/run_inference.py:359: RuntimeWarning: overflow encountered in power
  "pred_energy": np.power(10.0, pred_log10),
/project/def-nahee/kbas/graphnet/examples/08_pone/inference_scripts/run_inference.py:359: RuntimeWarning: overflow encountered in power
  "pred_energy": np.power(10.0, pred_log10),
/project/def-nahee/kbas/graphnet/examples/08_pone/inference_scripts/run_inference.py:359: RuntimeWarning: overflow encountered in power
  "pred_energy": np.power(10.0, pred_log10),
/project/def-nahee/kbas/graphnet/examples/08_pone/inference_scripts/run_inference.py:359: RuntimeWarning: overflow encountered in power
  "pred_energy": np.power(10.0, pred_log10),
/project/def-nahee/kbas/graphnet/examples/08_pone/inference_scripts/run_inference.py:359: RuntimeWarning: overflow encountered in power
  "pred_energy": np.power(10.0, pred_log10),
/project/def-nahee/kbas/graphnet/examples/08_pone/inference_scripts/run_inference.py:359: RuntimeWarning: overflow encountered in power
  "pred_energy": np.power(10.0, pred_log10),
/project/def-nahee/kbas/graphnet/examples/08_pone/inference_scripts/run_inference.py:359: RuntimeWarning: overflow encountered in power
  "pred_energy": np.power(10.0, pred_log10),
/project/def-nahee/kbas/graphnet/examples/08_pone/inference_scripts/run_inference.py:359: RuntimeWarning: overflow encountered in power
  "pred_energy": np.power(10.0, pred_log10),
/project/def-nahee/kbas/graphnet/examples/08_pone/inference_scripts/run_inference.py:359: RuntimeWarning: overflow encountered in power
  "pred_energy": np.power(10.0, pred_log10),
/project/def-nahee/kbas/graphnet/examples/08_pone/inference_scripts/run_inference.py:359: RuntimeWarning: overflow encountered in power
  "pred_energy": np.power(10.0, pred_log10),
/project/def-nahee/kbas/graphnet/examples/08_pone/inference_scripts/run_inference.py:359: RuntimeWarning: overflow encountered in power
  "pred_energy": np.power(10.0, pred_log10),
/project/def-nahee/kbas/graphnet/examples/08_pone/inference_scripts/run_inference.py:359: RuntimeWarning: overflow encountered in power
  "pred_energy": np.power(10.0, pred_log10),
/project/def-nahee/kbas/graphnet/examples/08_pone/inference_scripts/run_inference.py:359: RuntimeWarning: overflow encountered in power
  "pred_energy": np.power(10.0, pred_log10),
/project/def-nahee/kbas/graphnet/examples/08_pone/inference_scripts/run_inference.py:359: RuntimeWarning: overflow encountered in power
  "pred_energy": np.power(10.0, pred_log10),
/project/def-nahee/kbas/graphnet/examples/08_pone/inference_scripts/run_inference.py:359: RuntimeWarning: overflow encountered in power
  "pred_energy": np.power(10.0, pred_log10),
/project/def-nahee/kbas/graphnet/examples/08_pone/inference_scripts/run_inference.py:359: RuntimeWarning: overflow encountered in power
  "pred_energy": np.power(10.0, pred_log10),
/project/def-nahee/kbas/graphnet/examples/08_pone/inference_scripts/run_inference.py:359: RuntimeWarning: overflow encountered in power
  "pred_energy": np.power(10.0, pred_log10),
/project/def-nahee/kbas/graphnet/examples/08_pone/inference_scripts/run_inference.py:359: RuntimeWarning: overflow encountered in power
  "pred_energy": np.power(10.0, pred_log10),
/project/def-nahee/kbas/graphnet/examples/08_pone/inference_scripts/run_inference.py:359: RuntimeWarning: overflow encountered in power
  "pred_energy": np.power(10.0, pred_log10),
/project/def-nahee/kbas/graphnet/examples/08_pone/inference_scripts/run_inference.py:359: RuntimeWarning: overflow encountered in power
  "pred_energy": np.power(10.0, pred_log10),
/project/def-nahee/kbas/graphnet/examples/08_pone/inference_scripts/run_inference.py:359: RuntimeWarning: overflow encountered in power
  "pred_energy": np.power(10.0, pred_log10),
/project/def-nahee/kbas/graphnet/examples/08_pone/inference_scripts/run_inference.py:359: RuntimeWarning: overflow encountered in power
  "pred_energy": np.power(10.0, pred_log10),
/project/def-nahee/kbas/graphnet/examples/08_pone/inference_scripts/run_inference.py:359: RuntimeWarning: overflow encountered in power
  "pred_energy": np.power(10.0, pred_log10),
/project/def-nahee/kbas/graphnet/examples/08_pone/inference_scripts/run_inference.py:359: RuntimeWarning: overflow encountered in power
  "pred_energy": np.power(10.0, pred_log10),
/project/def-nahee/kbas/graphnet/examples/08_pone/inference_scripts/run_inference.py:359: RuntimeWarning: overflow encountered in power
  "pred_energy": np.power(10.0, pred_log10),
/project/def-nahee/kbas/graphnet/examples/08_pone/inference_scripts/run_inference.py:359: RuntimeWarning: overflow encountered in power
  "pred_energy": np.power(10.0, pred_log10),
/project/def-nahee/kbas/graphnet/examples/08_pone/inference_scripts/run_inference.py:359: RuntimeWarning: overflow encountered in power
  "pred_energy": np.power(10.0, pred_log10),
/project/def-nahee/kbas/graphnet/examples/08_pone/inference_scripts/run_inference.py:359: RuntimeWarning: overflow encountered in power
  "pred_energy": np.power(10.0, pred_log10),
/project/def-nahee/kbas/graphnet/examples/08_pone/inference_scripts/run_inference.py:359: RuntimeWarning: overflow encountered in power
  "pred_energy": np.power(10.0, pred_log10),
/project/def-nahee/kbas/graphnet/examples/08_pone/inference_scripts/run_inference.py:359: RuntimeWarning: overflow encountered in power
  "pred_energy": np.power(10.0, pred_log10),
/project/def-nahee/kbas/graphnet/examples/08_pone/inference_scripts/run_inference.py:359: RuntimeWarning: overflow encountered in power
  "pred_energy": np.power(10.0, pred_log10),
/project/def-nahee/kbas/graphnet/examples/08_pone/inference_scripts/run_inference.py:359: RuntimeWarning: overflow encountered in power
  "pred_energy": np.power(10.0, pred_log10),
/project/def-nahee/kbas/graphnet/examples/08_pone/inference_scripts/run_inference.py:359: RuntimeWarning: overflow encountered in power
  "pred_energy": np.power(10.0, pred_log10),
/project/def-nahee/kbas/graphnet/examples/08_pone/inference_scripts/run_inference.py:359: RuntimeWarning: overflow encountered in power
  "pred_energy": np.power(10.0, pred_log10),
[Reconstruction] class0 energy: rows=29990
[Checkpoint] loaded reconstruction class0 zenith: /project/def-nahee/kbas/Graphnet-Applications/Results/340StringMC/160_string_emax1e6/reconstruction/category_3_contains_muon/class0/baseline/train_and_val/zenith/best_model.pth
[Reconstruction] class0 zenith: rows=29990
[Checkpoint] loaded reconstruction class0 azimuth: /project/def-nahee/kbas/Graphnet-Applications/Results/340StringMC/160_string_emax1e6/reconstruction/category_3_contains_muon/class0/baseline/train_and_val/azimuth/best_model.pth
[Reconstruction] class0 azimuth: rows=29990
[Reconstruction] class1: routed events=23445
[Checkpoint] loaded reconstruction class1 energy: /project/def-nahee/kbas/Graphnet-Applications/Results/340StringMC/160_string_emax1e6/reconstruction/category_3_contains_muon/class1/baseline/train_and_val/energy/best_model.pth
[1;34mgraphnet[0m [SpawnProcess-17] [33mWARNING [0m 2026-07-14 15:03:20 - <module> - `icecube` not available. Some functionality may be missing.[0m
[1;34mgraphnet[0m [SpawnProcess-17] [33mWARNING [0m 2026-07-14 15:03:21 - <module> - `km3net` not available. Some functionality may be missing.[0m
torchdiffeq not found - no support for continuous flows. Install *torchdiffeq* if support is desired!
Meander not installed... contours can not be calculated.
Healpy not installed... spherical contours can not be calculated.
package *astropy* not found -> if you want to use plotting functionality for adaptive grids, install *astropy*!
package *mhealpy* not found -> if you want to use plotting functionality for adaptive grids, install *mhealpy*!
Cannot use healpy functionality. Install healpy, if you need to do entropy scanning!
[1;34mgraphnet[0m [SpawnProcess-17] [33mWARNING [0m 2026-07-14 15:03:23 - <module> - `graphnet.models.graphs` will be depricated soon. All functionality has been moved to `graphnet.models.data_representation`.[0m
[1;34mgraphnet[0m [SpawnProcess-18] [33mWARNING [0m 2026-07-14 15:03:25 - <module> - `icecube` not available. Some functionality may be missing.[0m
[1;34mgraphnet[0m [SpawnProcess-18] [33mWARNING [0m 2026-07-14 15:03:25 - <module> - `km3net` not available. Some functionality may be missing.[0m
torchdiffeq not found - no support for continuous flows. Install *torchdiffeq* if support is desired!
Meander not installed... contours can not be calculated.
Healpy not installed... spherical contours can not be calculated.
package *astropy* not found -> if you want to use plotting functionality for adaptive grids, install *astropy*!
package *mhealpy* not found -> if you want to use plotting functionality for adaptive grids, install *mhealpy*!
Cannot use healpy functionality. Install healpy, if you need to do entropy scanning!
[1;34mgraphnet[0m [SpawnProcess-18] [33mWARNING [0m 2026-07-14 15:03:27 - <module> - `graphnet.models.graphs` will be depricated soon. All functionality has been moved to `graphnet.models.data_representation`.[0m
[1;34mgraphnet[0m [SpawnProcess-19] [33mWARNING [0m 2026-07-14 15:03:29 - <module> - `icecube` not available. Some functionality may be missing.[0m
[1;34mgraphnet[0m [SpawnProcess-19] [33mWARNING [0m 2026-07-14 15:03:29 - <module> - `km3net` not available. Some functionality may be missing.[0m
torchdiffeq not found - no support for continuous flows. Install *torchdiffeq* if support is desired!
Meander not installed... contours can not be calculated.
Healpy not installed... spherical contours can not be calculated.
package *astropy* not found -> if you want to use plotting functionality for adaptive grids, install *astropy*!
package *mhealpy* not found -> if you want to use plotting functionality for adaptive grids, install *mhealpy*!
Cannot use healpy functionality. Install healpy, if you need to do entropy scanning!
[1;34mgraphnet[0m [SpawnProcess-19] [33mWARNING [0m 2026-07-14 15:03:31 - <module> - `graphnet.models.graphs` will be depricated soon. All functionality has been moved to `graphnet.models.data_representation`.[0m
[1;34mgraphnet[0m [SpawnProcess-20] [33mWARNING [0m 2026-07-14 15:03:32 - <module> - `icecube` not available. Some functionality may be missing.[0m
[1;34mgraphnet[0m [SpawnProcess-20] [33mWARNING [0m 2026-07-14 15:03:33 - <module> - `km3net` not available. Some functionality may be missing.[0m
torchdiffeq not found - no support for continuous flows. Install *torchdiffeq* if support is desired!
Meander not installed... contours can not be calculated.
Healpy not installed... spherical contours can not be calculated.
package *astropy* not found -> if you want to use plotting functionality for adaptive grids, install *astropy*!
package *mhealpy* not found -> if you want to use plotting functionality for adaptive grids, install *mhealpy*!
Cannot use healpy functionality. Install healpy, if you need to do entropy scanning!
[1;34mgraphnet[0m [SpawnProcess-20] [33mWARNING [0m 2026-07-14 15:03:35 - <module> - `graphnet.models.graphs` will be depricated soon. All functionality has been moved to `graphnet.models.data_representation`.[0m
[1;34mgraphnet[0m [SpawnProcess-21] [33mWARNING [0m 2026-07-14 15:03:36 - <module> - `icecube` not available. Some functionality may be missing.[0m
[1;34mgraphnet[0m [SpawnProcess-21] [33mWARNING [0m 2026-07-14 15:03:36 - <module> - `km3net` not available. Some functionality may be missing.[0m
torchdiffeq not found - no support for continuous flows. Install *torchdiffeq* if support is desired!
Meander not installed... contours can not be calculated.
Healpy not installed... spherical contours can not be calculated.
package *astropy* not found -> if you want to use plotting functionality for adaptive grids, install *astropy*!
package *mhealpy* not found -> if you want to use plotting functionality for adaptive grids, install *mhealpy*!
Cannot use healpy functionality. Install healpy, if you need to do entropy scanning!
[1;34mgraphnet[0m [SpawnProcess-21] [33mWARNING [0m 2026-07-14 15:03:38 - <module> - `graphnet.models.graphs` will be depricated soon. All functionality has been moved to `graphnet.models.data_representation`.[0m
[1;34mgraphnet[0m [SpawnProcess-22] [33mWARNING [0m 2026-07-14 15:03:40 - <module> - `icecube` not available. Some functionality may be missing.[0m
[1;34mgraphnet[0m [SpawnProcess-22] [33mWARNING [0m 2026-07-14 15:03:40 - <module> - `km3net` not available. Some functionality may be missing.[0m
torchdiffeq not found - no support for continuous flows. Install *torchdiffeq* if support is desired!
Meander not installed... contours can not be calculated.
Healpy not installed... spherical contours can not be calculated.
package *astropy* not found -> if you want to use plotting functionality for adaptive grids, install *astropy*!
package *mhealpy* not found -> if you want to use plotting functionality for adaptive grids, install *mhealpy*!
Cannot use healpy functionality. Install healpy, if you need to do entropy scanning!
[1;34mgraphnet[0m [SpawnProcess-22] [33mWARNING [0m 2026-07-14 15:03:42 - <module> - `graphnet.models.graphs` will be depricated soon. All functionality has been moved to `graphnet.models.data_representation`.[0m
[1;34mgraphnet[0m [SpawnProcess-23] [33mWARNING [0m 2026-07-14 15:03:44 - <module> - `icecube` not available. Some functionality may be missing.[0m
[1;34mgraphnet[0m [SpawnProcess-23] [33mWARNING [0m 2026-07-14 15:03:44 - <module> - `km3net` not available. Some functionality may be missing.[0m
torchdiffeq not found - no support for continuous flows. Install *torchdiffeq* if support is desired!
Meander not installed... contours can not be calculated.
Healpy not installed... spherical contours can not be calculated.
package *astropy* not found -> if you want to use plotting functionality for adaptive grids, install *astropy*!
package *mhealpy* not found -> if you want to use plotting functionality for adaptive grids, install *mhealpy*!
Cannot use healpy functionality. Install healpy, if you need to do entropy scanning!
[1;34mgraphnet[0m [SpawnProcess-23] [33mWARNING [0m 2026-07-14 15:03:46 - <module> - `graphnet.models.graphs` will be depricated soon. All functionality has been moved to `graphnet.models.data_representation`.[0m
[1;34mgraphnet[0m [SpawnProcess-24] [33mWARNING [0m 2026-07-14 15:03:47 - <module> - `icecube` not available. Some functionality may be missing.[0m
[1;34mgraphnet[0m [SpawnProcess-24] [33mWARNING [0m 2026-07-14 15:03:48 - <module> - `km3net` not available. Some functionality may be missing.[0m
torchdiffeq not found - no support for continuous flows. Install *torchdiffeq* if support is desired!
Meander not installed... contours can not be calculated.
Healpy not installed... spherical contours can not be calculated.
package *astropy* not found -> if you want to use plotting functionality for adaptive grids, install *astropy*!
package *mhealpy* not found -> if you want to use plotting functionality for adaptive grids, install *mhealpy*!
Cannot use healpy functionality. Install healpy, if you need to do entropy scanning!
[1;34mgraphnet[0m [SpawnProcess-24] [33mWARNING [0m 2026-07-14 15:03:50 - <module> - `graphnet.models.graphs` will be depricated soon. All functionality has been moved to `graphnet.models.data_representation`.[0m
[Reconstruction] class1 energy: rows=23445
[Checkpoint] loaded reconstruction class1 zenith: /project/def-nahee/kbas/Graphnet-Applications/Results/340StringMC/160_string_emax1e6/reconstruction/category_3_contains_muon/class1/baseline/train_and_val/zenith/best_model.pth
[Reconstruction] class1 zenith: rows=23445
[Checkpoint] loaded reconstruction class1 azimuth: /project/def-nahee/kbas/Graphnet-Applications/Results/340StringMC/160_string_emax1e6/reconstruction/category_3_contains_muon/class1/baseline/train_and_val/azimuth/best_model.pth
[Reconstruction] class1 azimuth: rows=23445
[Output] wrote /project/def-nahee/kbas/Graphnet-Applications/Results/340StringMC/160_string_emax1e6/inference/category_3_contains_muon/baseline/inference/inference_predictions.csv
[Notebook] executing report: /project/def-nahee/kbas/Graphnet-Applications/Results/340StringMC/160_string_emax1e6/inference/category_3_contains_muon/baseline/inference/inference_report.ipynb
[Notebook] nbconvert failed: [Errno 2] No such file or directory: 'jupyter'
[Notebook] falling back to in-process notebook execution
[Notebook] executed report with fallback: /project/def-nahee/kbas/Graphnet-Applications/Results/340StringMC/160_string_emax1e6/inference/category_3_contains_muon/baseline/inference/inference_report.ipynb
--- run_inference finished (rc=0)
